#
# A fatal error has been detected by the Java Runtime Environment:
#
#  EXCEPTION_ACCESS_VIOLATION (0xc0000005) at pc=0x00007ffa98ac1973, pid=6396, tid=10684
#
# JRE version: OpenJDK Runtime Environment (11.0.2+9) (build 11.0.2+9)
# Java VM: OpenJDK 64-Bit Server VM (11.0.2+9, mixed mode, tiered, compressed oops, g1 gc, windows-amd64)
# Problematic frame:
# C  [ig9icd64.dll+0x9c1973]
#
# No core dump will be written. Minidumps are not enabled by default on client versions of Windows
#
# If you would like to submit a bug report, please visit:
#   http://bugreport.java.com/bugreport/crash.jsp
# The crash happened outside the Java Virtual Machine in native code.
# See problematic frame for where to report the bug.
#

---------------  S U M M A R Y ------------

Command Line: -ea -javaagent:D:\IntelliJ IDEA Community Edition 2022.1.2\lib\idea_rt.jar=56835:D:\IntelliJ IDEA Community Edition 2022.1.2\bin -Dfile.encoding=UTF-8 net.runelite.client.RuneLite --developer-mode --debug

Host: Intel(R) Core(TM) i5-10200H CPU @ 2.40GHz, 8 cores, 15G,  Windows 10 , 64 bit Build 19041 (10.0.19041.1889)
Time: Fri Sep 30 15:38:14 2022 West-Europa (zomertijd) elapsed time: 185 seconds (0d 0h 3m 5s)

---------------  T H R E A D  ---------------

Current thread (0x0000029c5b733000):  JavaThread "Client" daemon [_thread_in_native, id=10684, stack(0x000000a5bd400000,0x000000a5bd500000)]

Stack: [0x000000a5bd400000,0x000000a5bd500000],  sp=0x000000a5bd4fe708,  free space=1017k
Native frames: (J=compiled Java code, j=interpreted, Vv=VM code, C=native code)
C  [ig9icd64.dll+0x9c1973]

Java frames: (J=compiled Java code, j=interpreted, Vv=VM code)
J 9104  net.runelite.rlawt.AWTContext.swapBuffers()V (0 bytes) @ 0x0000029c425c700b [0x0000029c425c6fc0+0x000000000000004b]
J 14166 c2 net.runelite.client.plugins.gpu.GpuPlugin.draw(I)V (1388 bytes) @ 0x0000029c42cccc48 [0x0000029c42ccadc0+0x0000000000001e88]
J 14158 c2 ai.w(Ljava/lang/Object;I)V (92 bytes) @ 0x0000029c42cc7b6c [0x0000029c42cc7ae0+0x000000000000008c]
j  ai.run()V+379
j  java.lang.Thread.run()V+11 java.base@11.0.2
v  ~StubRoutines::call_stub

siginfo: EXCEPTION_ACCESS_VIOLATION (0xc0000005), reading address 0x00007ffdd8cd5e20


Register to memory mapping:

RIP=0x00007ffa98ac1973 ig9icd64.dll
RAX=0x000000000fff0fff is an unknown value
RBX=0x00007ffa98100000 ig9icd64.dll
RCX=0x000000033fcf3fcc is an unknown value
RDX=0x000000a5bd4fec20 is pointing into the stack for thread: 0x0000029c5b733000
RSP=0x000000a5bd4fe708 is pointing into the stack for thread: 0x0000029c5b733000
RBP=0x000000a5bd4fe810 is pointing into the stack for thread: 0x0000029c5b733000
RSI=0x0000029c617ba040 points into unknown readable memory: 40 51 6e 5f 9c 02 00 00
RDI=0x000000a5bd4fea10 is pointing into the stack for thread: 0x0000029c5b733000
R8 =0x000000a5bd4fe840 is pointing into the stack for thread: 0x0000029c5b733000
R9 =0x000000a5bd4fec20 is pointing into the stack for thread: 0x0000029c5b733000
R10=0x000000a5bd4fea10 is pointing into the stack for thread: 0x0000029c5b733000
R11=0x0 is NULL
R12=0x00007ffa98f262f0 ig9icd64.dll
R13=0x0 is NULL
R14=0x0 is NULL
R15=0x00000000000001c1 is an unknown value


Registers:
RAX=0x000000000fff0fff, RBX=0x00007ffa98100000, RCX=0x000000033fcf3fcc, RDX=0x000000a5bd4fec20
RSP=0x000000a5bd4fe708, RBP=0x000000a5bd4fe810, RSI=0x0000029c617ba040, RDI=0x000000a5bd4fea10
R8 =0x000000a5bd4fe840, R9 =0x000000a5bd4fec20, R10=0x000000a5bd4fea10, R11=0x0000000000000000
R12=0x00007ffa98f262f0, R13=0x0000000000000000, R14=0x0000000000000000, R15=0x00000000000001c1
RIP=0x00007ffa98ac1973, EFLAGS=0x0000000000010206

Top of Stack: (sp=0x000000a5bd4fe708)
0x000000a5bd4fe708:   00007ffa98abf0ab 0000000000000001
0x000000a5bd4fe718:   0000000000000000 0000029c5cefcf00
0x000000a5bd4fe728:   00007ffb3bed2572 000000a500000065
0x000000a5bd4fe738:   000000a5bd4fe940 0000000000000000
0x000000a5bd4fe748:   0000029c5cedb030 0000000000000000
0x000000a5bd4fe758:   0000029c61dbccf0 0000029c5cefcf30
0x000000a5bd4fe768:   0000000000000fb0 0000000000000000
0x000000a5bd4fe778:   0000000000000000 000000a5bd4fe8f0
0x000000a5bd4fe788:   00007ffa98756bb0 0000000000000000
0x000000a5bd4fe798:   0000000000000000 0000000000000000
0x000000a5bd4fe7a8:   0000000000000000 0000be518bfc3d19
0x000000a5bd4fe7b8:   00007ffa98116145 0000000000000000
0x000000a5bd4fe7c8:   0000000000004001 0000000000000300
0x000000a5bd4fe7d8:   00007ffb4a87b86b 0000000000620146
0x000000a5bd4fe7e8:   000000000000009d 0000029c5cc7e970
0x000000a5bd4fe7f8:   00007ffb4a85a46c 000000000000558f 

Instructions: (pc=0x00007ffa98ac1973)
0x00007ffa98ac1953:   40 44 8b 84 19 3c 1e ee 00 41 89 40 48 8b 84 19
0x00007ffa98ac1963:   40 1e ee 00 41 89 40 4c 49 63 42 78 48 6b c8 34
0x00007ffa98ac1973:   8b 84 19 54 1e ee 00 41 89 40 50 8b 84 19 58 1e
0x00007ffa98ac1983:   ee 00 41 89 40 54 8b 84 19 5c 1e ee 00 41 89 40 


Stack slot to memory mapping:
stack at sp + 0 slots: 0x00007ffa98abf0ab ig9icd64.dll
stack at sp + 1 slots: 0x0000000000000001 is an unknown value
stack at sp + 2 slots: 0x0 is NULL
stack at sp + 3 slots: 0x0000029c5cefcf00 points into unknown readable memory: 00 00 00 00 00 00 00 00
stack at sp + 4 slots: 0x00007ffb3bed2572 points into unknown readable memory: 8b c8 33 d2 8b 43
stack at sp + 5 slots: 0x000000a500000065 is an unknown value
stack at sp + 6 slots: 0x000000a5bd4fe940 is pointing into the stack for thread: 0x0000029c5b733000
stack at sp + 7 slots: 0x0 is NULL


---------------  P R O C E S S  ---------------

Threads class SMR info:
_java_thread_list=0x0000029c61eb8ea0, length=35, elements={
0x0000029c56a73000, 0x0000029c56a7c000, 0x0000029c561e9000, 0x0000029c56ae1800,
0x0000029c56ae6800, 0x0000029c56aeb000, 0x0000029c56a98000, 0x0000029c56c53000,
0x0000029c570d9000, 0x0000029c570da000, 0x0000029c57e48800, 0x0000029c576b6000,
0x0000029c57dc5000, 0x0000029c57e8a800, 0x0000029c58063800, 0x0000029c584ea800,
0x0000029c584e7000, 0x0000029c584e8000, 0x0000029c584e8800, 0x0000029c584ed000,
0x0000029c5b733000, 0x0000029c5b734000, 0x0000029c5b739000, 0x0000029c5b739800,
0x0000029c5b735800, 0x0000029c5b73a800, 0x0000029c5b741000, 0x0000029c5b73e000,
0x0000029c5b73f800, 0x0000029c5b73e800, 0x0000029c5b73c000, 0x0000029c5b740800,
0x0000029c584ec000, 0x0000029c56d8e000, 0x0000029c56d99800
}

Java Threads: ( => current thread )
  0x0000029c56a73000 JavaThread "Reference Handler" daemon [_thread_blocked, id=14348, stack(0x000000a5baf00000,0x000000a5bb000000)]
  0x0000029c56a7c000 JavaThread "Finalizer" daemon [_thread_blocked, id=10232, stack(0x000000a5bb000000,0x000000a5bb100000)]
  0x0000029c561e9000 JavaThread "Signal Dispatcher" daemon [_thread_blocked, id=6272, stack(0x000000a5bb100000,0x000000a5bb200000)]
  0x0000029c56ae1800 JavaThread "Attach Listener" daemon [_thread_blocked, id=14672, stack(0x000000a5bb200000,0x000000a5bb300000)]
  0x0000029c56ae6800 JavaThread "C2 CompilerThread0" daemon [_thread_blocked, id=19404, stack(0x000000a5bb300000,0x000000a5bb400000)]
  0x0000029c56aeb000 JavaThread "C1 CompilerThread0" daemon [_thread_blocked, id=12876, stack(0x000000a5bb400000,0x000000a5bb500000)]
  0x0000029c56a98000 JavaThread "Sweeper thread" daemon [_thread_blocked, id=10756, stack(0x000000a5bb500000,0x000000a5bb600000)]
  0x0000029c56c53000 JavaThread "Common-Cleaner" daemon [_thread_blocked, id=13232, stack(0x000000a5bb600000,0x000000a5bb700000)]
  0x0000029c570d9000 JavaThread "Monitor Ctrl-Break" daemon [_thread_in_native, id=2988, stack(0x000000a5bb700000,0x000000a5bb800000)]
  0x0000029c570da000 JavaThread "Service Thread" daemon [_thread_blocked, id=16700, stack(0x000000a5bb800000,0x000000a5bb900000)]
  0x0000029c57e48800 JavaThread "Java2D Disposer" daemon [_thread_blocked, id=1556, stack(0x000000a5bc000000,0x000000a5bc100000)]
  0x0000029c576b6000 JavaThread "AWT-Shutdown" [_thread_blocked, id=9304, stack(0x000000a5bc100000,0x000000a5bc200000)]
  0x0000029c57dc5000 JavaThread "AWT-Windows" daemon [_thread_in_native, id=11204, stack(0x000000a5bc200000,0x000000a5bc300000)]
  0x0000029c57e8a800 JavaThread "AWT-EventQueue-0" [_thread_blocked, id=12028, stack(0x000000a5bc300000,0x000000a5bc400000)]
  0x0000029c58063800 JavaThread "TimerQueue" daemon [_thread_blocked, id=7264, stack(0x000000a5bc500000,0x000000a5bc600000)]
  0x0000029c584ea800 JavaThread "OkHttp static.runelite.net Writer" [_thread_blocked, id=16100, stack(0x000000a5bcb00000,0x000000a5bcc00000)]
  0x0000029c584e7000 JavaThread "OkHttp static.runelite.net" [_thread_in_native, id=11604, stack(0x000000a5bcc00000,0x000000a5bcd00000)]
  0x0000029c584e8000 JavaThread "OkHttp ConnectionPool" daemon [_thread_blocked, id=1320, stack(0x000000a5bcd00000,0x000000a5bce00000)]
  0x0000029c584e8800 JavaThread "pool-2-thread-1" [_thread_blocked, id=4648, stack(0x000000a5bd100000,0x000000a5bd200000)]
  0x0000029c584ed000 JavaThread "Thread-1" daemon [_thread_blocked, id=17120, stack(0x000000a5bc800000,0x000000a5bc900000)]
=>0x0000029c5b733000 JavaThread "Client" daemon [_thread_in_native, id=10684, stack(0x000000a5bd400000,0x000000a5bd500000)]
  0x0000029c5b734000 JavaThread "Thread-3" daemon [_thread_blocked, id=19304, stack(0x000000a5bd500000,0x000000a5bd600000)]
  0x0000029c5b739000 JavaThread "Thread-5" daemon [_thread_blocked, id=11692, stack(0x000000a5bd700000,0x000000a5bd800000)]
  0x0000029c5b739800 JavaThread "Java Sound Event Dispatcher" daemon [_thread_blocked, id=17916, stack(0x000000a5bdb00000,0x000000a5bdc00000)]
  0x0000029c5b735800 JavaThread "pool-5-thread-1" [_thread_blocked, id=2160, stack(0x000000a5bdf00000,0x000000a5be000000)]
  0x0000029c5b73a800 JavaThread "Thread-7" daemon [_thread_blocked, id=3804, stack(0x000000a5be200000,0x000000a5be300000)]
  0x0000029c5b741000 JavaThread "Substance heap status" daemon [_thread_blocked, id=14300, stack(0x000000a5be400000,0x000000a5be500000)]
  0x0000029c5b73e000 JavaThread "Trident callback thread" daemon [_thread_blocked, id=16688, stack(0x000000a5be600000,0x000000a5be700000)]
  0x0000029c5b73f800 JavaThread "Trident pulse source thread" daemon [_thread_blocked, id=4704, stack(0x000000a5be700000,0x000000a5be800000)]
  0x0000029c5b73e800 JavaThread "pool-8-thread-1" [_thread_blocked, id=4376, stack(0x000000a5beb00000,0x000000a5bec00000)]
  0x0000029c5b73c000 JavaThread "DestroyJavaVM" [_thread_blocked, id=5964, stack(0x000000a5ba800000,0x000000a5ba900000)]
  0x0000029c5b740800 JavaThread "Thread-11" daemon [_thread_in_native, id=17476, stack(0x000000a5bba00000,0x000000a5bbb00000)]
  0x0000029c584ec000 JavaThread "Thread-12" daemon [_thread_blocked, id=15556, stack(0x000000a5bd200000,0x000000a5bd300000)]
  0x0000029c56d8e000 JavaThread "SIGINT handler" daemon [_thread_blocked, id=9132, stack(0x000000a5ba600000,0x000000a5ba700000)]
  0x0000029c56d99800 JavaThread "ToolkitShutdown" daemon [_thread_in_native, id=14144, stack(0x000000a5bce00000,0x000000a5bcf00000)]

Other Threads:
  0x0000029c561bd000 VMThread "VM Thread" [stack: 0x000000a5bae00000,0x000000a5baf00000] [id=8156]
  0x0000029c570df000 WatcherThread [stack: 0x000000a5bb900000,0x000000a5bba00000] [id=13744]
  0x0000029c32162000 GCTaskThread "GC Thread#0" [stack: 0x000000a5ba900000,0x000000a5baa00000] [id=13476]
  0x0000029c5770d800 GCTaskThread "GC Thread#1" [stack: 0x000000a5bbb00000,0x000000a5bbc00000] [id=14140]
  0x0000029c5770e800 GCTaskThread "GC Thread#2" [stack: 0x000000a5bbc00000,0x000000a5bbd00000] [id=13364]
  0x0000029c57cf7800 GCTaskThread "GC Thread#3" [stack: 0x000000a5bbd00000,0x000000a5bbe00000] [id=11288]
  0x0000029c57cf8000 GCTaskThread "GC Thread#4" [stack: 0x000000a5bbe00000,0x000000a5bbf00000] [id=3012]
  0x0000029c57ce9800 GCTaskThread "GC Thread#5" [stack: 0x000000a5bbf00000,0x000000a5bc000000] [id=9404]
  0x0000029c581d5800 GCTaskThread "GC Thread#6" [stack: 0x000000a5bc600000,0x000000a5bc700000] [id=2796]
  0x0000029c581d6800 GCTaskThread "GC Thread#7" [stack: 0x000000a5bd000000,0x000000a5bd100000] [id=4528]
  0x0000029c321c2000 ConcurrentGCThread "G1 Main Marker" [stack: 0x000000a5baa00000,0x000000a5bab00000] [id=2708]
  0x0000029c321c4000 ConcurrentGCThread "G1 Conc#0" [stack: 0x000000a5bab00000,0x000000a5bac00000] [id=2752]
  0x0000029c580d6800 ConcurrentGCThread "G1 Conc#1" [stack: 0x000000a5bc400000,0x000000a5bc500000] [id=3020]
  0x0000029c560a2800 ConcurrentGCThread "G1 Refine#0" [stack: 0x000000a5bac00000,0x000000a5bad00000] [id=3916]
  0x0000029c5bd26800 ConcurrentGCThread "G1 Refine#1" [stack: 0x000000a5be800000,0x000000a5be900000] [id=18544]
  0x0000029c5bd27800 ConcurrentGCThread "G1 Refine#2" [stack: 0x000000a5be900000,0x000000a5bea00000] [id=11416]
  0x0000029c57dfc800 ConcurrentGCThread "G1 Refine#3" [stack: 0x000000a5bea00000,0x000000a5beb00000] [id=2376]
  0x0000029c560a5000 ConcurrentGCThread "G1 Young RemSet Sampling" [stack: 0x000000a5bad00000,0x000000a5bae00000] [id=9668]

Threads with active compile tasks:

VM state:not at safepoint (normal execution)

VM Mutex/Monitor currently owned by a thread: None

Heap address: 0x0000000702c00000, size: 4052 MB, Compressed Oops mode: Zero based, Oop shift amount: 3
Narrow klass base: 0x0000000800000000, Narrow klass shift: 0
Compressed class space size: 1073741824 Address: 0x0000000800000000

Heap:
 garbage-first heap   total 312320K, used 154684K [0x0000000702c00000, 0x0000000800000000)
  region size 1024K, 25 young (25600K), 4 survivors (4096K)
 Metaspace       used 83737K, capacity 86826K, committed 86936K, reserved 1126400K
  class space    used 9171K, capacity 10469K, committed 10496K, reserved 1048576K
Heap Regions: E=young(eden), S=young(survivor), O=old, HS=humongous(starts), HC=humongous(continues), CS=collection set, F=free, A=archive, TAMS=top-at-mark-start (previous, next)
|   0|0x0000000702c00000, 0x0000000702d00000, 0x0000000702d00000|100%| O|  |TAMS 0x0000000702d00000, 0x0000000702c00000| Untracked 
|   1|0x0000000702d00000, 0x0000000702e00000, 0x0000000702e00000|100%| O|  |TAMS 0x0000000702e00000, 0x0000000702d00000| Untracked 
|   2|0x0000000702e00000, 0x0000000702f00000, 0x0000000702f00000|100%| O|  |TAMS 0x0000000702f00000, 0x0000000702e00000| Untracked 
|   3|0x0000000702f00000, 0x0000000703000000, 0x0000000703000000|100%| O|  |TAMS 0x0000000703000000, 0x0000000702f00000| Untracked 
|   4|0x0000000703000000, 0x0000000703100000, 0x0000000703100000|100%| O|  |TAMS 0x0000000703100000, 0x0000000703000000| Untracked 
|   5|0x0000000703100000, 0x0000000703200000, 0x0000000703200000|100%| O|  |TAMS 0x0000000703200000, 0x0000000703100000| Untracked 
|   6|0x0000000703200000, 0x0000000703300000, 0x0000000703300000|100%| O|  |TAMS 0x0000000703300000, 0x0000000703200000| Untracked 
|   7|0x0000000703300000, 0x0000000703300000, 0x0000000703400000|  0%| F|  |TAMS 0x0000000703300000, 0x0000000703300000| Untracked 
|   8|0x0000000703400000, 0x0000000703500000, 0x0000000703500000|100%| O|  |TAMS 0x0000000703500000, 0x0000000703400000| Untracked 
|   9|0x0000000703500000, 0x0000000703600000, 0x0000000703600000|100%| O|  |TAMS 0x0000000703600000, 0x0000000703500000| Untracked 
|  10|0x0000000703600000, 0x0000000703700000, 0x0000000703700000|100%|HS|  |TAMS 0x0000000703700000, 0x0000000703600000| Complete 
|  11|0x0000000703700000, 0x0000000703800000, 0x0000000703800000|100%|HC|  |TAMS 0x0000000703800000, 0x0000000703700000| Complete 
|  12|0x0000000703800000, 0x0000000703800000, 0x0000000703900000|  0%| F|  |TAMS 0x0000000703800000, 0x0000000703800000| Untracked 
|  13|0x0000000703900000, 0x0000000703900000, 0x0000000703a00000|  0%| F|  |TAMS 0x0000000703900000, 0x0000000703900000| Untracked 
|  14|0x0000000703a00000, 0x0000000703b00000, 0x0000000703b00000|100%| O|  |TAMS 0x0000000703b00000, 0x0000000703a00000| Untracked 
|  15|0x0000000703b00000, 0x0000000703c00000, 0x0000000703c00000|100%| O|  |TAMS 0x0000000703c00000, 0x0000000703b00000| Untracked 
|  16|0x0000000703c00000, 0x0000000703d00000, 0x0000000703d00000|100%| O|  |TAMS 0x0000000703d00000, 0x0000000703c00000| Untracked 
|  17|0x0000000703d00000, 0x0000000703e00000, 0x0000000703e00000|100%| O|  |TAMS 0x0000000703e00000, 0x0000000703d00000| Untracked 
|  18|0x0000000703e00000, 0x0000000703f00000, 0x0000000703f00000|100%| O|  |TAMS 0x0000000703f00000, 0x0000000703e00000| Untracked 
|  19|0x0000000703f00000, 0x0000000704000000, 0x0000000704000000|100%| O|  |TAMS 0x0000000704000000, 0x0000000703f00000| Untracked 
|  20|0x0000000704000000, 0x0000000704100000, 0x0000000704100000|100%| O|  |TAMS 0x0000000704100000, 0x0000000704000000| Untracked 
|  21|0x0000000704100000, 0x0000000704200000, 0x0000000704200000|100%| O|  |TAMS 0x0000000704200000, 0x0000000704100000| Untracked 
|  22|0x0000000704200000, 0x0000000704300000, 0x0000000704300000|100%| O|  |TAMS 0x0000000704300000, 0x0000000704200000| Untracked 
|  23|0x0000000704300000, 0x0000000704300000, 0x0000000704400000|  0%| F|  |TAMS 0x0000000704300000, 0x0000000704300000| Untracked 
|  24|0x0000000704400000, 0x0000000704500000, 0x0000000704500000|100%|HS|  |TAMS 0x0000000704500000, 0x0000000704400000| Complete 
|  25|0x0000000704500000, 0x0000000704600000, 0x0000000704600000|100%| O|  |TAMS 0x0000000704600000, 0x0000000704500000| Untracked 
|  26|0x0000000704600000, 0x0000000704700000, 0x0000000704700000|100%| O|  |TAMS 0x0000000704700000, 0x0000000704600000| Untracked 
|  27|0x0000000704700000, 0x0000000704800000, 0x0000000704800000|100%| O|  |TAMS 0x0000000704800000, 0x0000000704700000| Untracked 
|  28|0x0000000704800000, 0x0000000704900000, 0x0000000704900000|100%| O|  |TAMS 0x0000000704900000, 0x0000000704800000| Untracked 
|  29|0x0000000704900000, 0x0000000704a00000, 0x0000000704a00000|100%| O|  |TAMS 0x0000000704a00000, 0x0000000704900000| Untracked 
|  30|0x0000000704a00000, 0x0000000704b00000, 0x0000000704b00000|100%| O|  |TAMS 0x0000000704b00000, 0x0000000704a00000| Untracked 
|  31|0x0000000704b00000, 0x0000000704c00000, 0x0000000704c00000|100%| O|  |TAMS 0x0000000704c00000, 0x0000000704b00000| Untracked 
|  32|0x0000000704c00000, 0x0000000704d00000, 0x0000000704d00000|100%| O|  |TAMS 0x0000000704d00000, 0x0000000704c00000| Untracked 
|  33|0x0000000704d00000, 0x0000000704e00000, 0x0000000704e00000|100%| O|  |TAMS 0x0000000704e00000, 0x0000000704d00000| Untracked 
|  34|0x0000000704e00000, 0x0000000704f00000, 0x0000000704f00000|100%| O|  |TAMS 0x0000000704f00000, 0x0000000704e00000| Untracked 
|  35|0x0000000704f00000, 0x0000000705000000, 0x0000000705000000|100%| O|  |TAMS 0x0000000705000000, 0x0000000704f00000| Untracked 
|  36|0x0000000705000000, 0x0000000705100000, 0x0000000705100000|100%| O|  |TAMS 0x0000000705100000, 0x0000000705000000| Untracked 
|  37|0x0000000705100000, 0x0000000705200000, 0x0000000705200000|100%| O|  |TAMS 0x0000000705200000, 0x0000000705100000| Untracked 
|  38|0x0000000705200000, 0x0000000705300000, 0x0000000705300000|100%| O|  |TAMS 0x0000000705300000, 0x0000000705200000| Untracked 
|  39|0x0000000705300000, 0x0000000705400000, 0x0000000705400000|100%| O|  |TAMS 0x0000000705400000, 0x0000000705300000| Untracked 
|  40|0x0000000705400000, 0x0000000705500000, 0x0000000705500000|100%| O|  |TAMS 0x0000000705500000, 0x0000000705400000| Untracked 
|  41|0x0000000705500000, 0x0000000705600000, 0x0000000705600000|100%| O|  |TAMS 0x0000000705600000, 0x0000000705500000| Untracked 
|  42|0x0000000705600000, 0x0000000705700000, 0x0000000705700000|100%| O|  |TAMS 0x0000000705700000, 0x0000000705600000| Untracked 
|  43|0x0000000705700000, 0x0000000705800000, 0x0000000705800000|100%| O|  |TAMS 0x0000000705800000, 0x0000000705700000| Untracked 
|  44|0x0000000705800000, 0x0000000705900000, 0x0000000705900000|100%| O|  |TAMS 0x0000000705900000, 0x0000000705800000| Untracked 
|  45|0x0000000705900000, 0x0000000705a00000, 0x0000000705a00000|100%| O|  |TAMS 0x0000000705a00000, 0x0000000705900000| Untracked 
|  46|0x0000000705a00000, 0x0000000705b00000, 0x0000000705b00000|100%| O|  |TAMS 0x0000000705b00000, 0x0000000705a00000| Untracked 
|  47|0x0000000705b00000, 0x0000000705c00000, 0x0000000705c00000|100%| O|  |TAMS 0x0000000705c00000, 0x0000000705b00000| Untracked 
|  48|0x0000000705c00000, 0x0000000705d00000, 0x0000000705d00000|100%| O|  |TAMS 0x0000000705d00000, 0x0000000705c00000| Untracked 
|  49|0x0000000705d00000, 0x0000000705e00000, 0x0000000705e00000|100%| O|  |TAMS 0x0000000705e00000, 0x0000000705d00000| Untracked 
|  50|0x0000000705e00000, 0x0000000705f00000, 0x0000000705f00000|100%| O|  |TAMS 0x0000000705f00000, 0x0000000705e00000| Untracked 
|  51|0x0000000705f00000, 0x0000000706000000, 0x0000000706000000|100%| O|  |TAMS 0x0000000706000000, 0x0000000705f00000| Untracked 
|  52|0x0000000706000000, 0x0000000706100000, 0x0000000706100000|100%|HS|  |TAMS 0x0000000706100000, 0x0000000706000000| Complete 
|  53|0x0000000706100000, 0x0000000706200000, 0x0000000706200000|100%|HC|  |TAMS 0x0000000706200000, 0x0000000706100000| Complete 
|  54|0x0000000706200000, 0x0000000706300000, 0x0000000706300000|100%| O|  |TAMS 0x0000000706300000, 0x0000000706200000| Untracked 
|  55|0x0000000706300000, 0x0000000706400000, 0x0000000706400000|100%| O|  |TAMS 0x0000000706400000, 0x0000000706300000| Untracked 
|  56|0x0000000706400000, 0x0000000706500000, 0x0000000706500000|100%| O|  |TAMS 0x0000000706500000, 0x0000000706400000| Untracked 
|  57|0x0000000706500000, 0x0000000706600000, 0x0000000706600000|100%| O|  |TAMS 0x0000000706600000, 0x0000000706500000| Untracked 
|  58|0x0000000706600000, 0x0000000706700000, 0x0000000706700000|100%| O|  |TAMS 0x0000000706700000, 0x0000000706600000| Untracked 
|  59|0x0000000706700000, 0x0000000706800000, 0x0000000706800000|100%| O|  |TAMS 0x0000000706800000, 0x0000000706700000| Untracked 
|  60|0x0000000706800000, 0x0000000706900000, 0x0000000706900000|100%| O|  |TAMS 0x0000000706900000, 0x0000000706800000| Untracked 
|  61|0x0000000706900000, 0x0000000706a00000, 0x0000000706a00000|100%| O|  |TAMS 0x0000000706a00000, 0x0000000706900000| Untracked 
|  62|0x0000000706a00000, 0x0000000706b00000, 0x0000000706b00000|100%| O|  |TAMS 0x0000000706b00000, 0x0000000706a00000| Untracked 
|  63|0x0000000706b00000, 0x0000000706c00000, 0x0000000706c00000|100%| O|  |TAMS 0x0000000706c00000, 0x0000000706b00000| Untracked 
|  64|0x0000000706c00000, 0x0000000706d00000, 0x0000000706d00000|100%| O|  |TAMS 0x0000000706d00000, 0x0000000706c00000| Untracked 
|  65|0x0000000706d00000, 0x0000000706e00000, 0x0000000706e00000|100%| O|  |TAMS 0x0000000706e00000, 0x0000000706d00000| Untracked 
|  66|0x0000000706e00000, 0x0000000706f00000, 0x0000000706f00000|100%| O|  |TAMS 0x0000000706f00000, 0x0000000706e00000| Untracked 
|  67|0x0000000706f00000, 0x0000000707000000, 0x0000000707000000|100%| O|  |TAMS 0x0000000707000000, 0x0000000706f00000| Untracked 
|  68|0x0000000707000000, 0x0000000707100000, 0x0000000707100000|100%| O|  |TAMS 0x0000000707100000, 0x0000000707000000| Untracked 
|  69|0x0000000707100000, 0x0000000707200000, 0x0000000707200000|100%| O|  |TAMS 0x0000000707200000, 0x0000000707100000| Untracked 
|  70|0x0000000707200000, 0x0000000707300000, 0x0000000707300000|100%|HS|  |TAMS 0x0000000707300000, 0x0000000707200000| Complete 
|  71|0x0000000707300000, 0x0000000707400000, 0x0000000707400000|100%|HC|  |TAMS 0x0000000707400000, 0x0000000707300000| Complete 
|  72|0x0000000707400000, 0x0000000707500000, 0x0000000707500000|100%|HC|  |TAMS 0x0000000707500000, 0x0000000707400000| Complete 
|  73|0x0000000707500000, 0x0000000707600000, 0x0000000707600000|100%|HC|  |TAMS 0x0000000707600000, 0x0000000707500000| Complete 
|  74|0x0000000707600000, 0x0000000707700000, 0x0000000707700000|100%|HC|  |TAMS 0x0000000707700000, 0x0000000707600000| Complete 
|  75|0x0000000707700000, 0x0000000707800000, 0x0000000707800000|100%|HC|  |TAMS 0x0000000707800000, 0x0000000707700000| Complete 
|  76|0x0000000707800000, 0x0000000707900000, 0x0000000707900000|100%|HC|  |TAMS 0x0000000707900000, 0x0000000707800000| Complete 
|  77|0x0000000707900000, 0x0000000707a00000, 0x0000000707a00000|100%|HC|  |TAMS 0x0000000707a00000, 0x0000000707900000| Complete 
|  78|0x0000000707a00000, 0x0000000707b00000, 0x0000000707b00000|100%| O|  |TAMS 0x0000000707b00000, 0x0000000707a00000| Untracked 
|  79|0x0000000707b00000, 0x0000000707c00000, 0x0000000707c00000|100%| O|  |TAMS 0x0000000707c00000, 0x0000000707b00000| Untracked 
|  80|0x0000000707c00000, 0x0000000707d00000, 0x0000000707d00000|100%| O|  |TAMS 0x0000000707d00000, 0x0000000707c00000| Untracked 
|  81|0x0000000707d00000, 0x0000000707e00000, 0x0000000707e00000|100%| O|  |TAMS 0x0000000707e00000, 0x0000000707d00000| Untracked 
|  82|0x0000000707e00000, 0x0000000707f00000, 0x0000000707f00000|100%| O|  |TAMS 0x0000000707f00000, 0x0000000707e00000| Untracked 
|  83|0x0000000707f00000, 0x0000000708000000, 0x0000000708000000|100%| O|  |TAMS 0x0000000708000000, 0x0000000707f00000| Untracked 
|  84|0x0000000708000000, 0x0000000708100000, 0x0000000708100000|100%| O|  |TAMS 0x0000000708100000, 0x0000000708000000| Untracked 
|  85|0x0000000708100000, 0x0000000708200000, 0x0000000708200000|100%| O|  |TAMS 0x0000000708200000, 0x0000000708100000| Untracked 
|  86|0x0000000708200000, 0x0000000708300000, 0x0000000708300000|100%| O|  |TAMS 0x0000000708300000, 0x0000000708200000| Untracked 
|  87|0x0000000708300000, 0x0000000708400000, 0x0000000708400000|100%| O|  |TAMS 0x0000000708400000, 0x0000000708300000| Untracked 
|  88|0x0000000708400000, 0x0000000708500000, 0x0000000708500000|100%| O|  |TAMS 0x0000000708500000, 0x0000000708400000| Untracked 
|  89|0x0000000708500000, 0x0000000708600000, 0x0000000708600000|100%| O|  |TAMS 0x0000000708600000, 0x0000000708500000| Untracked 
|  90|0x0000000708600000, 0x0000000708600000, 0x0000000708700000|  0%| F|  |TAMS 0x0000000708600000, 0x0000000708600000| Untracked 
|  91|0x0000000708700000, 0x0000000708700000, 0x0000000708800000|  0%| F|  |TAMS 0x0000000708700000, 0x0000000708700000| Untracked 
|  92|0x0000000708800000, 0x0000000708800000, 0x0000000708900000|  0%| F|  |TAMS 0x0000000708800000, 0x0000000708800000| Untracked 
|  93|0x0000000708900000, 0x0000000708900000, 0x0000000708a00000|  0%| F|  |TAMS 0x0000000708900000, 0x0000000708900000| Untracked 
|  94|0x0000000708a00000, 0x0000000708a00000, 0x0000000708b00000|  0%| F|  |TAMS 0x0000000708a00000, 0x0000000708a00000| Untracked 
|  95|0x0000000708b00000, 0x0000000708b00000, 0x0000000708c00000|  0%| F|  |TAMS 0x0000000708b00000, 0x0000000708b00000| Untracked 
|  96|0x0000000708c00000, 0x0000000708c00000, 0x0000000708d00000|  0%| F|  |TAMS 0x0000000708c00000, 0x0000000708c00000| Untracked 
|  97|0x0000000708d00000, 0x0000000708d00000, 0x0000000708e00000|  0%| F|  |TAMS 0x0000000708d00000, 0x0000000708d00000| Untracked 
|  98|0x0000000708e00000, 0x0000000708f00000, 0x0000000708f00000|100%| O|  |TAMS 0x0000000708f00000, 0x0000000708e00000| Untracked 
|  99|0x0000000708f00000, 0x0000000709000000, 0x0000000709000000|100%| O|  |TAMS 0x0000000709000000, 0x0000000708f00000| Untracked 
| 100|0x0000000709000000, 0x0000000709100000, 0x0000000709100000|100%|HS|  |TAMS 0x0000000709100000, 0x0000000709000000| Complete 
| 101|0x0000000709100000, 0x0000000709200000, 0x0000000709200000|100%|HS|  |TAMS 0x0000000709200000, 0x0000000709100000| Complete 
| 102|0x0000000709200000, 0x0000000709300000, 0x0000000709300000|100%|HS|  |TAMS 0x0000000709300000, 0x0000000709200000| Complete 
| 103|0x0000000709300000, 0x0000000709400000, 0x0000000709400000|100%|HC|  |TAMS 0x0000000709400000, 0x0000000709300000| Complete 
| 104|0x0000000709400000, 0x0000000709500000, 0x0000000709500000|100%|HC|  |TAMS 0x0000000709500000, 0x0000000709400000| Complete 
| 105|0x0000000709500000, 0x0000000709600000, 0x0000000709600000|100%|HC|  |TAMS 0x0000000709600000, 0x0000000709500000| Complete 
| 106|0x0000000709600000, 0x0000000709700000, 0x0000000709700000|100%|HC|  |TAMS 0x0000000709700000, 0x0000000709600000| Complete 
| 107|0x0000000709700000, 0x0000000709800000, 0x0000000709800000|100%|HC|  |TAMS 0x0000000709800000, 0x0000000709700000| Complete 
| 108|0x0000000709800000, 0x0000000709900000, 0x0000000709900000|100%|HC|  |TAMS 0x0000000709900000, 0x0000000709800000| Complete 
| 109|0x0000000709900000, 0x0000000709a00000, 0x0000000709a00000|100%| O|  |TAMS 0x0000000709a00000, 0x0000000709900000| Untracked 
| 110|0x0000000709a00000, 0x0000000709b00000, 0x0000000709b00000|100%| O|  |TAMS 0x0000000709b00000, 0x0000000709a00000| Untracked 
| 111|0x0000000709b00000, 0x0000000709c00000, 0x0000000709c00000|100%| O|  |TAMS 0x0000000709c00000, 0x0000000709b00000| Untracked 
| 112|0x0000000709c00000, 0x0000000709d00000, 0x0000000709d00000|100%| O|  |TAMS 0x0000000709d00000, 0x0000000709c00000| Untracked 
| 113|0x0000000709d00000, 0x0000000709e00000, 0x0000000709e00000|100%| O|  |TAMS 0x0000000709e00000, 0x0000000709d00000| Untracked 
| 114|0x0000000709e00000, 0x0000000709f00000, 0x0000000709f00000|100%| O|  |TAMS 0x0000000709f00000, 0x0000000709e00000| Untracked 
| 115|0x0000000709f00000, 0x000000070a000000, 0x000000070a000000|100%| O|  |TAMS 0x000000070a000000, 0x0000000709f00000| Untracked 
| 116|0x000000070a000000, 0x000000070a100000, 0x000000070a100000|100%| O|  |TAMS 0x000000070a100000, 0x000000070a000000| Untracked 
| 117|0x000000070a100000, 0x000000070a200000, 0x000000070a200000|100%| O|  |TAMS 0x000000070a200000, 0x000000070a100000| Untracked 
| 118|0x000000070a200000, 0x000000070a300000, 0x000000070a300000|100%| O|  |TAMS 0x000000070a300000, 0x000000070a200000| Untracked 
| 119|0x000000070a300000, 0x000000070a400000, 0x000000070a400000|100%| O|  |TAMS 0x000000070a400000, 0x000000070a300000| Untracked 
| 120|0x000000070a400000, 0x000000070a500000, 0x000000070a500000|100%| O|  |TAMS 0x000000070a500000, 0x000000070a400000| Untracked 
| 121|0x000000070a500000, 0x000000070a600000, 0x000000070a600000|100%| O|  |TAMS 0x000000070a600000, 0x000000070a500000| Untracked 
| 122|0x000000070a600000, 0x000000070a700000, 0x000000070a700000|100%| O|  |TAMS 0x000000070a700000, 0x000000070a600000| Untracked 
| 123|0x000000070a700000, 0x000000070a800000, 0x000000070a800000|100%| O|  |TAMS 0x000000070a800000, 0x000000070a700000| Untracked 
| 124|0x000000070a800000, 0x000000070a900000, 0x000000070a900000|100%| O|  |TAMS 0x000000070a900000, 0x000000070a800000| Untracked 
| 125|0x000000070a900000, 0x000000070aa00000, 0x000000070aa00000|100%| O|  |TAMS 0x000000070aa00000, 0x000000070a900000| Untracked 
| 126|0x000000070aa00000, 0x000000070ab00000, 0x000000070ab00000|100%| O|  |TAMS 0x000000070ab00000, 0x000000070aa00000| Untracked 
| 127|0x000000070ab00000, 0x000000070ac00000, 0x000000070ac00000|100%| O|  |TAMS 0x000000070ac00000, 0x000000070ab00000| Untracked 
| 128|0x000000070ac00000, 0x000000070ad00000, 0x000000070ad00000|100%| O|  |TAMS 0x000000070ad00000, 0x000000070ac00000| Untracked 
| 129|0x000000070ad00000, 0x000000070ae00000, 0x000000070ae00000|100%| O|  |TAMS 0x000000070ae00000, 0x000000070ad00000| Untracked 
| 130|0x000000070ae00000, 0x000000070af00000, 0x000000070af00000|100%| O|  |TAMS 0x000000070af00000, 0x000000070ae00000| Untracked 
| 131|0x000000070af00000, 0x000000070b000000, 0x000000070b000000|100%| O|  |TAMS 0x000000070b000000, 0x000000070af00000| Untracked 
| 132|0x000000070b000000, 0x000000070b100000, 0x000000070b100000|100%| O|  |TAMS 0x000000070b100000, 0x000000070b000000| Untracked 
| 133|0x000000070b100000, 0x000000070b200000, 0x000000070b200000|100%| O|  |TAMS 0x000000070b200000, 0x000000070b100000| Untracked 
| 134|0x000000070b200000, 0x000000070b300000, 0x000000070b300000|100%| O|  |TAMS 0x000000070b300000, 0x000000070b200000| Untracked 
| 135|0x000000070b300000, 0x000000070b400000, 0x000000070b400000|100%| O|  |TAMS 0x000000070b400000, 0x000000070b300000| Untracked 
| 136|0x000000070b400000, 0x000000070b500000, 0x000000070b500000|100%| O|  |TAMS 0x000000070b500000, 0x000000070b400000| Untracked 
| 137|0x000000070b500000, 0x000000070b600000, 0x000000070b600000|100%| O|  |TAMS 0x000000070b600000, 0x000000070b500000| Untracked 
| 138|0x000000070b600000, 0x000000070b700000, 0x000000070b700000|100%| O|  |TAMS 0x000000070b700000, 0x000000070b600000| Untracked 
| 139|0x000000070b700000, 0x000000070b7dc800, 0x000000070b800000| 86%| O|  |TAMS 0x000000070b7dc800, 0x000000070b700000| Untracked 
| 140|0x000000070b800000, 0x000000070b800000, 0x000000070b900000|  0%| F|  |TAMS 0x000000070b800000, 0x000000070b800000| Untracked 
| 141|0x000000070b900000, 0x000000070b900000, 0x000000070ba00000|  0%| F|  |TAMS 0x000000070b900000, 0x000000070b900000| Untracked 
| 142|0x000000070ba00000, 0x000000070ba00000, 0x000000070bb00000|  0%| F|  |TAMS 0x000000070ba00000, 0x000000070ba00000| Untracked 
| 143|0x000000070bb00000, 0x000000070bb00000, 0x000000070bc00000|  0%| F|  |TAMS 0x000000070bb00000, 0x000000070bb00000| Untracked 
| 144|0x000000070bc00000, 0x000000070bc00000, 0x000000070bd00000|  0%| F|  |TAMS 0x000000070bc00000, 0x000000070bc00000| Untracked 
| 145|0x000000070bd00000, 0x000000070bd00000, 0x000000070be00000|  0%| F|  |TAMS 0x000000070bd00000, 0x000000070bd00000| Untracked 
| 146|0x000000070be00000, 0x000000070be00000, 0x000000070bf00000|  0%| F|  |TAMS 0x000000070be00000, 0x000000070be00000| Untracked 
| 147|0x000000070bf00000, 0x000000070bf00000, 0x000000070c000000|  0%| F|  |TAMS 0x000000070bf00000, 0x000000070bf00000| Untracked 
| 148|0x000000070c000000, 0x000000070c000000, 0x000000070c100000|  0%| F|  |TAMS 0x000000070c000000, 0x000000070c000000| Untracked 
| 149|0x000000070c100000, 0x000000070c100000, 0x000000070c200000|  0%| F|  |TAMS 0x000000070c100000, 0x000000070c100000| Untracked 
| 150|0x000000070c200000, 0x000000070c200000, 0x000000070c300000|  0%| F|  |TAMS 0x000000070c200000, 0x000000070c200000| Untracked 
| 151|0x000000070c300000, 0x000000070c300000, 0x000000070c400000|  0%| F|  |TAMS 0x000000070c300000, 0x000000070c300000| Untracked 
| 152|0x000000070c400000, 0x000000070c400000, 0x000000070c500000|  0%| F|  |TAMS 0x000000070c400000, 0x000000070c400000| Untracked 
| 153|0x000000070c500000, 0x000000070c500000, 0x000000070c600000|  0%| F|  |TAMS 0x000000070c500000, 0x000000070c500000| Untracked 
| 154|0x000000070c600000, 0x000000070c600000, 0x000000070c700000|  0%| F|  |TAMS 0x000000070c600000, 0x000000070c600000| Untracked 
| 155|0x000000070c700000, 0x000000070c700000, 0x000000070c800000|  0%| F|  |TAMS 0x000000070c700000, 0x000000070c700000| Untracked 
| 156|0x000000070c800000, 0x000000070c800000, 0x000000070c900000|  0%| F|  |TAMS 0x000000070c800000, 0x000000070c800000| Untracked 
| 157|0x000000070c900000, 0x000000070c900000, 0x000000070ca00000|  0%| F|  |TAMS 0x000000070c900000, 0x000000070c900000| Untracked 
| 158|0x000000070ca00000, 0x000000070ca00000, 0x000000070cb00000|  0%| F|  |TAMS 0x000000070ca00000, 0x000000070ca00000| Untracked 
| 159|0x000000070cb00000, 0x000000070cb00000, 0x000000070cc00000|  0%| F|  |TAMS 0x000000070cb00000, 0x000000070cb00000| Untracked 
| 160|0x000000070cc00000, 0x000000070cc00000, 0x000000070cd00000|  0%| F|  |TAMS 0x000000070cc00000, 0x000000070cc00000| Untracked 
| 161|0x000000070cd00000, 0x000000070cd00000, 0x000000070ce00000|  0%| F|  |TAMS 0x000000070cd00000, 0x000000070cd00000| Untracked 
| 162|0x000000070ce00000, 0x000000070ce00000, 0x000000070cf00000|  0%| F|  |TAMS 0x000000070ce00000, 0x000000070ce00000| Untracked 
| 163|0x000000070cf00000, 0x000000070cf00000, 0x000000070d000000|  0%| F|  |TAMS 0x000000070cf00000, 0x000000070cf00000| Untracked 
| 164|0x000000070d000000, 0x000000070d000000, 0x000000070d100000|  0%| F|  |TAMS 0x000000070d000000, 0x000000070d000000| Untracked 
| 165|0x000000070d100000, 0x000000070d100000, 0x000000070d200000|  0%| F|  |TAMS 0x000000070d100000, 0x000000070d100000| Untracked 
| 166|0x000000070d200000, 0x000000070d200000, 0x000000070d300000|  0%| F|  |TAMS 0x000000070d200000, 0x000000070d200000| Untracked 
| 167|0x000000070d300000, 0x000000070d300000, 0x000000070d400000|  0%| F|  |TAMS 0x000000070d300000, 0x000000070d300000| Untracked 
| 168|0x000000070d400000, 0x000000070d400000, 0x000000070d500000|  0%| F|  |TAMS 0x000000070d400000, 0x000000070d400000| Untracked 
| 169|0x000000070d500000, 0x000000070d500000, 0x000000070d600000|  0%| F|  |TAMS 0x000000070d500000, 0x000000070d500000| Untracked 
| 170|0x000000070d600000, 0x000000070d600000, 0x000000070d700000|  0%| F|  |TAMS 0x000000070d600000, 0x000000070d600000| Untracked 
| 171|0x000000070d700000, 0x000000070d700000, 0x000000070d800000|  0%| F|  |TAMS 0x000000070d700000, 0x000000070d700000| Untracked 
| 172|0x000000070d800000, 0x000000070d800000, 0x000000070d900000|  0%| F|  |TAMS 0x000000070d800000, 0x000000070d800000| Untracked 
| 173|0x000000070d900000, 0x000000070d900000, 0x000000070da00000|  0%| F|  |TAMS 0x000000070d900000, 0x000000070d900000| Untracked 
| 174|0x000000070da00000, 0x000000070da00000, 0x000000070db00000|  0%| F|  |TAMS 0x000000070da00000, 0x000000070da00000| Untracked 
| 175|0x000000070db00000, 0x000000070db00000, 0x000000070dc00000|  0%| F|  |TAMS 0x000000070db00000, 0x000000070db00000| Untracked 
| 176|0x000000070dc00000, 0x000000070dc00000, 0x000000070dd00000|  0%| F|  |TAMS 0x000000070dc00000, 0x000000070dc00000| Untracked 
| 177|0x000000070dd00000, 0x000000070dd00000, 0x000000070de00000|  0%| F|  |TAMS 0x000000070dd00000, 0x000000070dd00000| Untracked 
| 178|0x000000070de00000, 0x000000070de00000, 0x000000070df00000|  0%| F|  |TAMS 0x000000070de00000, 0x000000070de00000| Untracked 
| 179|0x000000070df00000, 0x000000070df00000, 0x000000070e000000|  0%| F|  |TAMS 0x000000070df00000, 0x000000070df00000| Untracked 
| 180|0x000000070e000000, 0x000000070e000000, 0x000000070e100000|  0%| F|  |TAMS 0x000000070e000000, 0x000000070e000000| Untracked 
| 181|0x000000070e100000, 0x000000070e100000, 0x000000070e200000|  0%| F|  |TAMS 0x000000070e100000, 0x000000070e100000| Untracked 
| 182|0x000000070e200000, 0x000000070e2328f8, 0x000000070e300000| 19%| S|CS|TAMS 0x000000070e200000, 0x000000070e200000| Complete 
| 183|0x000000070e300000, 0x000000070e400000, 0x000000070e400000|100%| S|CS|TAMS 0x000000070e300000, 0x000000070e300000| Complete 
| 184|0x000000070e400000, 0x000000070e500000, 0x000000070e500000|100%| S|CS|TAMS 0x000000070e400000, 0x000000070e400000| Complete 
| 185|0x000000070e500000, 0x000000070e600000, 0x000000070e600000|100%| S|CS|TAMS 0x000000070e500000, 0x000000070e500000| Complete 
| 186|0x000000070e600000, 0x000000070e600000, 0x000000070e700000|  0%| F|  |TAMS 0x000000070e600000, 0x000000070e600000| Untracked 
| 187|0x000000070e700000, 0x000000070e700000, 0x000000070e800000|  0%| F|  |TAMS 0x000000070e700000, 0x000000070e700000| Untracked 
| 188|0x000000070e800000, 0x000000070e800000, 0x000000070e900000|  0%| F|  |TAMS 0x000000070e800000, 0x000000070e800000| Untracked 
| 189|0x000000070e900000, 0x000000070e900000, 0x000000070ea00000|  0%| F|  |TAMS 0x000000070e900000, 0x000000070e900000| Untracked 
| 190|0x000000070ea00000, 0x000000070ea00000, 0x000000070eb00000|  0%| F|  |TAMS 0x000000070ea00000, 0x000000070ea00000| Untracked 
| 191|0x000000070eb00000, 0x000000070eb00000, 0x000000070ec00000|  0%| F|  |TAMS 0x000000070eb00000, 0x000000070eb00000| Untracked 
| 192|0x000000070ec00000, 0x000000070ec00000, 0x000000070ed00000|  0%| F|  |TAMS 0x000000070ec00000, 0x000000070ec00000| Untracked 
| 193|0x000000070ed00000, 0x000000070ed00000, 0x000000070ee00000|  0%| F|  |TAMS 0x000000070ed00000, 0x000000070ed00000| Untracked 
| 194|0x000000070ee00000, 0x000000070ee00000, 0x000000070ef00000|  0%| F|  |TAMS 0x000000070ee00000, 0x000000070ee00000| Untracked 
| 195|0x000000070ef00000, 0x000000070ef00000, 0x000000070f000000|  0%| F|  |TAMS 0x000000070ef00000, 0x000000070ef00000| Untracked 
| 196|0x000000070f000000, 0x000000070f000000, 0x000000070f100000|  0%| F|  |TAMS 0x000000070f000000, 0x000000070f000000| Untracked 
| 197|0x000000070f100000, 0x000000070f100000, 0x000000070f200000|  0%| F|  |TAMS 0x000000070f100000, 0x000000070f100000| Untracked 
| 198|0x000000070f200000, 0x000000070f200000, 0x000000070f300000|  0%| F|  |TAMS 0x000000070f200000, 0x000000070f200000| Untracked 
| 199|0x000000070f300000, 0x000000070f300000, 0x000000070f400000|  0%| F|  |TAMS 0x000000070f300000, 0x000000070f300000| Untracked 
| 200|0x000000070f400000, 0x000000070f400000, 0x000000070f500000|  0%| F|  |TAMS 0x000000070f400000, 0x000000070f400000| Untracked 
| 201|0x000000070f500000, 0x000000070f500000, 0x000000070f600000|  0%| F|  |TAMS 0x000000070f500000, 0x000000070f500000| Untracked 
| 202|0x000000070f600000, 0x000000070f600000, 0x000000070f700000|  0%| F|  |TAMS 0x000000070f600000, 0x000000070f600000| Untracked 
| 203|0x000000070f700000, 0x000000070f700000, 0x000000070f800000|  0%| F|  |TAMS 0x000000070f700000, 0x000000070f700000| Untracked 
| 204|0x000000070f800000, 0x000000070f800000, 0x000000070f900000|  0%| F|  |TAMS 0x000000070f800000, 0x000000070f800000| Untracked 
| 205|0x000000070f900000, 0x000000070f900000, 0x000000070fa00000|  0%| F|  |TAMS 0x000000070f900000, 0x000000070f900000| Untracked 
| 206|0x000000070fa00000, 0x000000070fa00000, 0x000000070fb00000|  0%| F|  |TAMS 0x000000070fa00000, 0x000000070fa00000| Untracked 
| 207|0x000000070fb00000, 0x000000070fb00000, 0x000000070fc00000|  0%| F|  |TAMS 0x000000070fb00000, 0x000000070fb00000| Untracked 
| 208|0x000000070fc00000, 0x000000070fc00000, 0x000000070fd00000|  0%| F|  |TAMS 0x000000070fc00000, 0x000000070fc00000| Untracked 
| 209|0x000000070fd00000, 0x000000070fd00000, 0x000000070fe00000|  0%| F|  |TAMS 0x000000070fd00000, 0x000000070fd00000| Untracked 
| 210|0x000000070fe00000, 0x000000070fe00000, 0x000000070ff00000|  0%| F|  |TAMS 0x000000070fe00000, 0x000000070fe00000| Untracked 
| 211|0x000000070ff00000, 0x000000070ff00000, 0x0000000710000000|  0%| F|  |TAMS 0x000000070ff00000, 0x000000070ff00000| Untracked 
| 212|0x0000000710000000, 0x0000000710000000, 0x0000000710100000|  0%| F|  |TAMS 0x0000000710000000, 0x0000000710000000| Untracked 
| 213|0x0000000710100000, 0x0000000710100000, 0x0000000710200000|  0%| F|  |TAMS 0x0000000710100000, 0x0000000710100000| Untracked 
| 214|0x0000000710200000, 0x0000000710200000, 0x0000000710300000|  0%| F|  |TAMS 0x0000000710200000, 0x0000000710200000| Untracked 
| 215|0x0000000710300000, 0x0000000710300000, 0x0000000710400000|  0%| F|  |TAMS 0x0000000710300000, 0x0000000710300000| Untracked 
| 216|0x0000000710400000, 0x0000000710400000, 0x0000000710500000|  0%| F|  |TAMS 0x0000000710400000, 0x0000000710400000| Untracked 
| 217|0x0000000710500000, 0x0000000710500000, 0x0000000710600000|  0%| F|  |TAMS 0x0000000710500000, 0x0000000710500000| Untracked 
| 218|0x0000000710600000, 0x0000000710600000, 0x0000000710700000|  0%| F|  |TAMS 0x0000000710600000, 0x0000000710600000| Untracked 
| 219|0x0000000710700000, 0x0000000710700000, 0x0000000710800000|  0%| F|  |TAMS 0x0000000710700000, 0x0000000710700000| Untracked 
| 220|0x0000000710800000, 0x0000000710800000, 0x0000000710900000|  0%| F|  |TAMS 0x0000000710800000, 0x0000000710800000| Untracked 
| 221|0x0000000710900000, 0x0000000710900000, 0x0000000710a00000|  0%| F|  |TAMS 0x0000000710900000, 0x0000000710900000| Untracked 
| 222|0x0000000710a00000, 0x0000000710a00000, 0x0000000710b00000|  0%| F|  |TAMS 0x0000000710a00000, 0x0000000710a00000| Untracked 
| 223|0x0000000710b00000, 0x0000000710b00000, 0x0000000710c00000|  0%| F|  |TAMS 0x0000000710b00000, 0x0000000710b00000| Untracked 
| 224|0x0000000710c00000, 0x0000000710c00000, 0x0000000710d00000|  0%| F|  |TAMS 0x0000000710c00000, 0x0000000710c00000| Untracked 
| 225|0x0000000710d00000, 0x0000000710d00000, 0x0000000710e00000|  0%| F|  |TAMS 0x0000000710d00000, 0x0000000710d00000| Untracked 
| 226|0x0000000710e00000, 0x0000000710e00000, 0x0000000710f00000|  0%| F|  |TAMS 0x0000000710e00000, 0x0000000710e00000| Untracked 
| 227|0x0000000710f00000, 0x0000000710f00000, 0x0000000711000000|  0%| F|  |TAMS 0x0000000710f00000, 0x0000000710f00000| Untracked 
| 228|0x0000000711000000, 0x0000000711000000, 0x0000000711100000|  0%| F|  |TAMS 0x0000000711000000, 0x0000000711000000| Untracked 
| 229|0x0000000711100000, 0x0000000711100000, 0x0000000711200000|  0%| F|  |TAMS 0x0000000711100000, 0x0000000711100000| Untracked 
| 230|0x0000000711200000, 0x0000000711200000, 0x0000000711300000|  0%| F|  |TAMS 0x0000000711200000, 0x0000000711200000| Untracked 
| 231|0x0000000711300000, 0x0000000711300000, 0x0000000711400000|  0%| F|  |TAMS 0x0000000711300000, 0x0000000711300000| Untracked 
| 232|0x0000000711400000, 0x0000000711400000, 0x0000000711500000|  0%| F|  |TAMS 0x0000000711400000, 0x0000000711400000| Untracked 
| 233|0x0000000711500000, 0x0000000711500000, 0x0000000711600000|  0%| F|  |TAMS 0x0000000711500000, 0x0000000711500000| Untracked 
| 234|0x0000000711600000, 0x0000000711600000, 0x0000000711700000|  0%| F|  |TAMS 0x0000000711600000, 0x0000000711600000| Untracked 
| 235|0x0000000711700000, 0x0000000711700000, 0x0000000711800000|  0%| F|  |TAMS 0x0000000711700000, 0x0000000711700000| Untracked 
| 236|0x0000000711800000, 0x0000000711800000, 0x0000000711900000|  0%| F|  |TAMS 0x0000000711800000, 0x0000000711800000| Untracked 
| 237|0x0000000711900000, 0x0000000711900000, 0x0000000711a00000|  0%| F|  |TAMS 0x0000000711900000, 0x0000000711900000| Untracked 
| 238|0x0000000711a00000, 0x0000000711a00000, 0x0000000711b00000|  0%| F|  |TAMS 0x0000000711a00000, 0x0000000711a00000| Untracked 
| 239|0x0000000711b00000, 0x0000000711b00000, 0x0000000711c00000|  0%| F|  |TAMS 0x0000000711b00000, 0x0000000711b00000| Untracked 
| 240|0x0000000711c00000, 0x0000000711c00000, 0x0000000711d00000|  0%| F|  |TAMS 0x0000000711c00000, 0x0000000711c00000| Untracked 
| 241|0x0000000711d00000, 0x0000000711d00000, 0x0000000711e00000|  0%| F|  |TAMS 0x0000000711d00000, 0x0000000711d00000| Untracked 
| 242|0x0000000711e00000, 0x0000000711e00000, 0x0000000711f00000|  0%| F|  |TAMS 0x0000000711e00000, 0x0000000711e00000| Untracked 
| 243|0x0000000711f00000, 0x0000000711f00000, 0x0000000712000000|  0%| F|  |TAMS 0x0000000711f00000, 0x0000000711f00000| Untracked 
| 244|0x0000000712000000, 0x0000000712000000, 0x0000000712100000|  0%| F|  |TAMS 0x0000000712000000, 0x0000000712000000| Untracked 
| 245|0x0000000712100000, 0x0000000712100000, 0x0000000712200000|  0%| F|  |TAMS 0x0000000712100000, 0x0000000712100000| Untracked 
| 246|0x0000000712200000, 0x0000000712200000, 0x0000000712300000|  0%| F|  |TAMS 0x0000000712200000, 0x0000000712200000| Untracked 
| 247|0x0000000712300000, 0x0000000712300000, 0x0000000712400000|  0%| F|  |TAMS 0x0000000712300000, 0x0000000712300000| Untracked 
| 248|0x0000000712400000, 0x0000000712400000, 0x0000000712500000|  0%| F|  |TAMS 0x0000000712400000, 0x0000000712400000| Untracked 
| 249|0x0000000712500000, 0x0000000712500000, 0x0000000712600000|  0%| F|  |TAMS 0x0000000712500000, 0x0000000712500000| Untracked 
| 250|0x0000000712600000, 0x0000000712600000, 0x0000000712700000|  0%| F|  |TAMS 0x0000000712600000, 0x0000000712600000| Untracked 
| 251|0x0000000712700000, 0x0000000712700000, 0x0000000712800000|  0%| F|  |TAMS 0x0000000712700000, 0x0000000712700000| Untracked 
| 252|0x0000000712800000, 0x0000000712800000, 0x0000000712900000|  0%| F|  |TAMS 0x0000000712800000, 0x0000000712800000| Untracked 
| 253|0x0000000712900000, 0x0000000712900000, 0x0000000712a00000|  0%| F|  |TAMS 0x0000000712900000, 0x0000000712900000| Untracked 
| 254|0x0000000712a00000, 0x0000000712a00000, 0x0000000712b00000|  0%| F|  |TAMS 0x0000000712a00000, 0x0000000712a00000| Untracked 
| 255|0x0000000712b00000, 0x0000000712b00000, 0x0000000712c00000|  0%| F|  |TAMS 0x0000000712b00000, 0x0000000712b00000| Untracked 
| 256|0x0000000712c00000, 0x0000000712c00000, 0x0000000712d00000|  0%| F|  |TAMS 0x0000000712c00000, 0x0000000712c00000| Untracked 
| 257|0x0000000712d00000, 0x0000000712d00000, 0x0000000712e00000|  0%| F|  |TAMS 0x0000000712d00000, 0x0000000712d00000| Untracked 
| 258|0x0000000712e00000, 0x0000000712e00000, 0x0000000712f00000|  0%| F|  |TAMS 0x0000000712e00000, 0x0000000712e00000| Untracked 
| 259|0x0000000712f00000, 0x0000000712f00000, 0x0000000713000000|  0%| F|  |TAMS 0x0000000712f00000, 0x0000000712f00000| Untracked 
| 260|0x0000000713000000, 0x0000000713000000, 0x0000000713100000|  0%| F|  |TAMS 0x0000000713000000, 0x0000000713000000| Untracked 
| 261|0x0000000713100000, 0x0000000713100000, 0x0000000713200000|  0%| F|  |TAMS 0x0000000713100000, 0x0000000713100000| Untracked 
| 262|0x0000000713200000, 0x0000000713200000, 0x0000000713300000|  0%| F|  |TAMS 0x0000000713200000, 0x0000000713200000| Untracked 
| 263|0x0000000713300000, 0x0000000713300000, 0x0000000713400000|  0%| F|  |TAMS 0x0000000713300000, 0x0000000713300000| Untracked 
| 264|0x0000000713400000, 0x0000000713400000, 0x0000000713500000|  0%| F|  |TAMS 0x0000000713400000, 0x0000000713400000| Untracked 
| 265|0x0000000713500000, 0x0000000713500000, 0x0000000713600000|  0%| F|  |TAMS 0x0000000713500000, 0x0000000713500000| Untracked 
| 266|0x0000000713600000, 0x0000000713600000, 0x0000000713700000|  0%| F|  |TAMS 0x0000000713600000, 0x0000000713600000| Untracked 
| 267|0x0000000713700000, 0x0000000713700000, 0x0000000713800000|  0%| F|  |TAMS 0x0000000713700000, 0x0000000713700000| Untracked 
| 268|0x0000000713800000, 0x0000000713800000, 0x0000000713900000|  0%| F|  |TAMS 0x0000000713800000, 0x0000000713800000| Untracked 
| 269|0x0000000713900000, 0x0000000713900000, 0x0000000713a00000|  0%| F|  |TAMS 0x0000000713900000, 0x0000000713900000| Untracked 
| 270|0x0000000713a00000, 0x0000000713a00000, 0x0000000713b00000|  0%| F|  |TAMS 0x0000000713a00000, 0x0000000713a00000| Untracked 
| 271|0x0000000713b00000, 0x0000000713b00000, 0x0000000713c00000|  0%| F|  |TAMS 0x0000000713b00000, 0x0000000713b00000| Untracked 
| 272|0x0000000713c00000, 0x0000000713c00000, 0x0000000713d00000|  0%| F|  |TAMS 0x0000000713c00000, 0x0000000713c00000| Untracked 
| 273|0x0000000713d00000, 0x0000000713d00000, 0x0000000713e00000|  0%| F|  |TAMS 0x0000000713d00000, 0x0000000713d00000| Untracked 
| 274|0x0000000713e00000, 0x0000000713e00000, 0x0000000713f00000|  0%| F|  |TAMS 0x0000000713e00000, 0x0000000713e00000| Untracked 
| 275|0x0000000713f00000, 0x0000000713f00000, 0x0000000714000000|  0%| F|  |TAMS 0x0000000713f00000, 0x0000000713f00000| Untracked 
| 276|0x0000000714000000, 0x0000000714000000, 0x0000000714100000|  0%| F|  |TAMS 0x0000000714000000, 0x0000000714000000| Untracked 
| 277|0x0000000714100000, 0x0000000714100000, 0x0000000714200000|  0%| F|  |TAMS 0x0000000714100000, 0x0000000714100000| Untracked 
| 278|0x0000000714200000, 0x0000000714200000, 0x0000000714300000|  0%| F|  |TAMS 0x0000000714200000, 0x0000000714200000| Untracked 
| 279|0x0000000714300000, 0x0000000714300000, 0x0000000714400000|  0%| F|  |TAMS 0x0000000714300000, 0x0000000714300000| Untracked 
| 280|0x0000000714400000, 0x0000000714400000, 0x0000000714500000|  0%| F|  |TAMS 0x0000000714400000, 0x0000000714400000| Untracked 
| 281|0x0000000714500000, 0x0000000714500000, 0x0000000714600000|  0%| F|  |TAMS 0x0000000714500000, 0x0000000714500000| Untracked 
| 282|0x0000000714600000, 0x0000000714600000, 0x0000000714700000|  0%| F|  |TAMS 0x0000000714600000, 0x0000000714600000| Untracked 
| 283|0x0000000714700000, 0x0000000714700000, 0x0000000714800000|  0%| F|  |TAMS 0x0000000714700000, 0x0000000714700000| Untracked 
| 284|0x0000000714800000, 0x00000007148b6758, 0x0000000714900000| 71%| E|  |TAMS 0x0000000714800000, 0x0000000714800000| Complete 
| 285|0x0000000714900000, 0x0000000714a00000, 0x0000000714a00000|100%| E|CS|TAMS 0x0000000714900000, 0x0000000714900000| Complete 
| 286|0x0000000714a00000, 0x0000000714b00000, 0x0000000714b00000|100%| E|CS|TAMS 0x0000000714a00000, 0x0000000714a00000| Complete 
| 287|0x0000000714b00000, 0x0000000714c00000, 0x0000000714c00000|100%| E|CS|TAMS 0x0000000714b00000, 0x0000000714b00000| Complete 
| 288|0x0000000714c00000, 0x0000000714d00000, 0x0000000714d00000|100%| E|CS|TAMS 0x0000000714c00000, 0x0000000714c00000| Complete 
| 289|0x0000000714d00000, 0x0000000714e00000, 0x0000000714e00000|100%| E|CS|TAMS 0x0000000714d00000, 0x0000000714d00000| Complete 
| 290|0x0000000714e00000, 0x0000000714f00000, 0x0000000714f00000|100%| E|CS|TAMS 0x0000000714e00000, 0x0000000714e00000| Complete 
| 291|0x0000000714f00000, 0x0000000715000000, 0x0000000715000000|100%| E|CS|TAMS 0x0000000714f00000, 0x0000000714f00000| Complete 
| 292|0x0000000715000000, 0x0000000715100000, 0x0000000715100000|100%| E|CS|TAMS 0x0000000715000000, 0x0000000715000000| Complete 
| 293|0x0000000715100000, 0x0000000715200000, 0x0000000715200000|100%| E|CS|TAMS 0x0000000715100000, 0x0000000715100000| Complete 
| 294|0x0000000715200000, 0x0000000715300000, 0x0000000715300000|100%| E|CS|TAMS 0x0000000715200000, 0x0000000715200000| Complete 
| 295|0x0000000715300000, 0x0000000715400000, 0x0000000715400000|100%| E|CS|TAMS 0x0000000715300000, 0x0000000715300000| Complete 
| 296|0x0000000715400000, 0x0000000715500000, 0x0000000715500000|100%| E|CS|TAMS 0x0000000715400000, 0x0000000715400000| Complete 
| 297|0x0000000715500000, 0x0000000715600000, 0x0000000715600000|100%| E|CS|TAMS 0x0000000715500000, 0x0000000715500000| Complete 
| 298|0x0000000715600000, 0x0000000715700000, 0x0000000715700000|100%| E|CS|TAMS 0x0000000715600000, 0x0000000715600000| Complete 
| 299|0x0000000715700000, 0x0000000715800000, 0x0000000715800000|100%| E|CS|TAMS 0x0000000715700000, 0x0000000715700000| Complete 
| 300|0x0000000715800000, 0x0000000715900000, 0x0000000715900000|100%| E|CS|TAMS 0x0000000715800000, 0x0000000715800000| Complete 
| 301|0x0000000715900000, 0x0000000715a00000, 0x0000000715a00000|100%| E|CS|TAMS 0x0000000715900000, 0x0000000715900000| Complete 
| 302|0x0000000715a00000, 0x0000000715b00000, 0x0000000715b00000|100%| E|CS|TAMS 0x0000000715a00000, 0x0000000715a00000| Complete 
| 303|0x0000000715b00000, 0x0000000715c00000, 0x0000000715c00000|100%| E|CS|TAMS 0x0000000715b00000, 0x0000000715b00000| Complete 
| 304|0x0000000715c00000, 0x0000000715d00000, 0x0000000715d00000|100%| E|CS|TAMS 0x0000000715c00000, 0x0000000715c00000| Complete 

Card table byte_map: [0x0000029c4a7d0000,0x0000029c4afc0000] _byte_map_base: 0x0000029c46fba000

Marking Bits (Prev, Next): (CMBitMap*) 0x0000029c321b1830, (CMBitMap*) 0x0000029c321b17f8
 Prev Bits: [0x0000029c4f700000, 0x0000029c53650000)
 Next Bits: [0x0000029c4b7b0000, 0x0000029c4f700000)

Polling page: 0x0000029c32230000

Metaspace:

Usage:
  Non-class:     74.57 MB capacity,    72.82 MB ( 98%) used,     1.36 MB (  2%) free+waste,   394.88 KB ( <1%) overhead. 
      Class:     10.22 MB capacity,     8.96 MB ( 88%) used,     1.09 MB ( 11%) free+waste,   185.63 KB (  2%) overhead. 
       Both:     84.79 MB capacity,    81.77 MB ( 96%) used,     2.45 MB (  3%) free+waste,   580.50 KB ( <1%) overhead. 

Virtual space:
  Non-class space:       76.00 MB reserved,      74.65 MB ( 98%) committed 
      Class space:        1.00 GB reserved,      10.25 MB (  1%) committed 
             Both:        1.07 GB reserved,      84.90 MB (  8%) committed 

Chunk freelists:
   Non-Class:  2.38 KB
       Class:  0 bytes
        Both:  2.38 KB

CodeHeap 'non-profiled nmethods': size=120000Kb used=12859Kb max_used=13079Kb free=107140Kb
 bounds [0x0000029c42040000, 0x0000029c42d10000, 0x0000029c49570000]
CodeHeap 'profiled nmethods': size=120000Kb used=35045Kb max_used=37468Kb free=84954Kb
 bounds [0x0000029c3ab10000, 0x0000029c3d100000, 0x0000029c42040000]
CodeHeap 'non-nmethods': size=5760Kb used=1901Kb max_used=1971Kb free=3858Kb
 bounds [0x0000029c3a570000, 0x0000029c3a7e0000, 0x0000029c3ab10000]
 total_blobs=21052 nmethods=11017 adapters=1508
 compilation: enabled
              stopped_count=0, restarted_count=0
 full_count=0

Compilation events (10 events):
Event: 185.366 Thread 0x0000029c56aeb000 nmethod 14264 0x0000029c3b3b2810 code [0x0000029c3b3b29e0, 0x0000029c3b3b2c40]
Event: 185.472 Thread 0x0000029c56ae6800 nmethod 14261 0x0000029c42cfd190 code [0x0000029c42cfd960, 0x0000029c42d042c8]
Event: 185.526 Thread 0x0000029c56aeb000 14265       3       java.util.logging.LogManager$LoggerContext::getGlobalLogger (6 bytes)
Event: 185.526 Thread 0x0000029c56aeb000 nmethod 14265 0x0000029c3b268810 code [0x0000029c3b2689c0, 0x0000029c3b268b38]
Event: 185.526 Thread 0x0000029c56ae6800 14266       4       java.util.Collections$3::nextElement (10 bytes)
Event: 185.536 Thread 0x0000029c56ae6800 nmethod 14266 0x0000029c42d08810 code [0x0000029c42d089c0, 0x0000029c42d09058]
Event: 185.553 Thread 0x0000029c56aeb000 14267   !   3       java.io.PrintStream::write (69 bytes)
Event: 185.554 Thread 0x0000029c56aeb000 nmethod 14267 0x0000029c3b6fa090 code [0x0000029c3b6fa2c0, 0x0000029c3b6faac0]
Event: 185.554 Thread 0x0000029c56aeb000 14268       3       java.io.BufferedWriter::ensureOpen (18 bytes)
Event: 185.554 Thread 0x0000029c56aeb000 nmethod 14268 0x0000029c3b46c610 code [0x0000029c3b46c7e0, 0x0000029c3b46ca50]

GC Heap History (10 events):
Event: 41.376 GC heap before
{Heap before GC invocations=20 (full 0):
 garbage-first heap   total 312320K, used 252431K [0x0000000702c00000, 0x0000000800000000)
  region size 1024K, 139 young (142336K), 15 survivors (15360K)
 Metaspace       used 82734K, capacity 85817K, committed 85912K, reserved 1124352K
  class space    used 9126K, capacity 10411K, committed 10496K, reserved 1048576K
}
Event: 41.388 GC heap after
{Heap after GC invocations=21 (full 0):
 garbage-first heap   total 312320K, used 142594K [0x0000000702c00000, 0x0000000800000000)
  region size 1024K, 18 young (18432K), 18 survivors (18432K)
 Metaspace       used 82734K, capacity 85817K, committed 85912K, reserved 1124352K
  class space    used 9126K, capacity 10411K, committed 10496K, reserved 1048576K
}
Event: 77.563 GC heap before
{Heap before GC invocations=21 (full 0):
 garbage-first heap   total 312320K, used 248066K [0x0000000702c00000, 0x0000000800000000)
  region size 1024K, 122 young (124928K), 18 survivors (18432K)
 Metaspace       used 83217K, capacity 86214K, committed 86424K, reserved 1126400K
  class space    used 9132K, capacity 10413K, committed 10496K, reserved 1048576K
}
Event: 77.570 GC heap after
{Heap after GC invocations=22 (full 0):
 garbage-first heap   total 312320K, used 146071K [0x0000000702c00000, 0x0000000800000000)
  region size 1024K, 3 young (3072K), 3 survivors (3072K)
 Metaspace       used 83217K, capacity 86214K, committed 86424K, reserved 1126400K
  class space    used 9132K, capacity 10413K, committed 10496K, reserved 1048576K
}
Event: 107.587 GC heap before
{Heap before GC invocations=22 (full 0):
 garbage-first heap   total 312320K, used 253591K [0x0000000702c00000, 0x0000000800000000)
  region size 1024K, 108 young (110592K), 3 survivors (3072K)
 Metaspace       used 83572K, capacity 86628K, committed 86680K, reserved 1126400K
  class space    used 9170K, capacity 10469K, committed 10496K, reserved 1048576K
}
Event: 107.591 GC heap after
{Heap after GC invocations=23 (full 0):
 garbage-first heap   total 312320K, used 145775K [0x0000000702c00000, 0x0000000800000000)
  region size 1024K, 3 young (3072K), 3 survivors (3072K)
 Metaspace       used 83572K, capacity 86628K, committed 86680K, reserved 1126400K
  class space    used 9170K, capacity 10469K, committed 10496K, reserved 1048576K
}
Event: 142.644 GC heap before
{Heap before GC invocations=24 (full 0):
 garbage-first heap   total 312320K, used 242031K [0x0000000702c00000, 0x0000000800000000)
  region size 1024K, 110 young (112640K), 3 survivors (3072K)
 Metaspace       used 83632K, capacity 86757K, committed 86936K, reserved 1126400K
  class space    used 9170K, capacity 10469K, committed 10496K, reserved 1048576K
}
Event: 142.648 GC heap after
{Heap after GC invocations=25 (full 0):
 garbage-first heap   total 312320K, used 134251K [0x0000000702c00000, 0x0000000800000000)
  region size 1024K, 4 young (4096K), 4 survivors (4096K)
 Metaspace       used 83632K, capacity 86757K, committed 86936K, reserved 1126400K
  class space    used 9170K, capacity 10469K, committed 10496K, reserved 1048576K
}
Event: 179.242 GC heap before
{Heap before GC invocations=25 (full 0):
 garbage-first heap   total 312320K, used 252011K [0x0000000702c00000, 0x0000000800000000)
  region size 1024K, 119 young (121856K), 4 survivors (4096K)
 Metaspace       used 83691K, capacity 86822K, committed 86936K, reserved 1126400K
  class space    used 9170K, capacity 10469K, committed 10496K, reserved 1048576K
}
Event: 179.244 GC heap after
{Heap after GC invocations=26 (full 0):
 garbage-first heap   total 312320K, used 134204K [0x0000000702c00000, 0x0000000800000000)
  region size 1024K, 4 young (4096K), 4 survivors (4096K)
 Metaspace       used 83691K, capacity 86822K, committed 86936K, reserved 1126400K
  class space    used 9170K, capacity 10469K, committed 10496K, reserved 1048576K
}

Deoptimization events (10 events):
Event: 185.553 Thread 0x0000029c5b733000 Uncommon trap: reason=class_check action=maybe_recompile pc=0x0000029c428cbf0c method=java.util.Formatter$FixedString.print(Ljava/lang/Object;Ljava/util/Locale;)V @ 19 c2
Event: 185.553 Thread 0x0000029c5b733000 Uncommon trap: reason=class_check action=maybe_recompile pc=0x0000029c42265ee4 method=java.util.Formatter$FormatSpecifier.appendJustified(Ljava/lang/Appendable;Ljava/lang/CharSequence;)Ljava/lang/Appendable; @ 10 c2
Event: 185.553 Thread 0x0000029c5b733000 Uncommon trap: reason=class_check action=maybe_recompile pc=0x0000029c42265ee4 method=java.util.Formatter$FormatSpecifier.appendJustified(Ljava/lang/Appendable;Ljava/lang/CharSequence;)Ljava/lang/Appendable; @ 10 c2
Event: 185.553 Thread 0x0000029c5b733000 Uncommon trap: reason=class_check action=maybe_recompile pc=0x0000029c428cbf0c method=java.util.Formatter$FixedString.print(Ljava/lang/Object;Ljava/util/Locale;)V @ 19 c2
Event: 185.553 Thread 0x0000029c5b733000 Uncommon trap: reason=class_check action=maybe_recompile pc=0x0000029c42265ee4 method=java.util.Formatter$FormatSpecifier.appendJustified(Ljava/lang/Appendable;Ljava/lang/CharSequence;)Ljava/lang/Appendable; @ 10 c2
Event: 185.553 Thread 0x0000029c5b733000 Uncommon trap: reason=class_check action=maybe_recompile pc=0x0000029c42265ee4 method=java.util.Formatter$FormatSpecifier.appendJustified(Ljava/lang/Appendable;Ljava/lang/CharSequence;)Ljava/lang/Appendable; @ 10 c2
Event: 185.553 Thread 0x0000029c5b733000 Uncommon trap: reason=class_check action=maybe_recompile pc=0x0000029c428cbf0c method=java.util.Formatter$FixedString.print(Ljava/lang/Object;Ljava/util/Locale;)V @ 19 c2
Event: 185.553 Thread 0x0000029c5b733000 Uncommon trap: reason=class_check action=maybe_recompile pc=0x0000029c428cbf0c method=java.util.Formatter$FixedString.print(Ljava/lang/Object;Ljava/util/Locale;)V @ 19 c2
Event: 185.553 Thread 0x0000029c5b733000 Uncommon trap: reason=unstable_if action=reinterpret pc=0x0000029c425d2de0 method=java.util.Formatter$Conversion.isInteger(C)Z @ 1 c2
Event: 185.554 Thread 0x0000029c5b733000 Uncommon trap: reason=unstable_if action=reinterpret pc=0x0000029c4255009c method=java.util.Formatter$Conversion.isInteger(C)Z @ 1 c2

Classes redefined (0 events):
No events

Internal exceptions (10 events):
Event: 128.811 Thread 0x0000029c5b733000 Implicit null exception at 0x0000029c423486d8 to 0x0000029c4234b0f6
Event: 135.416 Thread 0x0000029c5b733000 Implicit null exception at 0x0000029c3bc67d32 to 0x0000029c3bc67fd2
Event: 135.416 Thread 0x0000029c5b733000 Exception <a 'java/lang/NullPointerException'{0x0000000710603120}> (0x0000000710603120) thrown at [t:/workspace/open/src/hotspot/share/runtime/sharedRuntime.cpp, line 584]
Event: 140.819 Thread 0x0000029c5b733000 Implicit null exception at 0x0000029c3bc67d32 to 0x0000029c3bc67fd2
Event: 140.820 Thread 0x0000029c5b733000 Exception <a 'java/lang/NullPointerException'{0x000000070f7df1c8}> (0x000000070f7df1c8) thrown at [t:/workspace/open/src/hotspot/share/runtime/sharedRuntime.cpp, line 584]
Event: 158.823 Thread 0x0000029c5b733000 Implicit null exception at 0x0000029c3bc67d32 to 0x0000029c3bc67fd2
Event: 158.823 Thread 0x0000029c5b733000 Exception <a 'java/lang/NullPointerException'{0x0000000712e1ec90}> (0x0000000712e1ec90) thrown at [t:/workspace/open/src/hotspot/share/runtime/sharedRuntime.cpp, line 584]
Event: 169.631 Thread 0x0000029c5b733000 Implicit null exception at 0x0000029c3bc67d32 to 0x0000029c3bc67fd2
Event: 169.631 Thread 0x0000029c5b733000 Exception <a 'java/lang/NullPointerException'{0x000000071073d9a0}> (0x000000071073d9a0) thrown at [t:/workspace/open/src/hotspot/share/runtime/sharedRuntime.cpp, line 584]
Event: 172.625 Thread 0x0000029c5b733000 Implicit null exception at 0x0000029c42b09d84 to 0x0000029c42b1252e

Events (10 events):
Event: 185.554 Thread 0x0000029c5b733000 DEOPT PACKING pc=0x0000029c4255009c sp=0x000000a5bd4fddf0
Event: 185.554 Thread 0x0000029c5b733000 DEOPT UNPACKING pc=0x0000029c3a5991af sp=0x000000a5bd4fdd78 mode 2
Event: 185.555 Thread 0x0000029c56a98000 flushing nmethod 0x0000029c42320e90
Event: 185.557 Thread 0x0000029c56a98000 flushing nmethod 0x0000029c4262bf10
Event: 185.557 Thread 0x0000029c56a98000 flushing nmethod 0x0000029c42673d10
Event: 185.558 Thread 0x0000029c56a98000 flushing nmethod 0x0000029c4271e990
Event: 185.558 Thread 0x0000029c56a98000 flushing nmethod 0x0000029c42794c90
Event: 185.558 Thread 0x0000029c56a98000 flushing nmethod 0x0000029c4281b210
Event: 185.558 Thread 0x0000029c56a98000 flushing nmethod 0x0000029c4289ab10
Event: 185.559 Thread 0x0000029c56a98000 flushing nmethod 0x0000029c42a72110


Dynamic libraries:
0x00007ff73a460000 - 0x00007ff73a4a5000 	D:\Java\jdk-11.0.2\bin\java.exe
0x00007ffb4a850000 - 0x00007ffb4aa48000 	C:\Windows\SYSTEM32\ntdll.dll
0x00007ffb48e30000 - 0x00007ffb48eed000 	C:\Windows\System32\KERNEL32.DLL
0x00007ffb48120000 - 0x00007ffb483ee000 	C:\Windows\System32\KERNELBASE.dll
0x00007ffb48fb0000 - 0x00007ffb49150000 	C:\Windows\System32\USER32.dll
0x00007ffb483f0000 - 0x00007ffb48412000 	C:\Windows\System32\win32u.dll
0x00007ffb48f80000 - 0x00007ffb48faa000 	C:\Windows\System32\GDI32.dll
0x00007ffb48010000 - 0x00007ffb4811b000 	C:\Windows\System32\gdi32full.dll
0x00007ffb47f70000 - 0x00007ffb4800d000 	C:\Windows\System32\msvcp_win.dll
0x00007ffb48420000 - 0x00007ffb48520000 	C:\Windows\System32\ucrtbase.dll
0x00007ffb2b0f0000 - 0x00007ffb2b38a000 	C:\Windows\WinSxS\amd64_microsoft.windows.common-controls_6595b64144ccf1df_6.0.19041.1110_none_60b5254171f9507e\COMCTL32.dll
0x00007ffb49ac0000 - 0x00007ffb49b5e000 	C:\Windows\System32\msvcrt.dll
0x00007ffb49960000 - 0x00007ffb49990000 	C:\Windows\System32\IMM32.DLL
0x00007ffb434f0000 - 0x00007ffb43506000 	D:\Java\jdk-11.0.2\bin\vcruntime140.dll
0x00007ffb43440000 - 0x00007ffb434ea000 	D:\Java\jdk-11.0.2\bin\msvcp140.dll
0x00007ffa76b90000 - 0x00007ffa776b3000 	D:\Java\jdk-11.0.2\bin\server\jvm.dll
0x00007ffb48c50000 - 0x00007ffb48cfe000 	C:\Windows\System32\ADVAPI32.dll
0x00007ffb48b50000 - 0x00007ffb48bec000 	C:\Windows\System32\sechost.dll
0x00007ffb48d00000 - 0x00007ffb48e25000 	C:\Windows\System32\RPCRT4.dll
0x00007ffb4a380000 - 0x00007ffb4a388000 	C:\Windows\System32\PSAPI.DLL
0x00007ffb19730000 - 0x00007ffb19739000 	C:\Windows\SYSTEM32\WSOCK32.dll
0x00007ffb35a20000 - 0x00007ffb35a47000 	C:\Windows\SYSTEM32\WINMM.dll
0x00007ffb498f0000 - 0x00007ffb4995b000 	C:\Windows\System32\WS2_32.dll
0x00007ffb42780000 - 0x00007ffb4278a000 	C:\Windows\SYSTEM32\VERSION.dll
0x00007ffb45e60000 - 0x00007ffb45e72000 	C:\Windows\SYSTEM32\kernel.appcore.dll
0x00007ffb43420000 - 0x00007ffb43431000 	D:\Java\jdk-11.0.2\bin\verify.dll
0x00007ffb350e0000 - 0x00007ffb352c4000 	C:\Windows\SYSTEM32\DBGHELP.DLL
0x00007ffb30620000 - 0x00007ffb3064c000 	C:\Windows\SYSTEM32\dbgcore.DLL
0x00007ffb48820000 - 0x00007ffb488a2000 	C:\Windows\System32\bcryptPrimitives.dll
0x00007ffb43260000 - 0x00007ffb43288000 	D:\Java\jdk-11.0.2\bin\java.dll
0x00007ffb25f30000 - 0x00007ffb25f5f000 	D:\Java\jdk-11.0.2\bin\instrument.dll
0x00007ffb43240000 - 0x00007ffb43256000 	D:\Java\jdk-11.0.2\bin\zip.dll
0x00007ffb43410000 - 0x00007ffb4341a000 	D:\Java\jdk-11.0.2\bin\jimage.dll
0x00007ffb49c30000 - 0x00007ffb4a373000 	C:\Windows\System32\SHELL32.dll
0x00007ffb46060000 - 0x00007ffb467f5000 	C:\Windows\SYSTEM32\windows.storage.dll
0x00007ffb4a4b0000 - 0x00007ffb4a804000 	C:\Windows\System32\combase.dll
0x00007ffb479d0000 - 0x00007ffb47a00000 	C:\Windows\SYSTEM32\Wldp.dll
0x00007ffb49280000 - 0x00007ffb4932d000 	C:\Windows\System32\SHCORE.dll
0x00007ffb493c0000 - 0x00007ffb49415000 	C:\Windows\System32\shlwapi.dll
0x00007ffb47eb0000 - 0x00007ffb47ecf000 	C:\Windows\SYSTEM32\profapi.dll
0x00007ffb41cf0000 - 0x00007ffb41d09000 	D:\Java\jdk-11.0.2\bin\net.dll
0x00007ffb385e0000 - 0x00007ffb386ea000 	C:\Windows\SYSTEM32\WINHTTP.dll
0x00007ffb321d0000 - 0x00007ffb323bc000 	C:\Windows\SYSTEM32\urlmon.dll
0x00007ffb30ed0000 - 0x00007ffb31181000 	C:\Windows\SYSTEM32\iertutil.dll
0x00007ffb313f0000 - 0x00007ffb31418000 	C:\Windows\SYSTEM32\srvcli.dll
0x00007ffb47410000 - 0x00007ffb4741c000 	C:\Windows\SYSTEM32\netutils.dll
0x00007ffb47730000 - 0x00007ffb4779a000 	C:\Windows\system32\mswsock.dll
0x00007ffb41cd0000 - 0x00007ffb41ce3000 	D:\Java\jdk-11.0.2\bin\nio.dll
0x00007ffb44b80000 - 0x00007ffb44b9a000 	D:\IntelliJ IDEA Community Edition 2022.1.2\bin\breakgen64.dll
0x00007ffb25ea0000 - 0x00007ffb25ec7000 	D:\Java\jdk-11.0.2\bin\sunec.dll
0x00007ffb36c40000 - 0x00007ffb36c4d000 	D:\Java\jdk-11.0.2\bin\sunmscapi.dll
0x00007ffb48690000 - 0x00007ffb487e6000 	C:\Windows\System32\CRYPT32.dll
0x00007ffb47a40000 - 0x00007ffb47a67000 	C:\Windows\SYSTEM32\ncrypt.dll
0x00007ffb47a00000 - 0x00007ffb47a3b000 	C:\Windows\SYSTEM32\NTASN1.dll
0x00007ffb47920000 - 0x00007ffb47938000 	C:\Windows\SYSTEM32\CRYPTSP.dll
0x00007ffb47040000 - 0x00007ffb47074000 	C:\Windows\system32\rsaenh.dll
0x00007ffb487f0000 - 0x00007ffb48817000 	C:\Windows\System32\bcrypt.dll
0x00007ffb47e70000 - 0x00007ffb47e9e000 	C:\Windows\SYSTEM32\USERENV.dll
0x00007ffb47940000 - 0x00007ffb4794c000 	C:\Windows\SYSTEM32\CRYPTBASE.dll
0x00007ffb473d0000 - 0x00007ffb4740b000 	C:\Windows\SYSTEM32\IPHLPAPI.DLL
0x00007ffb48ef0000 - 0x00007ffb48ef8000 	C:\Windows\System32\NSI.dll
0x00007ffb3fda0000 - 0x00007ffb3fdb7000 	C:\Windows\SYSTEM32\dhcpcsvc6.DLL
0x00007ffb41760000 - 0x00007ffb4177d000 	C:\Windows\SYSTEM32\dhcpcsvc.DLL
0x00007ffb47420000 - 0x00007ffb474ea000 	C:\Windows\SYSTEM32\DNSAPI.dll
0x00007ffb06ff0000 - 0x00007ffb0718e000 	D:\Java\jdk-11.0.2\bin\awt.dll
0x00007ffb49b60000 - 0x00007ffb49c2d000 	C:\Windows\System32\OLEAUT32.dll
0x00007ffb44240000 - 0x00007ffb44800000 	C:\Windows\SYSTEM32\d2d1.dll
0x00007ffb457a0000 - 0x00007ffb45830000 	C:\Windows\SYSTEM32\apphelp.dll
0x00007ffb458e0000 - 0x00007ffb4597e000 	C:\Windows\system32\uxtheme.dll
0x00007ffb04670000 - 0x00007ffb047a8000 	C:\ProgramData\A-Volute\A-Volute.Nahimic\Modules\Scheduled\x64\AudioDevProps2.dll
0x00007ffb49990000 - 0x00007ffb49aba000 	C:\Windows\System32\ole32.dll
0x00007ffb12fe0000 - 0x00007ffb1308e000 	C:\ProgramData\A-Volute\A-Volute.Nahimic\Modules\Scheduled\x64\NahimicOSD.dll
0x00007ffb45500000 - 0x00007ffb45567000 	C:\ProgramData\A-Volute\A-Volute.Nahimic\Modules\Scheduled\x64\ProductInfo.dll
0x0000029c596b0000 - 0x0000029c597c5000 	C:\Windows\System32\MSCTF.dll
0x00007ffb45c80000 - 0x00007ffb45caf000 	C:\Windows\system32\DWMAPI.DLL
0x00007ffb13210000 - 0x00007ffb13337000 	C:\Windows\system32\opengl32.dll
0x00007ffb131e0000 - 0x00007ffb1320c000 	C:\Windows\SYSTEM32\GLU32.dll
0x00007ffb21630000 - 0x00007ffb216b0000 	D:\Java\jdk-11.0.2\bin\freetype.dll
0x00007ffb0d1b0000 - 0x00007ffb0d21f000 	D:\Java\jdk-11.0.2\bin\fontmanager.dll
0x00007ffb1a890000 - 0x00007ffb1a989000 	C:\Windows\SYSTEM32\textinputframework.dll
0x00007ffb45130000 - 0x00007ffb4548e000 	C:\Windows\System32\CoreUIComponents.dll
0x00007ffb45570000 - 0x00007ffb45662000 	C:\Windows\System32\CoreMessaging.dll
0x00007ffb46c70000 - 0x00007ffb46ca3000 	C:\Windows\SYSTEM32\ntmarta.dll
0x00007ffb43c80000 - 0x00007ffb43dd4000 	C:\Windows\SYSTEM32\wintypes.dll
0x00007ffb433c0000 - 0x00007ffb433c9000 	D:\Java\jdk-11.0.2\bin\management.dll
0x00007ffb433b0000 - 0x00007ffb433bc000 	D:\Java\jdk-11.0.2\bin\management_ext.dll
0x00007ffb3f040000 - 0x00007ffb3f04a000 	C:\Windows\System32\rasadhlp.dll
0x00007ffb38560000 - 0x00007ffb385e0000 	C:\Windows\System32\fwpuclnt.dll
0x00007ffb25e50000 - 0x00007ffb25e94000 	C:\Users\johnn\AppData\Local\Temp\jna-101303491\jna680669989800930045.dll
0x00007ffb0c6c0000 - 0x00007ffb0c75c000 	C:\Users\johnn\AppData\Local\Temp\jna-101303491\jna3772166553769030100.dll
0x00007ffb34980000 - 0x00007ffb34992000 	D:\Java\jdk-11.0.2\bin\jsound.dll
0x00007ffb34820000 - 0x00007ffb348bc000 	C:\Windows\SYSTEM32\DSOUND.dll
0x00007ffb47540000 - 0x00007ffb4758b000 	C:\Windows\SYSTEM32\powrprof.dll
0x00007ffb347f0000 - 0x00007ffb34816000 	C:\Windows\SYSTEM32\winmmbase.dll
0x00007ffb473b0000 - 0x00007ffb473c2000 	C:\Windows\SYSTEM32\UMPDC.dll
0x00007ffb49150000 - 0x00007ffb491f9000 	C:\Windows\System32\clbcatq.dll
0x00007ffb41ac0000 - 0x00007ffb41b45000 	C:\Windows\System32\MMDevApi.dll
0x00007ffb47d40000 - 0x00007ffb47d6c000 	C:\Windows\System32\DEVOBJ.dll
0x00007ffb48590000 - 0x00007ffb485de000 	C:\Windows\System32\cfgmgr32.dll
0x00007ffb415a0000 - 0x00007ffb41722000 	C:\Windows\SYSTEM32\AudioSes.dll
0x00007ffb1e5d0000 - 0x00007ffb1e613000 	C:\ProgramData\A-Volute\A-Volute.Nahimic\Modules\Scheduled\x64\ASM.Plugin.AudioDevProps2.dll
0x00007ffb43710000 - 0x00007ffb43806000 	C:\Windows\SYSTEM32\PropSys.dll
0x00007ffa732d0000 - 0x00007ffa73316000 	C:\Windows\SYSTEM32\wdmaud.drv
0x00007ffb42e90000 - 0x00007ffb42e99000 	C:\Windows\SYSTEM32\ksuser.dll
0x00007ffb420e0000 - 0x00007ffb420ea000 	C:\Windows\SYSTEM32\AVRT.dll
0x00007ffa759d0000 - 0x00007ffa759dd000 	C:\Windows\SYSTEM32\msacm32.drv
0x00007ffa732b0000 - 0x00007ffa732ce000 	C:\Windows\SYSTEM32\MSACM32.dll
0x00007ffa74020000 - 0x00007ffa7402b000 	C:\Windows\SYSTEM32\midimap.dll
0x00007ffb45a60000 - 0x00007ffb45a74000 	C:\Windows\SYSTEM32\resourcepolicyclient.dll
0x00007ffb1aac0000 - 0x00007ffb1ac01000 	C:\Windows\System32\Windows.UI.dll
0x00007ffb1a730000 - 0x00007ffb1a882000 	C:\Windows\System32\InputHost.dll
0x00007ffb406a0000 - 0x00007ffb40741000 	C:\Windows\System32\WindowManagementAPI.dll
0x00007ffb40440000 - 0x00007ffb40640000 	C:\Windows\SYSTEM32\twinapi.appcore.dll
0x00007ffb19790000 - 0x00007ffb197bd000 	D:\Java\jdk-11.0.2\bin\javajpeg.dll
0x00007ffb0c640000 - 0x00007ffb0c6bf000 	D:\Java\jdk-11.0.2\bin\mlib_image.dll
0x00007ffb36ba0000 - 0x00007ffb36ba7000 	D:\Java\jdk-11.0.2\bin\jawt.dll
0x00007ffb12fb0000 - 0x00007ffb12fd7000 	C:\Users\johnn\AppData\Local\Temp\7580811134682451132rlawt.dll
0x00007ffb41ea0000 - 0x00007ffb41eab000 	C:\Windows\SYSTEM32\WINNSI.DLL
0x00007ffb40070000 - 0x00007ffb40224000 	C:\Windows\SYSTEM32\WindowsCodecs.dll
0x00007ffb131a0000 - 0x00007ffb131de000 	C:\Windows\system32\dataexchange.dll
0x00007ffb44bc0000 - 0x00007ffb44da4000 	C:\Windows\system32\dcomp.dll
0x00007ffb44800000 - 0x00007ffb44a63000 	C:\Windows\system32\d3d11.dll
0x00007ffb46860000 - 0x00007ffb46953000 	C:\Windows\system32\dxgi.dll
0x00007ffb43300000 - 0x00007ffb433ae000 	C:\Windows\SYSTEM32\mscms.dll
0x00007ffb43200000 - 0x00007ffb43211000 	C:\Windows\SYSTEM32\ColorAdapterClient.dll
0x00007ffa9e690000 - 0x00007ffa9e6d3000 	C:\Windows\SYSTEM32\icm32.dll
0x00007ffb41fe0000 - 0x00007ffb420d7000 	C:\Windows\System32\AppXDeploymentClient.dll
0x00007ffa98100000 - 0x00007ffa990c5000 	C:\Windows\System32\DriverStore\FileRepository\iigd_dch.inf_amd64_a086f01cc7be643a\ig9icd64.dll

dbghelp: loaded successfully - version: 4.0.5 - missing functions: none
symbol engine: initialized successfully - sym options: 0x614 - pdb path: .;D:\Java\jdk-11.0.2\bin;C:\Windows\SYSTEM32;C:\Windows\WinSxS\amd64_microsoft.windows.common-controls_6595b64144ccf1df_6.0.19041.1110_none_60b5254171f9507e;D:\Java\jdk-11.0.2\bin\server;D:\IntelliJ IDEA Community Edition 2022.1.2\bin;C:\ProgramData\A-Volute\A-Volute.Nahimic\Modules\Scheduled\x64;C:\Users\johnn\AppData\Local\Temp\jna-101303491;C:\Users\johnn\AppData\Local\Temp;C:\Windows\System32\DriverStore\FileRepository\iigd_dch.inf_amd64_a086f01cc7be643a;C:\Users\johnn\AppData\Local\Temp\lwjgl-rl-amd64\3.3.1-build-7

VM Arguments:
jvm_args: -ea -javaagent:D:\IntelliJ IDEA Community Edition 2022.1.2\lib\idea_rt.jar=56835:D:\IntelliJ IDEA Community Edition 2022.1.2\bin -Dfile.encoding=UTF-8 
java_command: net.runelite.client.RuneLite --developer-mode --debug
java_class_path (initial): D:\Java\runelite-base\runelite-client\target\classes;C:\Users\johnn\.m2\repository\org\slf4j\slf4j-api\1.7.25\slf4j-api-1.7.25.jar;C:\Users\johnn\.m2\repository\ch\qos\logback\logback-classic\1.2.9\logback-classic-1.2.9.jar;C:\Users\johnn\.m2\repository\ch\qos\logback\logback-core\1.2.9\logback-core-1.2.9.jar;C:\Users\johnn\.m2\repository\net\sf\jopt-simple\jopt-simple\5.0.1\jopt-simple-5.0.1.jar;C:\Users\johnn\.m2\repository\com\google\guava\guava\23.2-jre\guava-23.2-jre.jar;C:\Users\johnn\.m2\repository\com\google\inject\guice\4.1.0\guice-4.1.0-no_aop.jar;C:\Users\johnn\.m2\repository\javax\inject\javax.inject\1\javax.inject-1.jar;C:\Users\johnn\.m2\repository\aopalliance\aopalliance\1.0\aopalliance-1.0.jar;C:\Users\johnn\.m2\repository\com\google\code\gson\gson\2.8.5\gson-2.8.5.jar;C:\Users\johnn\.m2\repository\net\runelite\pushingpixels\substance\8.0.02\substance-8.0.02.jar;C:\Users\johnn\.m2\repository\net\runelite\pushingpixels\trident\1.5.00\trident-1.5.00.jar;C:\Users\johnn\.m2\repository\org\apache\commons\commons-text\1.2\commons-text-1.2.jar;C:\Users\johnn\.m2\repository\org\apache\commons\commons-lang3\3.7\commons-lang3-3.7.jar;C:\Users\johnn\.m2\repository\net\runelite\archive-patcher\archive-patcher-applier\1.2\archive-patcher-applier-1.2.jar;C:\Users\johnn\.m2\repository\net\java\dev\jna\jna\5.9.0\jna-5.9.0.jar;C:\Users\johnn\.m2\repository\net\java\dev\jna\jna-platform\5.9.0\jna-platform-5.9.0.jar;C:\Users\johnn\.m2\repository\com\google\code\findbugs\jsr305\3.0.2\jsr305-3.0.2.jar;C:\Users\johnn\.m2\repository\com\google\protobuf\protobuf-javalite\3.21.1\protobuf-javalite-3.21.1.jar;C:\Users\johnn\.m2\repository\net\runelite\rlawt\1.3\rlawt-1.3.jar;C:\Users\johnn\.m2\repository\net\runelite\jocl\jocl\1.0\jocl-1.0.jar;C:\Users\johnn\.m2\repository\net\runelite\jocl\jocl\1.0\jocl-1.0-macos-x64.jar;C:\Users\johnn\.m2\repository\net\runelite\jocl\jocl\1.0\jocl-1.0-macos-arm64.jar;C:\Users\johnn\.m2\repository\org\lwjgl\lwjgl\
Launcher Type: SUN_STANDARD

[Global flags]
     intx CICompilerCount                          = 4                                         {product} {ergonomic}
     uint ConcGCThreads                            = 2                                         {product} {ergonomic}
     uint G1ConcRefinementThreads                  = 8                                         {product} {ergonomic}
   size_t G1HeapRegionSize                         = 1048576                                   {product} {ergonomic}
    uintx GCDrainStackTargetSize                   = 64                                        {product} {ergonomic}
   size_t InitialHeapSize                          = 266338304                                 {product} {ergonomic}
   size_t MarkStackSize                            = 4194304                                   {product} {ergonomic}
   size_t MaxHeapSize                              = 4248829952                                {product} {ergonomic}
   size_t MaxNewSize                               = 2549088256                                {product} {ergonomic}
   size_t MinHeapDeltaBytes                        = 1048576                                   {product} {ergonomic}
    uintx NonNMethodCodeHeapSize                   = 5835340                                {pd product} {ergonomic}
    uintx NonProfiledCodeHeapSize                  = 122911450                              {pd product} {ergonomic}
    uintx ProfiledCodeHeapSize                     = 122911450                              {pd product} {ergonomic}
    uintx ReservedCodeCacheSize                    = 251658240                              {pd product} {ergonomic}
     bool SegmentedCodeCache                       = true                                      {product} {ergonomic}
     bool UseCompressedClassPointers               = true                                 {lp64_product} {ergonomic}
     bool UseCompressedOops                        = true                                 {lp64_product} {ergonomic}
     bool UseG1GC                                  = true                                      {product} {ergonomic}
     bool UseLargePagesIndividualAllocation        = false                                  {pd product} {ergonomic}

Logging:
Log output configuration:
 #0: stdout all=warning uptime,level,tags
 #1: stderr all=off uptime,level,tags

Environment Variables:
PATH=C:\Program Files (x86)\Common Files\Oracle\Java\javapath;C:\Windows\system32;C:\Windows;C:\Windows\System32\Wbem;C:\Windows\System32\WindowsPowerShell\v1.0\;C:\Windows\System32\OpenSSH\;C:\Program Files\NVIDIA Corporation\NVIDIA NvDLISR;C:\Program Files (x86)\NVIDIA Corporation\PhysX\Common;C:\Program Files\dotnet\;D:\Bitvise;C:\Program Files\Git\cmd;C:\Users\johnn\AppData\Local\Microsoft\WindowsApps;C:\Users\johnn\.dotnet\tools;C:\Users\johnn\AppData\Local\GitHubDesktop\bin
USERNAME=johnn
OS=Windows_NT
PROCESSOR_IDENTIFIER=Intel64 Family 6 Model 165 Stepping 2, GenuineIntel



---------------  S Y S T E M  ---------------

OS: Windows 10 , 64 bit Build 19041 (10.0.19041.1889)

CPU:total 8 (initial active 8) (4 cores per cpu, 2 threads per core) family 6 model 165 stepping 2, cmov, cx8, fxsr, mmx, sse, sse2, sse3, ssse3, sse4.1, sse4.2, popcnt, avx, avx2, aes, clmul, erms, 3dnowpref, lzcnt, ht, tsc, tscinvbit, bmi1, bmi2, adx, fma

Memory: 4k page, system-wide physical 16205M (4984M free)
TotalPageFile size 30029M (AvailPageFile size 15627M)
current process WorkingSet (physical memory assigned to process): 905M, peak: 997M
current process commit charge ("private bytes"): 757M, peak: 851M

vm_info: OpenJDK 64-Bit Server VM (11.0.2+9) for windows-amd64 JRE (11.0.2+9), built on Jan 18 2019 05:23:22 by "mach5one" with MS VC++ 15.5 (VS2017)

END.
