#
# A fatal error has been detected by the Java Runtime Environment:
#
#  EXCEPTION_ACCESS_VIOLATION (0xc0000005) at pc=0x00007ffa69671973, pid=18940, tid=15944
#
# JRE version: OpenJDK Runtime Environment (11.0.2+9) (build 11.0.2+9)
# Java VM: OpenJDK 64-Bit Server VM (11.0.2+9, mixed mode, tiered, compressed oops, g1 gc, windows-amd64)
# Problematic frame:
# C  [ig9icd64.dll+0x9c1973]
#
# No core dump will be written. Minidumps are not enabled by default on client versions of Windows
#
# If you would like to submit a bug report, please visit:
#   http://bugreport.java.com/bugreport/crash.jsp
# The crash happened outside the Java Virtual Machine in native code.
# See problematic frame for where to report the bug.
#

---------------  S U M M A R Y ------------

Command Line: -ea -javaagent:D:\IntelliJ IDEA Community Edition 2022.1.2\lib\idea_rt.jar=58448:D:\IntelliJ IDEA Community Edition 2022.1.2\bin -Dfile.encoding=UTF-8 net.runelite.client.RuneLite --developer-mode --debug

Host: Intel(R) Core(TM) i5-10200H CPU @ 2.40GHz, 8 cores, 15G,  Windows 10 , 64 bit Build 19041 (10.0.19041.1889)
Time: Fri Sep 30 15:59:26 2022 West-Europa (zomertijd) elapsed time: 108 seconds (0d 0h 1m 48s)

---------------  T H R E A D  ---------------

Current thread (0x000001d94f285000):  JavaThread "Client" daemon [_thread_in_native, id=15944, stack(0x0000004f5c500000,0x0000004f5c600000)]

Stack: [0x0000004f5c500000,0x0000004f5c600000],  sp=0x0000004f5c5fe378,  free space=1016k
Native frames: (J=compiled Java code, j=interpreted, Vv=VM code, C=native code)
C  [ig9icd64.dll+0x9c1973]

Java frames: (J=compiled Java code, j=interpreted, Vv=VM code)
J 9133  net.runelite.rlawt.AWTContext.swapBuffers()V (0 bytes) @ 0x000001d939a5fe0b [0x000001d939a5fdc0+0x000000000000004b]
J 9017 c1 net.runelite.client.plugins.gpu.GpuPlugin.draw(I)V (1388 bytes) @ 0x000001d93356768c [0x000001d933562fe0+0x00000000000046ac]
J 7765 c1 ai.w(Ljava/lang/Object;I)V (92 bytes) @ 0x000001d933120a3c [0x000001d9331202a0+0x000000000000079c]
j  ai.run()V+379
j  java.lang.Thread.run()V+11 java.base@11.0.2
v  ~StubRoutines::call_stub

siginfo: EXCEPTION_ACCESS_VIOLATION (0xc0000005), reading address 0x00007ffda9885e20


Register to memory mapping:

RIP=0x00007ffa69671973 ig9icd64.dll
RAX=0x000000000fff0fff is an unknown value
RBX=0x00007ffa68cb0000 ig9icd64.dll
RCX=0x000000033fcf3fcc is an unknown value
RDX=0x0000004f5c5fe890 is pointing into the stack for thread: 0x000001d94f285000
RSP=0x0000004f5c5fe378 is pointing into the stack for thread: 0x000001d94f285000
RBP=0x0000004f5c5fe480 is pointing into the stack for thread: 0x000001d94f285000
RSI=0x000001d955868180 points into unknown readable memory: 40 e0 7a 56 d9 01 00 00
RDI=0x0000004f5c5fe680 is pointing into the stack for thread: 0x000001d94f285000
R8 =0x0000004f5c5fe4b0 is pointing into the stack for thread: 0x000001d94f285000
R9 =0x0000004f5c5fe890 is pointing into the stack for thread: 0x000001d94f285000
R10=0x0000004f5c5fe680 is pointing into the stack for thread: 0x000001d94f285000
R11=0x0 is NULL
R12=0x00007ffa69ad62f0 ig9icd64.dll
R13=0x0 is NULL
R14=0x0 is NULL
R15=0x00000000000001c1 is an unknown value


Registers:
RAX=0x000000000fff0fff, RBX=0x00007ffa68cb0000, RCX=0x000000033fcf3fcc, RDX=0x0000004f5c5fe890
RSP=0x0000004f5c5fe378, RBP=0x0000004f5c5fe480, RSI=0x000001d955868180, RDI=0x0000004f5c5fe680
R8 =0x0000004f5c5fe4b0, R9 =0x0000004f5c5fe890, R10=0x0000004f5c5fe680, R11=0x0000000000000000
R12=0x00007ffa69ad62f0, R13=0x0000000000000000, R14=0x0000000000000000, R15=0x00000000000001c1
RIP=0x00007ffa69671973, EFLAGS=0x0000000000010206

Top of Stack: (sp=0x0000004f5c5fe378)
0x0000004f5c5fe378:   00007ffa6966f0ab 0000000000000001
0x0000004f5c5fe388:   0000000000000000 000001d9540f1000
0x0000004f5c5fe398:   00007ffb3bed2572 0000004f00000065
0x0000004f5c5fe3a8:   0000004f5c5fe5b0 0000000000000000
0x0000004f5c5fe3b8:   000001d960a866c0 0000000000000000
0x0000004f5c5fe3c8:   000001d95f8323e0 000001d9540f10c0
0x0000004f5c5fe3d8:   0000000000000fb0 0000000000000000
0x0000004f5c5fe3e8:   0000000000000000 0000004f5c5fe560
0x0000004f5c5fe3f8:   00007ffa69306bb0 0000000000000000
0x0000004f5c5fe408:   0000000000000000 0000000000000000
0x0000004f5c5fe418:   0000000000000000 0000e52e986b60cf
0x0000004f5c5fe428:   00007ffa68cc6145 0000000000000000
0x0000004f5c5fe438:   0000000000000001 0000000000000000
0x0000004f5c5fe448:   00007ffb4a87b86b 00000000007b0029
0x0000004f5c5fe458:   000000000000004f 000001d95550ca90
0x0000004f5c5fe468:   0000000000000000 0000000000000000 

Instructions: (pc=0x00007ffa69671973)
0x00007ffa69671953:   40 44 8b 84 19 3c 1e ee 00 41 89 40 48 8b 84 19
0x00007ffa69671963:   40 1e ee 00 41 89 40 4c 49 63 42 78 48 6b c8 34
0x00007ffa69671973:   8b 84 19 54 1e ee 00 41 89 40 50 8b 84 19 58 1e
0x00007ffa69671983:   ee 00 41 89 40 54 8b 84 19 5c 1e ee 00 41 89 40 


Stack slot to memory mapping:
stack at sp + 0 slots: 0x00007ffa6966f0ab ig9icd64.dll
stack at sp + 1 slots: 0x0000000000000001 is an unknown value
stack at sp + 2 slots: 0x0 is NULL
stack at sp + 3 slots: 0x000001d9540f1000 points into unknown readable memory: 00 00 00 00 00 00 00 00
stack at sp + 4 slots: 0x00007ffb3bed2572 points into unknown readable memory: 8b c8 33 d2 8b 43
stack at sp + 5 slots: 0x0000004f00000065 is an unknown value
stack at sp + 6 slots: 0x0000004f5c5fe5b0 is pointing into the stack for thread: 0x000001d94f285000
stack at sp + 7 slots: 0x0 is NULL


---------------  P R O C E S S  ---------------

Threads class SMR info:
_java_thread_list=0x000001d956554060, length=36, elements={
0x000001d94d5ea800, 0x000001d94d616000, 0x000001d94df0a800, 0x000001d94df0c800,
0x000001d94df14000, 0x000001d94debb000, 0x000001d94debe000, 0x000001d94dea1000,
0x000001d94e1c1000, 0x000001d94e50f000, 0x000001d94f253000, 0x000001d94f22c800,
0x000001d94f277000, 0x000001d94f229800, 0x000001d94f38a800, 0x000001d94f3c0800,
0x000001d94f3d9800, 0x000001d94f289000, 0x000001d94f287800, 0x000001d94f285000,
0x000001d94f28b800, 0x000001d95579d000, 0x000001d95579b800, 0x000001d95579a000,
0x000001d95579b000, 0x000001d955799000, 0x000001d955798800, 0x000001d95579f800,
0x000001d95579c800, 0x000001d9557a3000, 0x000001d9557a4000, 0x000001d9557a4800,
0x000001d94f28a000, 0x000001d94f288800, 0x000001d9553df000, 0x000001d9553eb800
}

Java Threads: ( => current thread )
  0x000001d94d5ea800 JavaThread "Reference Handler" daemon [_thread_blocked, id=1048, stack(0x0000004f5a300000,0x0000004f5a400000)]
  0x000001d94d616000 JavaThread "Finalizer" daemon [_thread_blocked, id=9416, stack(0x0000004f5a400000,0x0000004f5a500000)]
  0x000001d94df0a800 JavaThread "Signal Dispatcher" daemon [_thread_blocked, id=4596, stack(0x0000004f5a500000,0x0000004f5a600000)]
  0x000001d94df0c800 JavaThread "Attach Listener" daemon [_thread_blocked, id=9608, stack(0x0000004f5a600000,0x0000004f5a700000)]
  0x000001d94df14000 JavaThread "C2 CompilerThread0" daemon [_thread_in_native, id=17272, stack(0x0000004f5a700000,0x0000004f5a800000)]
  0x000001d94debb000 JavaThread "C1 CompilerThread0" daemon [_thread_blocked, id=6108, stack(0x0000004f5a800000,0x0000004f5a900000)]
  0x000001d94debe000 JavaThread "Sweeper thread" daemon [_thread_blocked, id=14900, stack(0x0000004f5a900000,0x0000004f5aa00000)]
  0x000001d94dea1000 JavaThread "Common-Cleaner" daemon [_thread_blocked, id=14904, stack(0x0000004f5aa00000,0x0000004f5ab00000)]
  0x000001d94e1c1000 JavaThread "Monitor Ctrl-Break" daemon [_thread_in_native, id=6124, stack(0x0000004f5ab00000,0x0000004f5ac00000)]
  0x000001d94e50f000 JavaThread "Service Thread" daemon [_thread_blocked, id=4504, stack(0x0000004f5ac00000,0x0000004f5ad00000)]
  0x000001d94f253000 JavaThread "Java2D Disposer" daemon [_thread_blocked, id=2380, stack(0x0000004f5ae00000,0x0000004f5af00000)]
  0x000001d94f22c800 JavaThread "AWT-Shutdown" [_thread_blocked, id=5796, stack(0x0000004f5b500000,0x0000004f5b600000)]
  0x000001d94f277000 JavaThread "AWT-Windows" daemon [_thread_in_native, id=18576, stack(0x0000004f5b600000,0x0000004f5b700000)]
  0x000001d94f229800 JavaThread "AWT-EventQueue-0" [_thread_blocked, id=8456, stack(0x0000004f5b700000,0x0000004f5b800000)]
  0x000001d94f38a800 JavaThread "TimerQueue" daemon [_thread_blocked, id=18836, stack(0x0000004f5ba00000,0x0000004f5bb00000)]
  0x000001d94f3c0800 JavaThread "OkHttp ConnectionPool" daemon [_thread_blocked, id=18120, stack(0x0000004f5be00000,0x0000004f5bf00000)]
  0x000001d94f3d9800 JavaThread "Okio Watchdog" daemon [_thread_blocked, id=5596, stack(0x0000004f5bf00000,0x0000004f5c000000)]
  0x000001d94f289000 JavaThread "pool-2-thread-1" [_thread_blocked, id=13732, stack(0x0000004f5c200000,0x0000004f5c300000)]
  0x000001d94f287800 JavaThread "Thread-0" daemon [_thread_blocked, id=11268, stack(0x0000004f5bc00000,0x0000004f5bd00000)]
=>0x000001d94f285000 JavaThread "Client" daemon [_thread_in_native, id=15944, stack(0x0000004f5c500000,0x0000004f5c600000)]
  0x000001d94f28b800 JavaThread "Thread-2" daemon [_thread_blocked, id=16728, stack(0x0000004f5c600000,0x0000004f5c700000)]
  0x000001d95579d000 JavaThread "Thread-4" daemon [_thread_blocked, id=6004, stack(0x0000004f5c800000,0x0000004f5c900000)]
  0x000001d95579b800 JavaThread "Java Sound Event Dispatcher" daemon [_thread_blocked, id=14696, stack(0x0000004f5cc00000,0x0000004f5cd00000)]
  0x000001d95579a000 JavaThread "pool-5-thread-1" [_thread_blocked, id=1616, stack(0x0000004f5d000000,0x0000004f5d100000)]
  0x000001d95579b000 JavaThread "Thread-6" daemon [_thread_blocked, id=2540, stack(0x0000004f5d300000,0x0000004f5d400000)]
  0x000001d955799000 JavaThread "OkHttp repo.runelite.net Writer" [_thread_blocked, id=10232, stack(0x0000004f5d400000,0x0000004f5d500000)]
  0x000001d955798800 JavaThread "OkHttp repo.runelite.net" [_thread_in_native, id=8664, stack(0x0000004f5d500000,0x0000004f5d600000)]
  0x000001d95579f800 JavaThread "Substance heap status" daemon [_thread_blocked, id=8700, stack(0x0000004f5d800000,0x0000004f5d900000)]
  0x000001d95579c800 JavaThread "pool-7-thread-1" [_thread_in_native, id=17976, stack(0x0000004f5da00000,0x0000004f5db00000)]
  0x000001d9557a3000 JavaThread "Trident callback thread" daemon [_thread_blocked, id=13976, stack(0x0000004f5dc00000,0x0000004f5dd00000)]
  0x000001d9557a4000 JavaThread "Trident pulse source thread" daemon [_thread_blocked, id=5944, stack(0x0000004f5dd00000,0x0000004f5de00000)]
  0x000001d9557a4800 JavaThread "DestroyJavaVM" [_thread_blocked, id=5656, stack(0x0000004f59c00000,0x0000004f59d00000)]
  0x000001d94f28a000 JavaThread "Thread-11" daemon [_thread_in_native, id=5636, stack(0x0000004f5b800000,0x0000004f5b900000)]
  0x000001d94f288800 JavaThread "Thread-12" daemon [_thread_blocked, id=8908, stack(0x0000004f5c300000,0x0000004f5c400000)]
  0x000001d9553df000 JavaThread "SIGINT handler" daemon [_thread_blocked, id=13708, stack(0x0000004f59a00000,0x0000004f59b00000)]
  0x000001d9553eb800 JavaThread "ToolkitShutdown" daemon [_thread_in_native, id=5676, stack(0x0000004f5c700000,0x0000004f5c800000)]

Other Threads:
  0x000001d94d5e6800 VMThread "VM Thread" [stack: 0x0000004f5a200000,0x0000004f5a300000] [id=3084]
  0x000001d94e510000 WatcherThread [stack: 0x0000004f5ad00000,0x0000004f5ae00000] [id=16788]
  0x000001d929652000 GCTaskThread "GC Thread#0" [stack: 0x0000004f59d00000,0x0000004f59e00000] [id=8392]
  0x000001d94f156800 GCTaskThread "GC Thread#1" [stack: 0x0000004f5af00000,0x0000004f5b000000] [id=15172]
  0x000001d94f158000 GCTaskThread "GC Thread#2" [stack: 0x0000004f5b000000,0x0000004f5b100000] [id=4172]
  0x000001d94f158800 GCTaskThread "GC Thread#3" [stack: 0x0000004f5b100000,0x0000004f5b200000] [id=18660]
  0x000001d94f159800 GCTaskThread "GC Thread#4" [stack: 0x0000004f5b200000,0x0000004f5b300000] [id=6416]
  0x000001d94f15a800 GCTaskThread "GC Thread#5" [stack: 0x0000004f5b300000,0x0000004f5b400000] [id=9996]
  0x000001d94f6b1000 GCTaskThread "GC Thread#6" [stack: 0x0000004f5c000000,0x0000004f5c100000] [id=15540]
  0x000001d94f6b8000 GCTaskThread "GC Thread#7" [stack: 0x0000004f5c100000,0x0000004f5c200000] [id=4996]
  0x000001d9296b0800 ConcurrentGCThread "G1 Main Marker" [stack: 0x0000004f59e00000,0x0000004f59f00000] [id=4336]
  0x000001d9296b2800 ConcurrentGCThread "G1 Conc#0" [stack: 0x0000004f59f00000,0x0000004f5a000000] [id=11360]
  0x000001d94f2b7800 ConcurrentGCThread "G1 Conc#1" [stack: 0x0000004f5b900000,0x0000004f5ba00000] [id=2648]
  0x000001d94d4d2800 ConcurrentGCThread "G1 Refine#0" [stack: 0x0000004f5a000000,0x0000004f5a100000] [id=11416]
  0x000001d94e1bc000 ConcurrentGCThread "G1 Refine#1" [stack: 0x0000004f5b400000,0x0000004f5b500000] [id=2424]
  0x000001d9529f8800 ConcurrentGCThread "G1 Refine#2" [stack: 0x0000004f5db00000,0x0000004f5dc00000] [id=9296]
  0x000001d955c06000 ConcurrentGCThread "G1 Refine#3" [stack: 0x0000004f5e200000,0x0000004f5e300000] [id=1684]
  0x000001d94d4d5000 ConcurrentGCThread "G1 Young RemSet Sampling" [stack: 0x0000004f5a100000,0x0000004f5a200000] [id=17120]

Threads with active compile tasks:
C2 CompilerThread014360       4       net.runelite.client.plugins.menuentryswapper.MenuEntrySwapperPlugin::swapMenuEntry (1133 bytes)

VM state:not at safepoint (normal execution)

VM Mutex/Monitor currently owned by a thread: None

Heap address: 0x0000000702c00000, size: 4052 MB, Compressed Oops mode: Zero based, Oop shift amount: 3
Narrow klass base: 0x0000000800000000, Narrow klass shift: 0
Compressed class space size: 1073741824 Address: 0x0000000800000000

Heap:
 garbage-first heap   total 312320K, used 230400K [0x0000000702c00000, 0x0000000800000000)
  region size 1024K, 80 young (81920K), 4 survivors (4096K)
 Metaspace       used 84251K, capacity 87339K, committed 87640K, reserved 1126400K
  class space    used 9205K, capacity 10535K, committed 10584K, reserved 1048576K
Heap Regions: E=young(eden), S=young(survivor), O=old, HS=humongous(starts), HC=humongous(continues), CS=collection set, F=free, A=archive, TAMS=top-at-mark-start (previous, next)
|   0|0x0000000702c00000, 0x0000000702d00000, 0x0000000702d00000|100%| O|  |TAMS 0x0000000702d00000, 0x0000000702c00000| Untracked 
|   1|0x0000000702d00000, 0x0000000702e00000, 0x0000000702e00000|100%| O|  |TAMS 0x0000000702e00000, 0x0000000702d00000| Untracked 
|   2|0x0000000702e00000, 0x0000000702f00000, 0x0000000702f00000|100%| O|  |TAMS 0x0000000702f00000, 0x0000000702e00000| Untracked 
|   3|0x0000000702f00000, 0x0000000703000000, 0x0000000703000000|100%| O|  |TAMS 0x0000000703000000, 0x0000000702f00000| Untracked 
|   4|0x0000000703000000, 0x0000000703100000, 0x0000000703100000|100%| O|  |TAMS 0x0000000703100000, 0x0000000703000000| Untracked 
|   5|0x0000000703100000, 0x0000000703200000, 0x0000000703200000|100%| O|  |TAMS 0x0000000703200000, 0x0000000703100000| Untracked 
|   6|0x0000000703200000, 0x0000000703300000, 0x0000000703300000|100%| O|  |TAMS 0x0000000703300000, 0x0000000703200000| Untracked 
|   7|0x0000000703300000, 0x0000000703400000, 0x0000000703400000|100%| O|  |TAMS 0x0000000703400000, 0x0000000703300000| Untracked 
|   8|0x0000000703400000, 0x0000000703500000, 0x0000000703500000|100%|HS|  |TAMS 0x0000000703500000, 0x0000000703400000| Complete 
|   9|0x0000000703500000, 0x0000000703600000, 0x0000000703600000|100%| O|  |TAMS 0x0000000703600000, 0x0000000703500000| Untracked 
|  10|0x0000000703600000, 0x0000000703700000, 0x0000000703700000|100%| O|  |TAMS 0x0000000703700000, 0x0000000703600000| Untracked 
|  11|0x0000000703700000, 0x0000000703800000, 0x0000000703800000|100%| O|  |TAMS 0x0000000703800000, 0x0000000703700000| Untracked 
|  12|0x0000000703800000, 0x0000000703900000, 0x0000000703900000|100%| O|  |TAMS 0x0000000703900000, 0x0000000703800000| Untracked 
|  13|0x0000000703900000, 0x0000000703a00000, 0x0000000703a00000|100%|HS|  |TAMS 0x0000000703a00000, 0x0000000703900000| Complete 
|  14|0x0000000703a00000, 0x0000000703b00000, 0x0000000703b00000|100%|HC|  |TAMS 0x0000000703b00000, 0x0000000703a00000| Complete 
|  15|0x0000000703b00000, 0x0000000703b00000, 0x0000000703c00000|  0%| F|  |TAMS 0x0000000703b00000, 0x0000000703b00000| Untracked 
|  16|0x0000000703c00000, 0x0000000703c00000, 0x0000000703d00000|  0%| F|  |TAMS 0x0000000703c00000, 0x0000000703c00000| Untracked 
|  17|0x0000000703d00000, 0x0000000703e00000, 0x0000000703e00000|100%|HS|  |TAMS 0x0000000703e00000, 0x0000000703d00000| Complete 
|  18|0x0000000703e00000, 0x0000000703f00000, 0x0000000703f00000|100%|HC|  |TAMS 0x0000000703f00000, 0x0000000703e00000| Complete 
|  19|0x0000000703f00000, 0x0000000704000000, 0x0000000704000000|100%| O|  |TAMS 0x0000000704000000, 0x0000000703f00000| Untracked 
|  20|0x0000000704000000, 0x0000000704100000, 0x0000000704100000|100%| O|  |TAMS 0x0000000704100000, 0x0000000704000000| Untracked 
|  21|0x0000000704100000, 0x0000000704200000, 0x0000000704200000|100%| O|  |TAMS 0x0000000704200000, 0x0000000704100000| Untracked 
|  22|0x0000000704200000, 0x0000000704300000, 0x0000000704300000|100%| O|  |TAMS 0x0000000704300000, 0x0000000704200000| Untracked 
|  23|0x0000000704300000, 0x0000000704400000, 0x0000000704400000|100%| O|  |TAMS 0x0000000704400000, 0x0000000704300000| Untracked 
|  24|0x0000000704400000, 0x0000000704500000, 0x0000000704500000|100%| O|  |TAMS 0x0000000704500000, 0x0000000704400000| Untracked 
|  25|0x0000000704500000, 0x0000000704500000, 0x0000000704600000|  0%| F|  |TAMS 0x0000000704500000, 0x0000000704500000| Untracked 
|  26|0x0000000704600000, 0x0000000704600000, 0x0000000704700000|  0%| F|  |TAMS 0x0000000704600000, 0x0000000704600000| Untracked 
|  27|0x0000000704700000, 0x0000000704800000, 0x0000000704800000|100%| O|  |TAMS 0x0000000704800000, 0x0000000704700000| Untracked 
|  28|0x0000000704800000, 0x0000000704900000, 0x0000000704900000|100%| O|  |TAMS 0x0000000704900000, 0x0000000704800000| Untracked 
|  29|0x0000000704900000, 0x0000000704a00000, 0x0000000704a00000|100%| O|  |TAMS 0x0000000704a00000, 0x0000000704900000| Untracked 
|  30|0x0000000704a00000, 0x0000000704b00000, 0x0000000704b00000|100%| O|  |TAMS 0x0000000704b00000, 0x0000000704a00000| Untracked 
|  31|0x0000000704b00000, 0x0000000704c00000, 0x0000000704c00000|100%| O|  |TAMS 0x0000000704c00000, 0x0000000704b00000| Untracked 
|  32|0x0000000704c00000, 0x0000000704d00000, 0x0000000704d00000|100%| O|  |TAMS 0x0000000704d00000, 0x0000000704c00000| Untracked 
|  33|0x0000000704d00000, 0x0000000704e00000, 0x0000000704e00000|100%| O|  |TAMS 0x0000000704e00000, 0x0000000704d00000| Untracked 
|  34|0x0000000704e00000, 0x0000000704f00000, 0x0000000704f00000|100%| O|  |TAMS 0x0000000704f00000, 0x0000000704e00000| Untracked 
|  35|0x0000000704f00000, 0x0000000705000000, 0x0000000705000000|100%| O|  |TAMS 0x0000000705000000, 0x0000000704f00000| Untracked 
|  36|0x0000000705000000, 0x0000000705100000, 0x0000000705100000|100%| O|  |TAMS 0x0000000705100000, 0x0000000705000000| Untracked 
|  37|0x0000000705100000, 0x0000000705200000, 0x0000000705200000|100%| O|  |TAMS 0x0000000705200000, 0x0000000705100000| Untracked 
|  38|0x0000000705200000, 0x0000000705300000, 0x0000000705300000|100%| O|  |TAMS 0x0000000705300000, 0x0000000705200000| Untracked 
|  39|0x0000000705300000, 0x0000000705400000, 0x0000000705400000|100%| O|  |TAMS 0x0000000705400000, 0x0000000705300000| Untracked 
|  40|0x0000000705400000, 0x0000000705500000, 0x0000000705500000|100%| O|  |TAMS 0x0000000705500000, 0x0000000705400000| Untracked 
|  41|0x0000000705500000, 0x0000000705600000, 0x0000000705600000|100%| O|  |TAMS 0x0000000705600000, 0x0000000705500000| Untracked 
|  42|0x0000000705600000, 0x0000000705700000, 0x0000000705700000|100%| O|  |TAMS 0x0000000705700000, 0x0000000705600000| Untracked 
|  43|0x0000000705700000, 0x0000000705800000, 0x0000000705800000|100%| O|  |TAMS 0x0000000705800000, 0x0000000705700000| Untracked 
|  44|0x0000000705800000, 0x0000000705900000, 0x0000000705900000|100%| O|  |TAMS 0x0000000705900000, 0x0000000705800000| Untracked 
|  45|0x0000000705900000, 0x0000000705a00000, 0x0000000705a00000|100%| O|  |TAMS 0x0000000705a00000, 0x0000000705900000| Untracked 
|  46|0x0000000705a00000, 0x0000000705b00000, 0x0000000705b00000|100%| O|  |TAMS 0x0000000705b00000, 0x0000000705a00000| Untracked 
|  47|0x0000000705b00000, 0x0000000705c00000, 0x0000000705c00000|100%| O|  |TAMS 0x0000000705c00000, 0x0000000705b00000| Untracked 
|  48|0x0000000705c00000, 0x0000000705d00000, 0x0000000705d00000|100%| O|  |TAMS 0x0000000705d00000, 0x0000000705c00000| Untracked 
|  49|0x0000000705d00000, 0x0000000705e00000, 0x0000000705e00000|100%| O|  |TAMS 0x0000000705e00000, 0x0000000705d00000| Untracked 
|  50|0x0000000705e00000, 0x0000000705f00000, 0x0000000705f00000|100%| O|  |TAMS 0x0000000705f00000, 0x0000000705e00000| Untracked 
|  51|0x0000000705f00000, 0x0000000706000000, 0x0000000706000000|100%| O|  |TAMS 0x0000000706000000, 0x0000000705f00000| Untracked 
|  52|0x0000000706000000, 0x0000000706100000, 0x0000000706100000|100%| O|  |TAMS 0x0000000706100000, 0x0000000706000000| Untracked 
|  53|0x0000000706100000, 0x0000000706200000, 0x0000000706200000|100%| O|  |TAMS 0x0000000706200000, 0x0000000706100000| Untracked 
|  54|0x0000000706200000, 0x0000000706300000, 0x0000000706300000|100%| O|  |TAMS 0x0000000706300000, 0x0000000706200000| Untracked 
|  55|0x0000000706300000, 0x0000000706400000, 0x0000000706400000|100%| O|  |TAMS 0x0000000706400000, 0x0000000706300000| Untracked 
|  56|0x0000000706400000, 0x0000000706500000, 0x0000000706500000|100%| O|  |TAMS 0x0000000706500000, 0x0000000706400000| Untracked 
|  57|0x0000000706500000, 0x0000000706600000, 0x0000000706600000|100%| O|  |TAMS 0x0000000706600000, 0x0000000706500000| Untracked 
|  58|0x0000000706600000, 0x0000000706700000, 0x0000000706700000|100%| O|  |TAMS 0x0000000706700000, 0x0000000706600000| Untracked 
|  59|0x0000000706700000, 0x0000000706800000, 0x0000000706800000|100%| O|  |TAMS 0x0000000706800000, 0x0000000706700000| Untracked 
|  60|0x0000000706800000, 0x0000000706900000, 0x0000000706900000|100%| O|  |TAMS 0x0000000706900000, 0x0000000706800000| Untracked 
|  61|0x0000000706900000, 0x0000000706a00000, 0x0000000706a00000|100%| O|  |TAMS 0x0000000706a00000, 0x0000000706900000| Untracked 
|  62|0x0000000706a00000, 0x0000000706b00000, 0x0000000706b00000|100%| O|  |TAMS 0x0000000706b00000, 0x0000000706a00000| Untracked 
|  63|0x0000000706b00000, 0x0000000706c00000, 0x0000000706c00000|100%| O|  |TAMS 0x0000000706c00000, 0x0000000706b00000| Untracked 
|  64|0x0000000706c00000, 0x0000000706d00000, 0x0000000706d00000|100%| O|  |TAMS 0x0000000706d00000, 0x0000000706c00000| Untracked 
|  65|0x0000000706d00000, 0x0000000706e00000, 0x0000000706e00000|100%| O|  |TAMS 0x0000000706e00000, 0x0000000706d00000| Untracked 
|  66|0x0000000706e00000, 0x0000000706f00000, 0x0000000706f00000|100%| O|  |TAMS 0x0000000706f00000, 0x0000000706e00000| Untracked 
|  67|0x0000000706f00000, 0x0000000707000000, 0x0000000707000000|100%|HS|  |TAMS 0x0000000707000000, 0x0000000706f00000| Complete 
|  68|0x0000000707000000, 0x0000000707100000, 0x0000000707100000|100%|HC|  |TAMS 0x0000000707100000, 0x0000000707000000| Complete 
|  69|0x0000000707100000, 0x0000000707200000, 0x0000000707200000|100%|HC|  |TAMS 0x0000000707200000, 0x0000000707100000| Complete 
|  70|0x0000000707200000, 0x0000000707300000, 0x0000000707300000|100%|HC|  |TAMS 0x0000000707300000, 0x0000000707200000| Complete 
|  71|0x0000000707300000, 0x0000000707400000, 0x0000000707400000|100%|HC|  |TAMS 0x0000000707400000, 0x0000000707300000| Complete 
|  72|0x0000000707400000, 0x0000000707500000, 0x0000000707500000|100%|HC|  |TAMS 0x0000000707500000, 0x0000000707400000| Complete 
|  73|0x0000000707500000, 0x0000000707600000, 0x0000000707600000|100%|HC|  |TAMS 0x0000000707600000, 0x0000000707500000| Complete 
|  74|0x0000000707600000, 0x0000000707700000, 0x0000000707700000|100%|HC|  |TAMS 0x0000000707700000, 0x0000000707600000| Complete 
|  75|0x0000000707700000, 0x0000000707800000, 0x0000000707800000|100%|HS|  |TAMS 0x0000000707700000, 0x0000000707700000| Complete 
|  76|0x0000000707800000, 0x0000000707900000, 0x0000000707900000|100%|HC|  |TAMS 0x0000000707800000, 0x0000000707800000| Complete 
|  77|0x0000000707900000, 0x0000000707a00000, 0x0000000707a00000|100%|HC|  |TAMS 0x0000000707900000, 0x0000000707900000| Complete 
|  78|0x0000000707a00000, 0x0000000707b00000, 0x0000000707b00000|100%|HC|  |TAMS 0x0000000707a00000, 0x0000000707a00000| Complete 
|  79|0x0000000707b00000, 0x0000000707c00000, 0x0000000707c00000|100%|HC|  |TAMS 0x0000000707b00000, 0x0000000707b00000| Complete 
|  80|0x0000000707c00000, 0x0000000707d00000, 0x0000000707d00000|100%|HC|  |TAMS 0x0000000707c00000, 0x0000000707c00000| Complete 
|  81|0x0000000707d00000, 0x0000000707e00000, 0x0000000707e00000|100%|HC|  |TAMS 0x0000000707d00000, 0x0000000707d00000| Complete 
|  82|0x0000000707e00000, 0x0000000707e00000, 0x0000000707f00000|  0%| F|  |TAMS 0x0000000707e00000, 0x0000000707e00000| Untracked 
|  83|0x0000000707f00000, 0x0000000708000000, 0x0000000708000000|100%| O|  |TAMS 0x0000000708000000, 0x0000000707f00000| Untracked 
|  84|0x0000000708000000, 0x0000000708100000, 0x0000000708100000|100%| O|  |TAMS 0x0000000708100000, 0x0000000708000000| Untracked 
|  85|0x0000000708100000, 0x0000000708200000, 0x0000000708200000|100%| O|  |TAMS 0x0000000708200000, 0x0000000708100000| Untracked 
|  86|0x0000000708200000, 0x0000000708300000, 0x0000000708300000|100%| O|  |TAMS 0x0000000708300000, 0x0000000708200000| Untracked 
|  87|0x0000000708300000, 0x0000000708400000, 0x0000000708400000|100%| O|  |TAMS 0x0000000708400000, 0x0000000708300000| Untracked 
|  88|0x0000000708400000, 0x0000000708500000, 0x0000000708500000|100%| O|  |TAMS 0x0000000708500000, 0x0000000708400000| Untracked 
|  89|0x0000000708500000, 0x0000000708600000, 0x0000000708600000|100%| O|  |TAMS 0x0000000708600000, 0x0000000708500000| Untracked 
|  90|0x0000000708600000, 0x0000000708700000, 0x0000000708700000|100%| O|  |TAMS 0x0000000708700000, 0x0000000708600000| Untracked 
|  91|0x0000000708700000, 0x0000000708800000, 0x0000000708800000|100%| O|  |TAMS 0x0000000708800000, 0x0000000708700000| Untracked 
|  92|0x0000000708800000, 0x0000000708900000, 0x0000000708900000|100%| O|  |TAMS 0x0000000708900000, 0x0000000708800000| Untracked 
|  93|0x0000000708900000, 0x0000000708a00000, 0x0000000708a00000|100%| O|  |TAMS 0x0000000708a00000, 0x0000000708900000| Untracked 
|  94|0x0000000708a00000, 0x0000000708b00000, 0x0000000708b00000|100%| O|  |TAMS 0x0000000708b00000, 0x0000000708a00000| Untracked 
|  95|0x0000000708b00000, 0x0000000708c00000, 0x0000000708c00000|100%| O|  |TAMS 0x0000000708c00000, 0x0000000708b00000| Untracked 
|  96|0x0000000708c00000, 0x0000000708d00000, 0x0000000708d00000|100%| O|  |TAMS 0x0000000708d00000, 0x0000000708c00000| Untracked 
|  97|0x0000000708d00000, 0x0000000708e00000, 0x0000000708e00000|100%|HS|  |TAMS 0x0000000708e00000, 0x0000000708d00000| Complete 
|  98|0x0000000708e00000, 0x0000000708f00000, 0x0000000708f00000|100%|HS|  |TAMS 0x0000000708f00000, 0x0000000708e00000| Complete 
|  99|0x0000000708f00000, 0x0000000709000000, 0x0000000709000000|100%| O|  |TAMS 0x0000000709000000, 0x0000000708f00000| Untracked 
| 100|0x0000000709000000, 0x0000000709100000, 0x0000000709100000|100%| O|  |TAMS 0x0000000709100000, 0x0000000709000000| Untracked 
| 101|0x0000000709100000, 0x0000000709200000, 0x0000000709200000|100%| O|  |TAMS 0x0000000709200000, 0x0000000709100000| Untracked 
| 102|0x0000000709200000, 0x0000000709300000, 0x0000000709300000|100%| O|  |TAMS 0x0000000709300000, 0x0000000709200000| Untracked 
| 103|0x0000000709300000, 0x0000000709400000, 0x0000000709400000|100%| O|  |TAMS 0x0000000709400000, 0x0000000709300000| Untracked 
| 104|0x0000000709400000, 0x0000000709500000, 0x0000000709500000|100%| O|  |TAMS 0x0000000709500000, 0x0000000709400000| Untracked 
| 105|0x0000000709500000, 0x0000000709600000, 0x0000000709600000|100%| O|  |TAMS 0x0000000709600000, 0x0000000709500000| Untracked 
| 106|0x0000000709600000, 0x0000000709700000, 0x0000000709700000|100%| O|  |TAMS 0x0000000709700000, 0x0000000709600000| Untracked 
| 107|0x0000000709700000, 0x0000000709800000, 0x0000000709800000|100%| O|  |TAMS 0x0000000709800000, 0x0000000709700000| Untracked 
| 108|0x0000000709800000, 0x0000000709900000, 0x0000000709900000|100%| O|  |TAMS 0x0000000709900000, 0x0000000709800000| Untracked 
| 109|0x0000000709900000, 0x0000000709a00000, 0x0000000709a00000|100%|HS|  |TAMS 0x0000000709a00000, 0x0000000709900000| Complete 
| 110|0x0000000709a00000, 0x0000000709b00000, 0x0000000709b00000|100%|HS|  |TAMS 0x0000000709b00000, 0x0000000709a00000| Complete 
| 111|0x0000000709b00000, 0x0000000709c00000, 0x0000000709c00000|100%|HC|  |TAMS 0x0000000709c00000, 0x0000000709b00000| Complete 
| 112|0x0000000709c00000, 0x0000000709d00000, 0x0000000709d00000|100%|HC|  |TAMS 0x0000000709d00000, 0x0000000709c00000| Complete 
| 113|0x0000000709d00000, 0x0000000709e00000, 0x0000000709e00000|100%|HC|  |TAMS 0x0000000709e00000, 0x0000000709d00000| Complete 
| 114|0x0000000709e00000, 0x0000000709f00000, 0x0000000709f00000|100%|HC|  |TAMS 0x0000000709f00000, 0x0000000709e00000| Complete 
| 115|0x0000000709f00000, 0x000000070a000000, 0x000000070a000000|100%|HC|  |TAMS 0x000000070a000000, 0x0000000709f00000| Complete 
| 116|0x000000070a000000, 0x000000070a100000, 0x000000070a100000|100%|HC|  |TAMS 0x000000070a100000, 0x000000070a000000| Complete 
| 117|0x000000070a100000, 0x000000070a200000, 0x000000070a200000|100%| O|  |TAMS 0x000000070a200000, 0x000000070a100000| Untracked 
| 118|0x000000070a200000, 0x000000070a300000, 0x000000070a300000|100%| O|  |TAMS 0x000000070a300000, 0x000000070a200000| Untracked 
| 119|0x000000070a300000, 0x000000070a400000, 0x000000070a400000|100%| O|  |TAMS 0x000000070a400000, 0x000000070a300000| Untracked 
| 120|0x000000070a400000, 0x000000070a500000, 0x000000070a500000|100%| O|  |TAMS 0x000000070a500000, 0x000000070a400000| Untracked 
| 121|0x000000070a500000, 0x000000070a600000, 0x000000070a600000|100%| O|  |TAMS 0x000000070a600000, 0x000000070a500000| Untracked 
| 122|0x000000070a600000, 0x000000070a700000, 0x000000070a700000|100%| O|  |TAMS 0x000000070a700000, 0x000000070a600000| Untracked 
| 123|0x000000070a700000, 0x000000070a800000, 0x000000070a800000|100%| O|  |TAMS 0x000000070a800000, 0x000000070a700000| Untracked 
| 124|0x000000070a800000, 0x000000070a900000, 0x000000070a900000|100%| O|  |TAMS 0x000000070a900000, 0x000000070a800000| Untracked 
| 125|0x000000070a900000, 0x000000070aa00000, 0x000000070aa00000|100%| O|  |TAMS 0x000000070aa00000, 0x000000070a900000| Untracked 
| 126|0x000000070aa00000, 0x000000070ab00000, 0x000000070ab00000|100%| O|  |TAMS 0x000000070ab00000, 0x000000070aa00000| Untracked 
| 127|0x000000070ab00000, 0x000000070ac00000, 0x000000070ac00000|100%| O|  |TAMS 0x000000070ac00000, 0x000000070ab00000| Untracked 
| 128|0x000000070ac00000, 0x000000070ad00000, 0x000000070ad00000|100%| O|  |TAMS 0x000000070ad00000, 0x000000070ac00000| Untracked 
| 129|0x000000070ad00000, 0x000000070ae00000, 0x000000070ae00000|100%| O|  |TAMS 0x000000070ae00000, 0x000000070ad00000| Untracked 
| 130|0x000000070ae00000, 0x000000070af00000, 0x000000070af00000|100%| O|  |TAMS 0x000000070af00000, 0x000000070ae00000| Untracked 
| 131|0x000000070af00000, 0x000000070b000000, 0x000000070b000000|100%| O|  |TAMS 0x000000070b000000, 0x000000070af00000| Untracked 
| 132|0x000000070b000000, 0x000000070b100000, 0x000000070b100000|100%| O|  |TAMS 0x000000070b100000, 0x000000070b000000| Untracked 
| 133|0x000000070b100000, 0x000000070b200000, 0x000000070b200000|100%| O|  |TAMS 0x000000070b200000, 0x000000070b100000| Untracked 
| 134|0x000000070b200000, 0x000000070b300000, 0x000000070b300000|100%| O|  |TAMS 0x000000070b300000, 0x000000070b200000| Untracked 
| 135|0x000000070b300000, 0x000000070b400000, 0x000000070b400000|100%| O|  |TAMS 0x000000070b400000, 0x000000070b300000| Untracked 
| 136|0x000000070b400000, 0x000000070b500000, 0x000000070b500000|100%| O|  |TAMS 0x000000070b500000, 0x000000070b400000| Untracked 
| 137|0x000000070b500000, 0x000000070b600000, 0x000000070b600000|100%| O|  |TAMS 0x000000070b600000, 0x000000070b500000| Untracked 
| 138|0x000000070b600000, 0x000000070b700000, 0x000000070b700000|100%| O|  |TAMS 0x000000070b700000, 0x000000070b600000| Untracked 
| 139|0x000000070b700000, 0x000000070b800000, 0x000000070b800000|100%| O|  |TAMS 0x000000070b800000, 0x000000070b700000| Untracked 
| 140|0x000000070b800000, 0x000000070b900000, 0x000000070b900000|100%| O|  |TAMS 0x000000070b900000, 0x000000070b800000| Untracked 
| 141|0x000000070b900000, 0x000000070ba00000, 0x000000070ba00000|100%| O|  |TAMS 0x000000070ba00000, 0x000000070b900000| Untracked 
| 142|0x000000070ba00000, 0x000000070bb00000, 0x000000070bb00000|100%| O|  |TAMS 0x000000070bb00000, 0x000000070ba00000| Untracked 
| 143|0x000000070bb00000, 0x000000070bc00000, 0x000000070bc00000|100%| O|  |TAMS 0x000000070bc00000, 0x000000070bb00000| Untracked 
| 144|0x000000070bc00000, 0x000000070bd00000, 0x000000070bd00000|100%|HS|  |TAMS 0x000000070bc00000, 0x000000070bc00000| Complete 
| 145|0x000000070bd00000, 0x000000070be00000, 0x000000070be00000|100%|HC|  |TAMS 0x000000070bd00000, 0x000000070bd00000| Complete 
| 146|0x000000070be00000, 0x000000070bf00000, 0x000000070bf00000|100%|HC|  |TAMS 0x000000070be00000, 0x000000070be00000| Complete 
| 147|0x000000070bf00000, 0x000000070c000000, 0x000000070c000000|100%|HC|  |TAMS 0x000000070bf00000, 0x000000070bf00000| Complete 
| 148|0x000000070c000000, 0x000000070c100000, 0x000000070c100000|100%|HC|  |TAMS 0x000000070c000000, 0x000000070c000000| Complete 
| 149|0x000000070c100000, 0x000000070c200000, 0x000000070c200000|100%|HC|  |TAMS 0x000000070c100000, 0x000000070c100000| Complete 
| 150|0x000000070c200000, 0x000000070c300000, 0x000000070c300000|100%|HC|  |TAMS 0x000000070c200000, 0x000000070c200000| Complete 
| 151|0x000000070c300000, 0x000000070c400000, 0x000000070c400000|100%|HC|  |TAMS 0x000000070c300000, 0x000000070c300000| Complete 
| 152|0x000000070c400000, 0x000000070c400000, 0x000000070c500000|  0%| F|  |TAMS 0x000000070c400000, 0x000000070c400000| Untracked 
| 153|0x000000070c500000, 0x000000070c500000, 0x000000070c600000|  0%| F|  |TAMS 0x000000070c500000, 0x000000070c500000| Untracked 
| 154|0x000000070c600000, 0x000000070c600000, 0x000000070c700000|  0%| F|  |TAMS 0x000000070c600000, 0x000000070c600000| Untracked 
| 155|0x000000070c700000, 0x000000070c700000, 0x000000070c800000|  0%| F|  |TAMS 0x000000070c700000, 0x000000070c700000| Untracked 
| 156|0x000000070c800000, 0x000000070c800000, 0x000000070c900000|  0%| F|  |TAMS 0x000000070c800000, 0x000000070c800000| Untracked 
| 157|0x000000070c900000, 0x000000070c900000, 0x000000070ca00000|  0%| F|  |TAMS 0x000000070c900000, 0x000000070c900000| Untracked 
| 158|0x000000070ca00000, 0x000000070ca00000, 0x000000070cb00000|  0%| F|  |TAMS 0x000000070ca00000, 0x000000070ca00000| Untracked 
| 159|0x000000070cb00000, 0x000000070cb00000, 0x000000070cc00000|  0%| F|  |TAMS 0x000000070cb00000, 0x000000070cb00000| Untracked 
| 160|0x000000070cc00000, 0x000000070cc00000, 0x000000070cd00000|  0%| F|  |TAMS 0x000000070cc00000, 0x000000070cc00000| Untracked 
| 161|0x000000070cd00000, 0x000000070cd00000, 0x000000070ce00000|  0%| F|  |TAMS 0x000000070cd00000, 0x000000070cd00000| Untracked 
| 162|0x000000070ce00000, 0x000000070ce00000, 0x000000070cf00000|  0%| F|  |TAMS 0x000000070ce00000, 0x000000070ce00000| Untracked 
| 163|0x000000070cf00000, 0x000000070cf00000, 0x000000070d000000|  0%| F|  |TAMS 0x000000070cf00000, 0x000000070cf00000| Untracked 
| 164|0x000000070d000000, 0x000000070d000000, 0x000000070d100000|  0%| F|  |TAMS 0x000000070d000000, 0x000000070d000000| Untracked 
| 165|0x000000070d100000, 0x000000070d100000, 0x000000070d200000|  0%| F|  |TAMS 0x000000070d100000, 0x000000070d100000| Untracked 
| 166|0x000000070d200000, 0x000000070d200000, 0x000000070d300000|  0%| F|  |TAMS 0x000000070d200000, 0x000000070d200000| Untracked 
| 167|0x000000070d300000, 0x000000070d300000, 0x000000070d400000|  0%| F|  |TAMS 0x000000070d300000, 0x000000070d300000| Untracked 
| 168|0x000000070d400000, 0x000000070d400000, 0x000000070d500000|  0%| F|  |TAMS 0x000000070d400000, 0x000000070d400000| Untracked 
| 169|0x000000070d500000, 0x000000070d500000, 0x000000070d600000|  0%| F|  |TAMS 0x000000070d500000, 0x000000070d500000| Untracked 
| 170|0x000000070d600000, 0x000000070d600000, 0x000000070d700000|  0%| F|  |TAMS 0x000000070d600000, 0x000000070d600000| Untracked 
| 171|0x000000070d700000, 0x000000070d700000, 0x000000070d800000|  0%| F|  |TAMS 0x000000070d700000, 0x000000070d700000| Untracked 
| 172|0x000000070d800000, 0x000000070d800000, 0x000000070d900000|  0%| F|  |TAMS 0x000000070d800000, 0x000000070d800000| Untracked 
| 173|0x000000070d900000, 0x000000070d900000, 0x000000070da00000|  0%| F|  |TAMS 0x000000070d900000, 0x000000070d900000| Untracked 
| 174|0x000000070da00000, 0x000000070da00000, 0x000000070db00000|  0%| F|  |TAMS 0x000000070da00000, 0x000000070da00000| Untracked 
| 175|0x000000070db00000, 0x000000070db00000, 0x000000070dc00000|  0%| F|  |TAMS 0x000000070db00000, 0x000000070db00000| Untracked 
| 176|0x000000070dc00000, 0x000000070dc00000, 0x000000070dd00000|  0%| F|  |TAMS 0x000000070dc00000, 0x000000070dc00000| Untracked 
| 177|0x000000070dd00000, 0x000000070dd00000, 0x000000070de00000|  0%| F|  |TAMS 0x000000070dd00000, 0x000000070dd00000| Untracked 
| 178|0x000000070de00000, 0x000000070de00000, 0x000000070df00000|  0%| F|  |TAMS 0x000000070de00000, 0x000000070de00000| Untracked 
| 179|0x000000070df00000, 0x000000070df00000, 0x000000070e000000|  0%| F|  |TAMS 0x000000070df00000, 0x000000070df00000| Untracked 
| 180|0x000000070e000000, 0x000000070e000000, 0x000000070e100000|  0%| F|  |TAMS 0x000000070e000000, 0x000000070e000000| Untracked 
| 181|0x000000070e100000, 0x000000070e100000, 0x000000070e200000|  0%| F|  |TAMS 0x000000070e100000, 0x000000070e100000| Untracked 
| 182|0x000000070e200000, 0x000000070e200000, 0x000000070e300000|  0%| F|  |TAMS 0x000000070e200000, 0x000000070e200000| Untracked 
| 183|0x000000070e300000, 0x000000070e300000, 0x000000070e400000|  0%| F|  |TAMS 0x000000070e300000, 0x000000070e300000| Untracked 
| 184|0x000000070e400000, 0x000000070e400000, 0x000000070e500000|  0%| F|  |TAMS 0x000000070e400000, 0x000000070e400000| Untracked 
| 185|0x000000070e500000, 0x000000070e600000, 0x000000070e600000|100%| S|CS|TAMS 0x000000070e500000, 0x000000070e500000| Complete 
| 186|0x000000070e600000, 0x000000070e700000, 0x000000070e700000|100%| S|CS|TAMS 0x000000070e600000, 0x000000070e600000| Complete 
| 187|0x000000070e700000, 0x000000070e800000, 0x000000070e800000|100%| S|CS|TAMS 0x000000070e700000, 0x000000070e700000| Complete 
| 188|0x000000070e800000, 0x000000070e900000, 0x000000070e900000|100%| S|CS|TAMS 0x000000070e800000, 0x000000070e800000| Complete 
| 189|0x000000070e900000, 0x000000070e900000, 0x000000070ea00000|  0%| F|  |TAMS 0x000000070e900000, 0x000000070e900000| Untracked 
| 190|0x000000070ea00000, 0x000000070ea00000, 0x000000070eb00000|  0%| F|  |TAMS 0x000000070ea00000, 0x000000070ea00000| Untracked 
| 191|0x000000070eb00000, 0x000000070eb00000, 0x000000070ec00000|  0%| F|  |TAMS 0x000000070eb00000, 0x000000070eb00000| Untracked 
| 192|0x000000070ec00000, 0x000000070ec00000, 0x000000070ed00000|  0%| F|  |TAMS 0x000000070ec00000, 0x000000070ec00000| Untracked 
| 193|0x000000070ed00000, 0x000000070ed00000, 0x000000070ee00000|  0%| F|  |TAMS 0x000000070ed00000, 0x000000070ed00000| Untracked 
| 194|0x000000070ee00000, 0x000000070ee00000, 0x000000070ef00000|  0%| F|  |TAMS 0x000000070ee00000, 0x000000070ee00000| Untracked 
| 195|0x000000070ef00000, 0x000000070ef00000, 0x000000070f000000|  0%| F|  |TAMS 0x000000070ef00000, 0x000000070ef00000| Untracked 
| 196|0x000000070f000000, 0x000000070f000000, 0x000000070f100000|  0%| F|  |TAMS 0x000000070f000000, 0x000000070f000000| Untracked 
| 197|0x000000070f100000, 0x000000070f100000, 0x000000070f200000|  0%| F|  |TAMS 0x000000070f100000, 0x000000070f100000| Untracked 
| 198|0x000000070f200000, 0x000000070f200000, 0x000000070f300000|  0%| F|  |TAMS 0x000000070f200000, 0x000000070f200000| Untracked 
| 199|0x000000070f300000, 0x000000070f300000, 0x000000070f400000|  0%| F|  |TAMS 0x000000070f300000, 0x000000070f300000| Untracked 
| 200|0x000000070f400000, 0x000000070f400000, 0x000000070f500000|  0%| F|  |TAMS 0x000000070f400000, 0x000000070f400000| Untracked 
| 201|0x000000070f500000, 0x000000070f500000, 0x000000070f600000|  0%| F|  |TAMS 0x000000070f500000, 0x000000070f500000| Untracked 
| 202|0x000000070f600000, 0x000000070f600000, 0x000000070f700000|  0%| F|  |TAMS 0x000000070f600000, 0x000000070f600000| Untracked 
| 203|0x000000070f700000, 0x000000070f700000, 0x000000070f800000|  0%| F|  |TAMS 0x000000070f700000, 0x000000070f700000| Untracked 
| 204|0x000000070f800000, 0x000000070f800000, 0x000000070f900000|  0%| F|  |TAMS 0x000000070f800000, 0x000000070f800000| Untracked 
| 205|0x000000070f900000, 0x000000070f900000, 0x000000070fa00000|  0%| F|  |TAMS 0x000000070f900000, 0x000000070f900000| Untracked 
| 206|0x000000070fa00000, 0x000000070fa00000, 0x000000070fb00000|  0%| F|  |TAMS 0x000000070fa00000, 0x000000070fa00000| Untracked 
| 207|0x000000070fb00000, 0x000000070fb00000, 0x000000070fc00000|  0%| F|  |TAMS 0x000000070fb00000, 0x000000070fb00000| Untracked 
| 208|0x000000070fc00000, 0x000000070fc00000, 0x000000070fd00000|  0%| F|  |TAMS 0x000000070fc00000, 0x000000070fc00000| Untracked 
| 209|0x000000070fd00000, 0x000000070fd00000, 0x000000070fe00000|  0%| F|  |TAMS 0x000000070fd00000, 0x000000070fd00000| Untracked 
| 210|0x000000070fe00000, 0x000000070fe00000, 0x000000070ff00000|  0%| F|  |TAMS 0x000000070fe00000, 0x000000070fe00000| Untracked 
| 211|0x000000070ff00000, 0x000000070ff00000, 0x0000000710000000|  0%| F|  |TAMS 0x000000070ff00000, 0x000000070ff00000| Untracked 
| 212|0x0000000710000000, 0x0000000710000000, 0x0000000710100000|  0%| F|  |TAMS 0x0000000710000000, 0x0000000710000000| Untracked 
| 213|0x0000000710100000, 0x0000000710100000, 0x0000000710200000|  0%| F|  |TAMS 0x0000000710100000, 0x0000000710100000| Untracked 
| 214|0x0000000710200000, 0x0000000710200000, 0x0000000710300000|  0%| F|  |TAMS 0x0000000710200000, 0x0000000710200000| Untracked 
| 215|0x0000000710300000, 0x0000000710300000, 0x0000000710400000|  0%| F|  |TAMS 0x0000000710300000, 0x0000000710300000| Untracked 
| 216|0x0000000710400000, 0x0000000710400000, 0x0000000710500000|  0%| F|  |TAMS 0x0000000710400000, 0x0000000710400000| Untracked 
| 217|0x0000000710500000, 0x0000000710500000, 0x0000000710600000|  0%| F|  |TAMS 0x0000000710500000, 0x0000000710500000| Untracked 
| 218|0x0000000710600000, 0x0000000710600000, 0x0000000710700000|  0%| F|  |TAMS 0x0000000710600000, 0x0000000710600000| Untracked 
| 219|0x0000000710700000, 0x0000000710700000, 0x0000000710800000|  0%| F|  |TAMS 0x0000000710700000, 0x0000000710700000| Untracked 
| 220|0x0000000710800000, 0x0000000710800000, 0x0000000710900000|  0%| F|  |TAMS 0x0000000710800000, 0x0000000710800000| Untracked 
| 221|0x0000000710900000, 0x0000000710900000, 0x0000000710a00000|  0%| F|  |TAMS 0x0000000710900000, 0x0000000710900000| Untracked 
| 222|0x0000000710a00000, 0x0000000710a00000, 0x0000000710b00000|  0%| F|  |TAMS 0x0000000710a00000, 0x0000000710a00000| Untracked 
| 223|0x0000000710b00000, 0x0000000710b00000, 0x0000000710c00000|  0%| F|  |TAMS 0x0000000710b00000, 0x0000000710b00000| Untracked 
| 224|0x0000000710c00000, 0x0000000710c00000, 0x0000000710d00000|  0%| F|  |TAMS 0x0000000710c00000, 0x0000000710c00000| Untracked 
| 225|0x0000000710d00000, 0x0000000710d00000, 0x0000000710e00000|  0%| F|  |TAMS 0x0000000710d00000, 0x0000000710d00000| Untracked 
| 226|0x0000000710e00000, 0x0000000710e00000, 0x0000000710f00000|  0%| F|  |TAMS 0x0000000710e00000, 0x0000000710e00000| Untracked 
| 227|0x0000000710f00000, 0x0000000710f00000, 0x0000000711000000|  0%| F|  |TAMS 0x0000000710f00000, 0x0000000710f00000| Untracked 
| 228|0x0000000711000000, 0x0000000711000000, 0x0000000711100000|  0%| F|  |TAMS 0x0000000711000000, 0x0000000711000000| Untracked 
| 229|0x0000000711100000, 0x00000007111a4550, 0x0000000711200000| 64%| E|  |TAMS 0x0000000711100000, 0x0000000711100000| Complete 
| 230|0x0000000711200000, 0x0000000711300000, 0x0000000711300000|100%| E|CS|TAMS 0x0000000711200000, 0x0000000711200000| Complete 
| 231|0x0000000711300000, 0x0000000711400000, 0x0000000711400000|100%| E|CS|TAMS 0x0000000711300000, 0x0000000711300000| Complete 
| 232|0x0000000711400000, 0x0000000711500000, 0x0000000711500000|100%| E|CS|TAMS 0x0000000711400000, 0x0000000711400000| Complete 
| 233|0x0000000711500000, 0x0000000711600000, 0x0000000711600000|100%| E|CS|TAMS 0x0000000711500000, 0x0000000711500000| Complete 
| 234|0x0000000711600000, 0x0000000711700000, 0x0000000711700000|100%| E|CS|TAMS 0x0000000711600000, 0x0000000711600000| Complete 
| 235|0x0000000711700000, 0x0000000711800000, 0x0000000711800000|100%| E|CS|TAMS 0x0000000711700000, 0x0000000711700000| Complete 
| 236|0x0000000711800000, 0x0000000711900000, 0x0000000711900000|100%| E|CS|TAMS 0x0000000711800000, 0x0000000711800000| Complete 
| 237|0x0000000711900000, 0x0000000711a00000, 0x0000000711a00000|100%| E|CS|TAMS 0x0000000711900000, 0x0000000711900000| Complete 
| 238|0x0000000711a00000, 0x0000000711b00000, 0x0000000711b00000|100%| E|CS|TAMS 0x0000000711a00000, 0x0000000711a00000| Complete 
| 239|0x0000000711b00000, 0x0000000711c00000, 0x0000000711c00000|100%| E|CS|TAMS 0x0000000711b00000, 0x0000000711b00000| Complete 
| 240|0x0000000711c00000, 0x0000000711d00000, 0x0000000711d00000|100%| E|CS|TAMS 0x0000000711c00000, 0x0000000711c00000| Complete 
| 241|0x0000000711d00000, 0x0000000711e00000, 0x0000000711e00000|100%| E|CS|TAMS 0x0000000711d00000, 0x0000000711d00000| Complete 
| 242|0x0000000711e00000, 0x0000000711f00000, 0x0000000711f00000|100%| E|CS|TAMS 0x0000000711e00000, 0x0000000711e00000| Complete 
| 243|0x0000000711f00000, 0x0000000712000000, 0x0000000712000000|100%| E|CS|TAMS 0x0000000711f00000, 0x0000000711f00000| Complete 
| 244|0x0000000712000000, 0x0000000712100000, 0x0000000712100000|100%| E|CS|TAMS 0x0000000712000000, 0x0000000712000000| Complete 
| 245|0x0000000712100000, 0x0000000712200000, 0x0000000712200000|100%| E|CS|TAMS 0x0000000712100000, 0x0000000712100000| Complete 
| 246|0x0000000712200000, 0x0000000712300000, 0x0000000712300000|100%| E|CS|TAMS 0x0000000712200000, 0x0000000712200000| Complete 
| 247|0x0000000712300000, 0x0000000712400000, 0x0000000712400000|100%| E|CS|TAMS 0x0000000712300000, 0x0000000712300000| Complete 
| 248|0x0000000712400000, 0x0000000712500000, 0x0000000712500000|100%| E|CS|TAMS 0x0000000712400000, 0x0000000712400000| Complete 
| 249|0x0000000712500000, 0x0000000712600000, 0x0000000712600000|100%| E|CS|TAMS 0x0000000712500000, 0x0000000712500000| Complete 
| 250|0x0000000712600000, 0x0000000712700000, 0x0000000712700000|100%| E|CS|TAMS 0x0000000712600000, 0x0000000712600000| Complete 
| 251|0x0000000712700000, 0x0000000712800000, 0x0000000712800000|100%| E|CS|TAMS 0x0000000712700000, 0x0000000712700000| Complete 
| 252|0x0000000712800000, 0x0000000712900000, 0x0000000712900000|100%| E|CS|TAMS 0x0000000712800000, 0x0000000712800000| Complete 
| 253|0x0000000712900000, 0x0000000712a00000, 0x0000000712a00000|100%| E|CS|TAMS 0x0000000712900000, 0x0000000712900000| Complete 
| 254|0x0000000712a00000, 0x0000000712b00000, 0x0000000712b00000|100%| E|CS|TAMS 0x0000000712a00000, 0x0000000712a00000| Complete 
| 255|0x0000000712b00000, 0x0000000712c00000, 0x0000000712c00000|100%| E|CS|TAMS 0x0000000712b00000, 0x0000000712b00000| Complete 
| 256|0x0000000712c00000, 0x0000000712d00000, 0x0000000712d00000|100%| E|CS|TAMS 0x0000000712c00000, 0x0000000712c00000| Complete 
| 257|0x0000000712d00000, 0x0000000712e00000, 0x0000000712e00000|100%| E|CS|TAMS 0x0000000712d00000, 0x0000000712d00000| Complete 
| 258|0x0000000712e00000, 0x0000000712f00000, 0x0000000712f00000|100%| E|CS|TAMS 0x0000000712e00000, 0x0000000712e00000| Complete 
| 259|0x0000000712f00000, 0x0000000713000000, 0x0000000713000000|100%| E|CS|TAMS 0x0000000712f00000, 0x0000000712f00000| Complete 
| 260|0x0000000713000000, 0x0000000713100000, 0x0000000713100000|100%| E|CS|TAMS 0x0000000713000000, 0x0000000713000000| Complete 
| 261|0x0000000713100000, 0x0000000713200000, 0x0000000713200000|100%| E|CS|TAMS 0x0000000713100000, 0x0000000713100000| Complete 
| 262|0x0000000713200000, 0x0000000713300000, 0x0000000713300000|100%| E|CS|TAMS 0x0000000713200000, 0x0000000713200000| Complete 
| 263|0x0000000713300000, 0x0000000713400000, 0x0000000713400000|100%| E|CS|TAMS 0x0000000713300000, 0x0000000713300000| Complete 
| 264|0x0000000713400000, 0x0000000713500000, 0x0000000713500000|100%| E|CS|TAMS 0x0000000713400000, 0x0000000713400000| Complete 
| 265|0x0000000713500000, 0x0000000713600000, 0x0000000713600000|100%| E|CS|TAMS 0x0000000713500000, 0x0000000713500000| Complete 
| 266|0x0000000713600000, 0x0000000713700000, 0x0000000713700000|100%| E|CS|TAMS 0x0000000713600000, 0x0000000713600000| Complete 
| 267|0x0000000713700000, 0x0000000713800000, 0x0000000713800000|100%| E|CS|TAMS 0x0000000713700000, 0x0000000713700000| Complete 
| 268|0x0000000713800000, 0x0000000713900000, 0x0000000713900000|100%| E|CS|TAMS 0x0000000713800000, 0x0000000713800000| Complete 
| 269|0x0000000713900000, 0x0000000713a00000, 0x0000000713a00000|100%| E|CS|TAMS 0x0000000713900000, 0x0000000713900000| Complete 
| 270|0x0000000713a00000, 0x0000000713b00000, 0x0000000713b00000|100%| E|CS|TAMS 0x0000000713a00000, 0x0000000713a00000| Complete 
| 271|0x0000000713b00000, 0x0000000713c00000, 0x0000000713c00000|100%| E|CS|TAMS 0x0000000713b00000, 0x0000000713b00000| Complete 
| 272|0x0000000713c00000, 0x0000000713d00000, 0x0000000713d00000|100%| E|CS|TAMS 0x0000000713c00000, 0x0000000713c00000| Complete 
| 273|0x0000000713d00000, 0x0000000713e00000, 0x0000000713e00000|100%| E|CS|TAMS 0x0000000713d00000, 0x0000000713d00000| Complete 
| 274|0x0000000713e00000, 0x0000000713f00000, 0x0000000713f00000|100%| E|CS|TAMS 0x0000000713e00000, 0x0000000713e00000| Complete 
| 275|0x0000000713f00000, 0x0000000714000000, 0x0000000714000000|100%| E|CS|TAMS 0x0000000713f00000, 0x0000000713f00000| Complete 
| 276|0x0000000714000000, 0x0000000714100000, 0x0000000714100000|100%| E|CS|TAMS 0x0000000714000000, 0x0000000714000000| Complete 
| 277|0x0000000714100000, 0x0000000714200000, 0x0000000714200000|100%| E|CS|TAMS 0x0000000714100000, 0x0000000714100000| Complete 
| 278|0x0000000714200000, 0x0000000714300000, 0x0000000714300000|100%| E|CS|TAMS 0x0000000714200000, 0x0000000714200000| Complete 
| 279|0x0000000714300000, 0x0000000714400000, 0x0000000714400000|100%| E|  |TAMS 0x0000000714300000, 0x0000000714300000| Complete 
| 280|0x0000000714400000, 0x0000000714500000, 0x0000000714500000|100%| E|CS|TAMS 0x0000000714400000, 0x0000000714400000| Complete 
| 281|0x0000000714500000, 0x0000000714600000, 0x0000000714600000|100%| E|CS|TAMS 0x0000000714500000, 0x0000000714500000| Complete 
| 282|0x0000000714600000, 0x0000000714700000, 0x0000000714700000|100%| E|CS|TAMS 0x0000000714600000, 0x0000000714600000| Complete 
| 283|0x0000000714700000, 0x0000000714800000, 0x0000000714800000|100%| E|CS|TAMS 0x0000000714700000, 0x0000000714700000| Complete 
| 284|0x0000000714800000, 0x0000000714900000, 0x0000000714900000|100%| E|CS|TAMS 0x0000000714800000, 0x0000000714800000| Complete 
| 285|0x0000000714900000, 0x0000000714a00000, 0x0000000714a00000|100%| E|CS|TAMS 0x0000000714900000, 0x0000000714900000| Complete 
| 286|0x0000000714a00000, 0x0000000714b00000, 0x0000000714b00000|100%| E|CS|TAMS 0x0000000714a00000, 0x0000000714a00000| Complete 
| 287|0x0000000714b00000, 0x0000000714c00000, 0x0000000714c00000|100%| E|CS|TAMS 0x0000000714b00000, 0x0000000714b00000| Complete 
| 288|0x0000000714c00000, 0x0000000714d00000, 0x0000000714d00000|100%| E|CS|TAMS 0x0000000714c00000, 0x0000000714c00000| Complete 
| 289|0x0000000714d00000, 0x0000000714e00000, 0x0000000714e00000|100%| E|CS|TAMS 0x0000000714d00000, 0x0000000714d00000| Complete 
| 290|0x0000000714e00000, 0x0000000714f00000, 0x0000000714f00000|100%| E|CS|TAMS 0x0000000714e00000, 0x0000000714e00000| Complete 
| 291|0x0000000714f00000, 0x0000000715000000, 0x0000000715000000|100%| E|CS|TAMS 0x0000000714f00000, 0x0000000714f00000| Complete 
| 292|0x0000000715000000, 0x0000000715100000, 0x0000000715100000|100%| E|CS|TAMS 0x0000000715000000, 0x0000000715000000| Complete 
| 293|0x0000000715100000, 0x0000000715200000, 0x0000000715200000|100%| E|CS|TAMS 0x0000000715100000, 0x0000000715100000| Complete 
| 294|0x0000000715200000, 0x0000000715300000, 0x0000000715300000|100%| E|CS|TAMS 0x0000000715200000, 0x0000000715200000| Complete 
| 295|0x0000000715300000, 0x0000000715400000, 0x0000000715400000|100%| E|CS|TAMS 0x0000000715300000, 0x0000000715300000| Complete 
| 296|0x0000000715400000, 0x0000000715500000, 0x0000000715500000|100%| E|CS|TAMS 0x0000000715400000, 0x0000000715400000| Complete 
| 297|0x0000000715500000, 0x0000000715600000, 0x0000000715600000|100%| E|CS|TAMS 0x0000000715500000, 0x0000000715500000| Complete 
| 298|0x0000000715600000, 0x0000000715700000, 0x0000000715700000|100%| E|CS|TAMS 0x0000000715600000, 0x0000000715600000| Complete 
| 299|0x0000000715700000, 0x0000000715800000, 0x0000000715800000|100%| E|CS|TAMS 0x0000000715700000, 0x0000000715700000| Complete 
| 300|0x0000000715800000, 0x0000000715900000, 0x0000000715900000|100%| E|CS|TAMS 0x0000000715800000, 0x0000000715800000| Complete 
| 301|0x0000000715900000, 0x0000000715a00000, 0x0000000715a00000|100%| E|CS|TAMS 0x0000000715900000, 0x0000000715900000| Complete 
| 302|0x0000000715a00000, 0x0000000715b00000, 0x0000000715b00000|100%| E|CS|TAMS 0x0000000715a00000, 0x0000000715a00000| Complete 
| 303|0x0000000715b00000, 0x0000000715c00000, 0x0000000715c00000|100%| E|CS|TAMS 0x0000000715b00000, 0x0000000715b00000| Complete 
| 304|0x0000000715c00000, 0x0000000715d00000, 0x0000000715d00000|100%| E|CS|TAMS 0x0000000715c00000, 0x0000000715c00000| Complete 

Card table byte_map: [0x000001d941c10000,0x000001d942400000] _byte_map_base: 0x000001d93e3fa000

Marking Bits (Prev, Next): (CMBitMap*) 0x000001d92969fac8, (CMBitMap*) 0x000001d92969fb00
 Prev Bits: [0x000001d942bf0000, 0x000001d946b40000)
 Next Bits: [0x000001d946b40000, 0x000001d94aa90000)

Polling page: 0x000001d929720000

Metaspace:

Usage:
  Non-class:     75.00 MB capacity,    73.29 MB ( 98%) used,     1.33 MB (  2%) free+waste,   395.81 KB ( <1%) overhead. 
      Class:     10.29 MB capacity,     8.99 MB ( 87%) used,     1.12 MB ( 11%) free+waste,   185.88 KB (  2%) overhead. 
       Both:     85.29 MB capacity,    82.28 MB ( 96%) used,     2.45 MB (  3%) free+waste,   581.69 KB ( <1%) overhead. 

Virtual space:
  Non-class space:       76.00 MB reserved,      75.25 MB (>99%) committed 
      Class space:        1.00 GB reserved,      10.34 MB (  1%) committed 
             Both:        1.07 GB reserved,      85.59 MB (  8%) committed 

Chunk freelists:
   Non-Class:  7.50 KB
       Class:  3.13 KB
        Both:  10.63 KB

CodeHeap 'non-profiled nmethods': size=120000Kb used=13665Kb max_used=13989Kb free=106334Kb
 bounds [0x000001d939490000, 0x000001d93a240000, 0x000001d9409c0000]
CodeHeap 'profiled nmethods': size=120000Kb used=34268Kb max_used=36495Kb free=85731Kb
 bounds [0x000001d931f60000, 0x000001d934390000, 0x000001d939490000]
CodeHeap 'non-nmethods': size=5760Kb used=1909Kb max_used=1987Kb free=3850Kb
 bounds [0x000001d9319c0000, 0x000001d931c30000, 0x000001d931f60000]
 total_blobs=21318 nmethods=11190 adapters=1512
 compilation: enabled
              stopped_count=0, restarted_count=0
 full_count=0

Compilation events (10 events):
Event: 108.420 Thread 0x000001d94df14000 nmethod 14355 0x000001d939b7a910 code [0x000001d939b7ab00, 0x000001d939b7b038]
Event: 108.573 Thread 0x000001d94df14000 14356       4       net.runelite.client.game.NpcUtil::isDying (814 bytes)
Event: 108.581 Thread 0x000001d94df14000 nmethod 14356 0x000001d939b96090 code [0x000001d939b962a0, 0x000001d939b96e18]
Event: 108.602 Thread 0x000001d94df14000 14357       4       sun.java2d.marlin.DTransformingPathConsumer2D$PathClipFilter::curveTo (274 bytes)
Event: 108.606 Thread 0x000001d94df14000 nmethod 14357 0x000001d939b89d10 code [0x000001d939b89f60, 0x000001d939b8a4e8]
Event: 108.972 Thread 0x000001d94debb000 14358       3       java.util.logging.LogManager$LoggerContext::getGlobalLogger (6 bytes)
Event: 108.972 Thread 0x000001d94debb000 nmethod 14358 0x000001d93249c990 code [0x000001d93249cb40, 0x000001d93249ccb8]
Event: 108.972 Thread 0x000001d94df14000 14359       4       java.util.Collections$3::nextElement (10 bytes)
Event: 108.982 Thread 0x000001d94df14000 nmethod 14359 0x000001d939bec790 code [0x000001d939bec940, 0x000001d939becfd8]
Event: 108.982 Thread 0x000001d94df14000 14360       4       net.runelite.client.plugins.menuentryswapper.MenuEntrySwapperPlugin::swapMenuEntry (1133 bytes)

GC Heap History (10 events):
Event: 62.392 GC heap before
{Heap before GC invocations=18 (full 0):
 garbage-first heap   total 312320K, used 233161K [0x0000000702c00000, 0x0000000800000000)
  region size 1024K, 97 young (99328K), 2 survivors (2048K)
 Metaspace       used 83578K, capacity 86695K, committed 86872K, reserved 1126400K
  class space    used 9180K, capacity 10493K, committed 10584K, reserved 1048576K
}
Event: 62.395 GC heap after
{Heap after GC invocations=19 (full 0):
 garbage-first heap   total 312320K, used 139313K [0x0000000702c00000, 0x0000000800000000)
  region size 1024K, 5 young (5120K), 5 survivors (5120K)
 Metaspace       used 83578K, capacity 86695K, committed 86872K, reserved 1126400K
  class space    used 9180K, capacity 10493K, committed 10584K, reserved 1048576K
}
Event: 73.706 GC heap before
{Heap before GC invocations=19 (full 0):
 garbage-first heap   total 312320K, used 242737K [0x0000000702c00000, 0x0000000800000000)
  region size 1024K, 107 young (109568K), 5 survivors (5120K)
 Metaspace       used 83719K, capacity 86772K, committed 86872K, reserved 1126400K
  class space    used 9182K, capacity 10496K, committed 10584K, reserved 1048576K
}
Event: 73.709 GC heap after
{Heap after GC invocations=20 (full 0):
 garbage-first heap   total 312320K, used 139033K [0x0000000702c00000, 0x0000000800000000)
  region size 1024K, 4 young (4096K), 4 survivors (4096K)
 Metaspace       used 83719K, capacity 86772K, committed 86872K, reserved 1126400K
  class space    used 9182K, capacity 10496K, committed 10584K, reserved 1048576K
}
Event: 83.813 GC heap before
{Heap before GC invocations=20 (full 0):
 garbage-first heap   total 312320K, used 247577K [0x0000000702c00000, 0x0000000800000000)
  region size 1024K, 111 young (113664K), 4 survivors (4096K)
 Metaspace       used 83876K, capacity 86939K, committed 87128K, reserved 1126400K
  class space    used 9188K, capacity 10530K, committed 10584K, reserved 1048576K
}
Event: 83.815 GC heap after
{Heap after GC invocations=21 (full 0):
 garbage-first heap   total 312320K, used 138519K [0x0000000702c00000, 0x0000000800000000)
  region size 1024K, 4 young (4096K), 4 survivors (4096K)
 Metaspace       used 83876K, capacity 86939K, committed 87128K, reserved 1126400K
  class space    used 9188K, capacity 10530K, committed 10584K, reserved 1048576K
}
Event: 89.423 GC heap before
{Heap before GC invocations=21 (full 0):
 garbage-first heap   total 312320K, used 199959K [0x0000000702c00000, 0x0000000800000000)
  region size 1024K, 66 young (67584K), 4 survivors (4096K)
 Metaspace       used 83921K, capacity 87007K, committed 87128K, reserved 1126400K
  class space    used 9188K, capacity 10531K, committed 10584K, reserved 1048576K
}
Event: 89.426 GC heap after
{Heap after GC invocations=22 (full 0):
 garbage-first heap   total 312320K, used 138942K [0x0000000702c00000, 0x0000000800000000)
  region size 1024K, 4 young (4096K), 4 survivors (4096K)
 Metaspace       used 83921K, capacity 87007K, committed 87128K, reserved 1126400K
  class space    used 9188K, capacity 10531K, committed 10584K, reserved 1048576K
}
Event: 100.787 GC heap before
{Heap before GC invocations=23 (full 0):
 garbage-first heap   total 312320K, used 267966K [0x0000000702c00000, 0x0000000800000000)
  region size 1024K, 116 young (118784K), 4 survivors (4096K)
 Metaspace       used 84151K, capacity 87269K, committed 87384K, reserved 1126400K
  class space    used 9203K, capacity 10533K, committed 10584K, reserved 1048576K
}
Event: 100.790 GC heap after
{Heap after GC invocations=24 (full 0):
 garbage-first heap   total 312320K, used 154624K [0x0000000702c00000, 0x0000000800000000)
  region size 1024K, 4 young (4096K), 4 survivors (4096K)
 Metaspace       used 84151K, capacity 87269K, committed 87384K, reserved 1126400K
  class space    used 9203K, capacity 10533K, committed 10584K, reserved 1048576K
}

Deoptimization events (10 events):
Event: 108.988 Thread 0x000001d94f285000 Uncommon trap: reason=class_check action=maybe_recompile pc=0x000001d939cef85c method=java.util.Formatter$FormatSpecifier.appendJustified(Ljava/lang/Appendable;Ljava/lang/CharSequence;)Ljava/lang/Appendable; @ 10 c2
Event: 108.988 Thread 0x000001d94f285000 Uncommon trap: reason=class_check action=maybe_recompile pc=0x000001d9397c5840 method=java.util.Formatter$FixedString.print(Ljava/lang/Object;Ljava/util/Locale;)V @ 19 c2
Event: 108.988 Thread 0x000001d94f285000 Uncommon trap: reason=class_check action=maybe_recompile pc=0x000001d9397c5840 method=java.util.Formatter$FixedString.print(Ljava/lang/Object;Ljava/util/Locale;)V @ 19 c2
Event: 108.988 Thread 0x000001d94f285000 Uncommon trap: reason=class_check action=maybe_recompile pc=0x000001d939cef85c method=java.util.Formatter$FormatSpecifier.appendJustified(Ljava/lang/Appendable;Ljava/lang/CharSequence;)Ljava/lang/Appendable; @ 10 c2
Event: 108.988 Thread 0x000001d94f285000 Uncommon trap: reason=class_check action=maybe_recompile pc=0x000001d939cef85c method=java.util.Formatter$FormatSpecifier.appendJustified(Ljava/lang/Appendable;Ljava/lang/CharSequence;)Ljava/lang/Appendable; @ 10 c2
Event: 108.988 Thread 0x000001d94f285000 Uncommon trap: reason=class_check action=maybe_recompile pc=0x000001d939cee7d4 method=java.util.Formatter$FormatSpecifier.appendJustified(Ljava/lang/Appendable;Ljava/lang/CharSequence;)Ljava/lang/Appendable; @ 10 c2
Event: 108.988 Thread 0x000001d94f285000 Uncommon trap: reason=class_check action=maybe_recompile pc=0x000001d9397b2574 method=java.util.Formatter$FormatSpecifier.appendJustified(Ljava/lang/Appendable;Ljava/lang/CharSequence;)Ljava/lang/Appendable; @ 10 c2
Event: 108.988 Thread 0x000001d94f285000 Uncommon trap: reason=unstable_if action=reinterpret pc=0x000001d939d00744 method=java.util.Formatter$Conversion.isInteger(C)Z @ 1 c2
Event: 108.989 Thread 0x000001d94f285000 Uncommon trap: reason=unstable_if action=reinterpret pc=0x000001d939d02350 method=java.util.Formatter$Conversion.isInteger(C)Z @ 1 c2
Event: 108.990 Thread 0x000001d94f285000 Uncommon trap: reason=unstable_if action=reinterpret pc=0x000001d939a03218 method=java.util.Formatter$Conversion.isInteger(C)Z @ 1 c2

Classes redefined (0 events):
No events

Internal exceptions (10 events):
Event: 89.478 Thread 0x000001d94f229800 Implicit null exception at 0x000001d93a1708fb to 0x000001d93a171e9e
Event: 90.103 Thread 0x000001d94f285000 Implicit null exception at 0x000001d9323928b2 to 0x000001d932392b52
Event: 90.103 Thread 0x000001d94f285000 Exception <a 'java/lang/NullPointerException'{0x000000071485bc00}> (0x000000071485bc00) thrown at [t:/workspace/open/src/hotspot/share/runtime/sharedRuntime.cpp, line 584]
Event: 92.872 Thread 0x000001d94f285000 Implicit null exception at 0x000001d939f5626e to 0x000001d939f5dcee
Event: 97.202 Thread 0x000001d94f285000 Implicit null exception at 0x000001d9323928b2 to 0x000001d932392b52
Event: 97.202 Thread 0x000001d94f285000 Exception <a 'java/lang/NullPointerException'{0x00000007107a4b30}> (0x00000007107a4b30) thrown at [t:/workspace/open/src/hotspot/share/runtime/sharedRuntime.cpp, line 584]
Event: 102.611 Thread 0x000001d94f285000 Implicit null exception at 0x000001d9323928b2 to 0x000001d932392b52
Event: 102.611 Thread 0x000001d94f285000 Exception <a 'java/lang/NullPointerException'{0x00000007150fc160}> (0x00000007150fc160) thrown at [t:/workspace/open/src/hotspot/share/runtime/sharedRuntime.cpp, line 584]
Event: 107.992 Thread 0x000001d94f285000 Implicit null exception at 0x000001d9323928b2 to 0x000001d932392b52
Event: 107.992 Thread 0x000001d94f285000 Exception <a 'java/lang/NullPointerException'{0x0000000711c8fb10}> (0x0000000711c8fb10) thrown at [t:/workspace/open/src/hotspot/share/runtime/sharedRuntime.cpp, line 584]

Events (10 events):
Event: 108.988 Thread 0x000001d94f285000 DEOPT UNPACKING pc=0x000001d9319e91af sp=0x0000004f5c5fda30 mode 2
Event: 108.988 Thread 0x000001d94f285000 Uncommon trap: trap_request=0xffffff4d fr.pc=0x000001d939d00744 relative=0x00000000000003e4
Event: 108.988 Thread 0x000001d94f285000 DEOPT PACKING pc=0x000001d939d00744 sp=0x0000004f5c5fd970
Event: 108.988 Thread 0x000001d94f285000 DEOPT UNPACKING pc=0x000001d9319e91af sp=0x0000004f5c5fd840 mode 2
Event: 108.989 Thread 0x000001d94f285000 Uncommon trap: trap_request=0xffffff4d fr.pc=0x000001d939d02350 relative=0x0000000000000190
Event: 108.989 Thread 0x000001d94f285000 DEOPT PACKING pc=0x000001d939d02350 sp=0x0000004f5c5fda20
Event: 108.989 Thread 0x000001d94f285000 DEOPT UNPACKING pc=0x000001d9319e91af sp=0x0000004f5c5fd960 mode 2
Event: 108.990 Thread 0x000001d94f285000 Uncommon trap: trap_request=0xffffff4d fr.pc=0x000001d939a03218 relative=0x0000000000000078
Event: 108.990 Thread 0x000001d94f285000 DEOPT PACKING pc=0x000001d939a03218 sp=0x0000004f5c5fda50
Event: 108.990 Thread 0x000001d94f285000 DEOPT UNPACKING pc=0x000001d9319e91af sp=0x0000004f5c5fd9e0 mode 2


Dynamic libraries:
0x00007ff73a460000 - 0x00007ff73a4a5000 	D:\Java\jdk-11.0.2\bin\java.exe
0x00007ffb4a850000 - 0x00007ffb4aa48000 	C:\Windows\SYSTEM32\ntdll.dll
0x00007ffb48e30000 - 0x00007ffb48eed000 	C:\Windows\System32\KERNEL32.DLL
0x00007ffb48120000 - 0x00007ffb483ee000 	C:\Windows\System32\KERNELBASE.dll
0x00007ffb48fb0000 - 0x00007ffb49150000 	C:\Windows\System32\USER32.dll
0x00007ffb483f0000 - 0x00007ffb48412000 	C:\Windows\System32\win32u.dll
0x00007ffb48f80000 - 0x00007ffb48faa000 	C:\Windows\System32\GDI32.dll
0x00007ffb48010000 - 0x00007ffb4811b000 	C:\Windows\System32\gdi32full.dll
0x00007ffb47f70000 - 0x00007ffb4800d000 	C:\Windows\System32\msvcp_win.dll
0x00007ffb48420000 - 0x00007ffb48520000 	C:\Windows\System32\ucrtbase.dll
0x00007ffb2b0f0000 - 0x00007ffb2b38a000 	C:\Windows\WinSxS\amd64_microsoft.windows.common-controls_6595b64144ccf1df_6.0.19041.1110_none_60b5254171f9507e\COMCTL32.dll
0x00007ffb49ac0000 - 0x00007ffb49b5e000 	C:\Windows\System32\msvcrt.dll
0x00007ffb49960000 - 0x00007ffb49990000 	C:\Windows\System32\IMM32.DLL
0x00007ffb434f0000 - 0x00007ffb43506000 	D:\Java\jdk-11.0.2\bin\vcruntime140.dll
0x00007ffb43440000 - 0x00007ffb434ea000 	D:\Java\jdk-11.0.2\bin\msvcp140.dll
0x00007ffa76b90000 - 0x00007ffa776b3000 	D:\Java\jdk-11.0.2\bin\server\jvm.dll
0x00007ffb48c50000 - 0x00007ffb48cfe000 	C:\Windows\System32\ADVAPI32.dll
0x00007ffb48b50000 - 0x00007ffb48bec000 	C:\Windows\System32\sechost.dll
0x00007ffb48d00000 - 0x00007ffb48e25000 	C:\Windows\System32\RPCRT4.dll
0x00007ffb4a380000 - 0x00007ffb4a388000 	C:\Windows\System32\PSAPI.DLL
0x00007ffb19730000 - 0x00007ffb19739000 	C:\Windows\SYSTEM32\WSOCK32.dll
0x00007ffb498f0000 - 0x00007ffb4995b000 	C:\Windows\System32\WS2_32.dll
0x00007ffb42780000 - 0x00007ffb4278a000 	C:\Windows\SYSTEM32\VERSION.dll
0x00007ffb35a20000 - 0x00007ffb35a47000 	C:\Windows\SYSTEM32\WINMM.dll
0x00007ffb45e60000 - 0x00007ffb45e72000 	C:\Windows\SYSTEM32\kernel.appcore.dll
0x00007ffb43420000 - 0x00007ffb43431000 	D:\Java\jdk-11.0.2\bin\verify.dll
0x00007ffb350e0000 - 0x00007ffb352c4000 	C:\Windows\SYSTEM32\DBGHELP.DLL
0x00007ffb30620000 - 0x00007ffb3064c000 	C:\Windows\SYSTEM32\dbgcore.DLL
0x00007ffb48820000 - 0x00007ffb488a2000 	C:\Windows\System32\bcryptPrimitives.dll
0x00007ffb43260000 - 0x00007ffb43288000 	D:\Java\jdk-11.0.2\bin\java.dll
0x00007ffb25f70000 - 0x00007ffb25f9f000 	D:\Java\jdk-11.0.2\bin\instrument.dll
0x00007ffb43240000 - 0x00007ffb43256000 	D:\Java\jdk-11.0.2\bin\zip.dll
0x00007ffb43410000 - 0x00007ffb4341a000 	D:\Java\jdk-11.0.2\bin\jimage.dll
0x00007ffb49c30000 - 0x00007ffb4a373000 	C:\Windows\System32\SHELL32.dll
0x00007ffb46060000 - 0x00007ffb467f5000 	C:\Windows\SYSTEM32\windows.storage.dll
0x00007ffb4a4b0000 - 0x00007ffb4a804000 	C:\Windows\System32\combase.dll
0x00007ffb479d0000 - 0x00007ffb47a00000 	C:\Windows\SYSTEM32\Wldp.dll
0x00007ffb49280000 - 0x00007ffb4932d000 	C:\Windows\System32\SHCORE.dll
0x00007ffb493c0000 - 0x00007ffb49415000 	C:\Windows\System32\shlwapi.dll
0x00007ffb47eb0000 - 0x00007ffb47ecf000 	C:\Windows\SYSTEM32\profapi.dll
0x00007ffb41cf0000 - 0x00007ffb41d09000 	D:\Java\jdk-11.0.2\bin\net.dll
0x00007ffb385e0000 - 0x00007ffb386ea000 	C:\Windows\SYSTEM32\WINHTTP.dll
0x00007ffb321d0000 - 0x00007ffb323bc000 	C:\Windows\SYSTEM32\urlmon.dll
0x00007ffb313f0000 - 0x00007ffb31418000 	C:\Windows\SYSTEM32\srvcli.dll
0x00007ffb30ed0000 - 0x00007ffb31181000 	C:\Windows\SYSTEM32\iertutil.dll
0x00007ffb47410000 - 0x00007ffb4741c000 	C:\Windows\SYSTEM32\netutils.dll
0x00007ffb47730000 - 0x00007ffb4779a000 	C:\Windows\system32\mswsock.dll
0x00007ffb41cd0000 - 0x00007ffb41ce3000 	D:\Java\jdk-11.0.2\bin\nio.dll
0x00007ffb44ba0000 - 0x00007ffb44bba000 	D:\IntelliJ IDEA Community Edition 2022.1.2\bin\breakgen64.dll
0x00007ffb25f40000 - 0x00007ffb25f67000 	D:\Java\jdk-11.0.2\bin\sunec.dll
0x00007ffb36c40000 - 0x00007ffb36c4d000 	D:\Java\jdk-11.0.2\bin\sunmscapi.dll
0x00007ffb48690000 - 0x00007ffb487e6000 	C:\Windows\System32\CRYPT32.dll
0x00007ffb47a40000 - 0x00007ffb47a67000 	C:\Windows\SYSTEM32\ncrypt.dll
0x00007ffb47a00000 - 0x00007ffb47a3b000 	C:\Windows\SYSTEM32\NTASN1.dll
0x00007ffb47920000 - 0x00007ffb47938000 	C:\Windows\SYSTEM32\CRYPTSP.dll
0x00007ffb47040000 - 0x00007ffb47074000 	C:\Windows\system32\rsaenh.dll
0x00007ffb487f0000 - 0x00007ffb48817000 	C:\Windows\System32\bcrypt.dll
0x00007ffb47e70000 - 0x00007ffb47e9e000 	C:\Windows\SYSTEM32\USERENV.dll
0x00007ffb47940000 - 0x00007ffb4794c000 	C:\Windows\SYSTEM32\CRYPTBASE.dll
0x00007ffb473d0000 - 0x00007ffb4740b000 	C:\Windows\SYSTEM32\IPHLPAPI.DLL
0x00007ffb48ef0000 - 0x00007ffb48ef8000 	C:\Windows\System32\NSI.dll
0x00007ffb3fda0000 - 0x00007ffb3fdb7000 	C:\Windows\SYSTEM32\dhcpcsvc6.DLL
0x00007ffb41760000 - 0x00007ffb4177d000 	C:\Windows\SYSTEM32\dhcpcsvc.DLL
0x00007ffb47420000 - 0x00007ffb474ea000 	C:\Windows\SYSTEM32\DNSAPI.dll
0x00007ffb06ff0000 - 0x00007ffb0718e000 	D:\Java\jdk-11.0.2\bin\awt.dll
0x00007ffb49b60000 - 0x00007ffb49c2d000 	C:\Windows\System32\OLEAUT32.dll
0x00007ffb44240000 - 0x00007ffb44800000 	C:\Windows\SYSTEM32\d2d1.dll
0x00007ffb457a0000 - 0x00007ffb45830000 	C:\Windows\SYSTEM32\apphelp.dll
0x00007ffb458e0000 - 0x00007ffb4597e000 	C:\Windows\system32\uxtheme.dll
0x00007ffb04670000 - 0x00007ffb047a8000 	C:\ProgramData\A-Volute\A-Volute.Nahimic\Modules\Scheduled\x64\AudioDevProps2.dll
0x00007ffb49990000 - 0x00007ffb49aba000 	C:\Windows\System32\ole32.dll
0x00007ffb12fe0000 - 0x00007ffb1308e000 	C:\ProgramData\A-Volute\A-Volute.Nahimic\Modules\Scheduled\x64\NahimicOSD.dll
0x00007ffb45500000 - 0x00007ffb45567000 	C:\ProgramData\A-Volute\A-Volute.Nahimic\Modules\Scheduled\x64\ProductInfo.dll
0x000001d950b40000 - 0x000001d950c55000 	C:\Windows\System32\MSCTF.dll
0x00007ffb45c80000 - 0x00007ffb45caf000 	C:\Windows\system32\DWMAPI.DLL
0x00007ffb13210000 - 0x00007ffb13337000 	C:\Windows\system32\opengl32.dll
0x00007ffb131e0000 - 0x00007ffb1320c000 	C:\Windows\SYSTEM32\GLU32.dll
0x00007ffb21630000 - 0x00007ffb216b0000 	D:\Java\jdk-11.0.2\bin\freetype.dll
0x00007ffb0c6f0000 - 0x00007ffb0c75f000 	D:\Java\jdk-11.0.2\bin\fontmanager.dll
0x00007ffb1a890000 - 0x00007ffb1a989000 	C:\Windows\SYSTEM32\textinputframework.dll
0x00007ffb45570000 - 0x00007ffb45662000 	C:\Windows\System32\CoreMessaging.dll
0x00007ffb45130000 - 0x00007ffb4548e000 	C:\Windows\System32\CoreUIComponents.dll
0x00007ffb46c70000 - 0x00007ffb46ca3000 	C:\Windows\SYSTEM32\ntmarta.dll
0x00007ffb43c80000 - 0x00007ffb43dd4000 	C:\Windows\SYSTEM32\wintypes.dll
0x00007ffb433c0000 - 0x00007ffb433c9000 	D:\Java\jdk-11.0.2\bin\management.dll
0x00007ffb433b0000 - 0x00007ffb433bc000 	D:\Java\jdk-11.0.2\bin\management_ext.dll
0x00007ffb3f040000 - 0x00007ffb3f04a000 	C:\Windows\System32\rasadhlp.dll
0x00007ffb38560000 - 0x00007ffb385e0000 	C:\Windows\System32\fwpuclnt.dll
0x00007ffb25e40000 - 0x00007ffb25e84000 	C:\Users\johnn\AppData\Local\Temp\jna-101303491\jna3474866938962236837.dll
0x00007ffb0c650000 - 0x00007ffb0c6ec000 	C:\Users\johnn\AppData\Local\Temp\jna-101303491\jna9528386690623918471.dll
0x00007ffb08410000 - 0x00007ffb0848f000 	D:\Java\jdk-11.0.2\bin\mlib_image.dll
0x00007ffb34980000 - 0x00007ffb34992000 	D:\Java\jdk-11.0.2\bin\jsound.dll
0x00007ffb34820000 - 0x00007ffb348bc000 	C:\Windows\SYSTEM32\DSOUND.dll
0x00007ffb47540000 - 0x00007ffb4758b000 	C:\Windows\SYSTEM32\powrprof.dll
0x00007ffb347f0000 - 0x00007ffb34816000 	C:\Windows\SYSTEM32\winmmbase.dll
0x00007ffb473b0000 - 0x00007ffb473c2000 	C:\Windows\SYSTEM32\UMPDC.dll
0x00007ffb49150000 - 0x00007ffb491f9000 	C:\Windows\System32\clbcatq.dll
0x00007ffb41ac0000 - 0x00007ffb41b45000 	C:\Windows\System32\MMDevApi.dll
0x00007ffb47d40000 - 0x00007ffb47d6c000 	C:\Windows\System32\DEVOBJ.dll
0x00007ffb48590000 - 0x00007ffb485de000 	C:\Windows\System32\cfgmgr32.dll
0x00007ffb415a0000 - 0x00007ffb41722000 	C:\Windows\SYSTEM32\AudioSes.dll
0x00007ffb1e5d0000 - 0x00007ffb1e613000 	C:\ProgramData\A-Volute\A-Volute.Nahimic\Modules\Scheduled\x64\ASM.Plugin.AudioDevProps2.dll
0x00007ffb43710000 - 0x00007ffb43806000 	C:\Windows\SYSTEM32\PropSys.dll
0x00007ffa732d0000 - 0x00007ffa73316000 	C:\Windows\SYSTEM32\wdmaud.drv
0x00007ffb42e90000 - 0x00007ffb42e99000 	C:\Windows\SYSTEM32\ksuser.dll
0x00007ffb420e0000 - 0x00007ffb420ea000 	C:\Windows\SYSTEM32\AVRT.dll
0x00007ffa759d0000 - 0x00007ffa759dd000 	C:\Windows\SYSTEM32\msacm32.drv
0x00007ffa732b0000 - 0x00007ffa732ce000 	C:\Windows\SYSTEM32\MSACM32.dll
0x00007ffa74020000 - 0x00007ffa7402b000 	C:\Windows\SYSTEM32\midimap.dll
0x00007ffb45a60000 - 0x00007ffb45a74000 	C:\Windows\SYSTEM32\resourcepolicyclient.dll
0x00007ffb1aac0000 - 0x00007ffb1ac01000 	C:\Windows\System32\Windows.UI.dll
0x00007ffb406a0000 - 0x00007ffb40741000 	C:\Windows\System32\WindowManagementAPI.dll
0x00007ffb1a730000 - 0x00007ffb1a882000 	C:\Windows\System32\InputHost.dll
0x00007ffb40440000 - 0x00007ffb40640000 	C:\Windows\SYSTEM32\twinapi.appcore.dll
0x00007ffb19790000 - 0x00007ffb197bd000 	D:\Java\jdk-11.0.2\bin\javajpeg.dll
0x00007ffb41ea0000 - 0x00007ffb41eab000 	C:\Windows\SYSTEM32\WINNSI.DLL
0x00007ffb36ba0000 - 0x00007ffb36ba7000 	D:\Java\jdk-11.0.2\bin\jawt.dll
0x00007ffb12cb0000 - 0x00007ffb12cd7000 	C:\Users\johnn\AppData\Local\Temp\568308439016004609rlawt.dll
0x00007ffb40070000 - 0x00007ffb40224000 	C:\Windows\SYSTEM32\WindowsCodecs.dll
0x00007ffb131a0000 - 0x00007ffb131de000 	C:\Windows\system32\dataexchange.dll
0x00007ffb44800000 - 0x00007ffb44a63000 	C:\Windows\system32\d3d11.dll
0x00007ffb44bc0000 - 0x00007ffb44da4000 	C:\Windows\system32\dcomp.dll
0x00007ffb46860000 - 0x00007ffb46953000 	C:\Windows\system32\dxgi.dll
0x00007ffb43300000 - 0x00007ffb433ae000 	C:\Windows\SYSTEM32\mscms.dll
0x00007ffb43200000 - 0x00007ffb43211000 	C:\Windows\SYSTEM32\ColorAdapterClient.dll
0x00007ffa9e690000 - 0x00007ffa9e6d3000 	C:\Windows\SYSTEM32\icm32.dll
0x00007ffb41fe0000 - 0x00007ffb420d7000 	C:\Windows\System32\AppXDeploymentClient.dll
0x00007ffa68cb0000 - 0x00007ffa69c75000 	C:\Windows\System32\DriverStore\FileRepository\iigd_dch.inf_amd64_a086f01cc7be643a\ig9icd64.dll

dbghelp: loaded successfully - version: 4.0.5 - missing functions: none
symbol engine: initialized successfully - sym options: 0x614 - pdb path: .;D:\Java\jdk-11.0.2\bin;C:\Windows\SYSTEM32;C:\Windows\WinSxS\amd64_microsoft.windows.common-controls_6595b64144ccf1df_6.0.19041.1110_none_60b5254171f9507e;D:\Java\jdk-11.0.2\bin\server;D:\IntelliJ IDEA Community Edition 2022.1.2\bin;C:\ProgramData\A-Volute\A-Volute.Nahimic\Modules\Scheduled\x64;C:\Users\johnn\AppData\Local\Temp\jna-101303491;C:\Users\johnn\AppData\Local\Temp;C:\Windows\System32\DriverStore\FileRepository\iigd_dch.inf_amd64_a086f01cc7be643a;C:\Users\johnn\AppData\Local\Temp\lwjgl-rl-amd64\3.3.1-build-7

VM Arguments:
jvm_args: -ea -javaagent:D:\IntelliJ IDEA Community Edition 2022.1.2\lib\idea_rt.jar=58448:D:\IntelliJ IDEA Community Edition 2022.1.2\bin -Dfile.encoding=UTF-8 
java_command: net.runelite.client.RuneLite --developer-mode --debug
java_class_path (initial): D:\Java\runelite-base\runelite-client\target\classes;C:\Users\johnn\.m2\repository\org\slf4j\slf4j-api\1.7.25\slf4j-api-1.7.25.jar;C:\Users\johnn\.m2\repository\ch\qos\logback\logback-classic\1.2.9\logback-classic-1.2.9.jar;C:\Users\johnn\.m2\repository\ch\qos\logback\logback-core\1.2.9\logback-core-1.2.9.jar;C:\Users\johnn\.m2\repository\net\sf\jopt-simple\jopt-simple\5.0.1\jopt-simple-5.0.1.jar;C:\Users\johnn\.m2\repository\com\google\guava\guava\23.2-jre\guava-23.2-jre.jar;C:\Users\johnn\.m2\repository\com\google\inject\guice\4.1.0\guice-4.1.0-no_aop.jar;C:\Users\johnn\.m2\repository\javax\inject\javax.inject\1\javax.inject-1.jar;C:\Users\johnn\.m2\repository\aopalliance\aopalliance\1.0\aopalliance-1.0.jar;C:\Users\johnn\.m2\repository\com\google\code\gson\gson\2.8.5\gson-2.8.5.jar;C:\Users\johnn\.m2\repository\net\runelite\pushingpixels\substance\8.0.02\substance-8.0.02.jar;C:\Users\johnn\.m2\repository\net\runelite\pushingpixels\trident\1.5.00\trident-1.5.00.jar;C:\Users\johnn\.m2\repository\org\apache\commons\commons-text\1.2\commons-text-1.2.jar;C:\Users\johnn\.m2\repository\org\apache\commons\commons-lang3\3.7\commons-lang3-3.7.jar;C:\Users\johnn\.m2\repository\net\runelite\archive-patcher\archive-patcher-applier\1.2\archive-patcher-applier-1.2.jar;C:\Users\johnn\.m2\repository\net\java\dev\jna\jna\5.9.0\jna-5.9.0.jar;C:\Users\johnn\.m2\repository\net\java\dev\jna\jna-platform\5.9.0\jna-platform-5.9.0.jar;C:\Users\johnn\.m2\repository\com\google\code\findbugs\jsr305\3.0.2\jsr305-3.0.2.jar;C:\Users\johnn\.m2\repository\com\google\protobuf\protobuf-javalite\3.21.1\protobuf-javalite-3.21.1.jar;C:\Users\johnn\.m2\repository\net\runelite\rlawt\1.3\rlawt-1.3.jar;C:\Users\johnn\.m2\repository\net\runelite\jocl\jocl\1.0\jocl-1.0.jar;C:\Users\johnn\.m2\repository\net\runelite\jocl\jocl\1.0\jocl-1.0-macos-x64.jar;C:\Users\johnn\.m2\repository\net\runelite\jocl\jocl\1.0\jocl-1.0-macos-arm64.jar;C:\Users\johnn\.m2\repository\org\lwjgl\lwjgl\
Launcher Type: SUN_STANDARD

[Global flags]
     intx CICompilerCount                          = 4                                         {product} {ergonomic}
     uint ConcGCThreads                            = 2                                         {product} {ergonomic}
     uint G1ConcRefinementThreads                  = 8                                         {product} {ergonomic}
   size_t G1HeapRegionSize                         = 1048576                                   {product} {ergonomic}
    uintx GCDrainStackTargetSize                   = 64                                        {product} {ergonomic}
   size_t InitialHeapSize                          = 266338304                                 {product} {ergonomic}
   size_t MarkStackSize                            = 4194304                                   {product} {ergonomic}
   size_t MaxHeapSize                              = 4248829952                                {product} {ergonomic}
   size_t MaxNewSize                               = 2549088256                                {product} {ergonomic}
   size_t MinHeapDeltaBytes                        = 1048576                                   {product} {ergonomic}
    uintx NonNMethodCodeHeapSize                   = 5835340                                {pd product} {ergonomic}
    uintx NonProfiledCodeHeapSize                  = 122911450                              {pd product} {ergonomic}
    uintx ProfiledCodeHeapSize                     = 122911450                              {pd product} {ergonomic}
    uintx ReservedCodeCacheSize                    = 251658240                              {pd product} {ergonomic}
     bool SegmentedCodeCache                       = true                                      {product} {ergonomic}
     bool UseCompressedClassPointers               = true                                 {lp64_product} {ergonomic}
     bool UseCompressedOops                        = true                                 {lp64_product} {ergonomic}
     bool UseG1GC                                  = true                                      {product} {ergonomic}
     bool UseLargePagesIndividualAllocation        = false                                  {pd product} {ergonomic}

Logging:
Log output configuration:
 #0: stdout all=warning uptime,level,tags
 #1: stderr all=off uptime,level,tags

Environment Variables:
PATH=C:\Program Files (x86)\Common Files\Oracle\Java\javapath;C:\Windows\system32;C:\Windows;C:\Windows\System32\Wbem;C:\Windows\System32\WindowsPowerShell\v1.0\;C:\Windows\System32\OpenSSH\;C:\Program Files\NVIDIA Corporation\NVIDIA NvDLISR;C:\Program Files (x86)\NVIDIA Corporation\PhysX\Common;C:\Program Files\dotnet\;D:\Bitvise;C:\Program Files\Git\cmd;C:\Users\johnn\AppData\Local\Microsoft\WindowsApps;C:\Users\johnn\.dotnet\tools;C:\Users\johnn\AppData\Local\GitHubDesktop\bin
USERNAME=johnn
OS=Windows_NT
PROCESSOR_IDENTIFIER=Intel64 Family 6 Model 165 Stepping 2, GenuineIntel



---------------  S Y S T E M  ---------------

OS: Windows 10 , 64 bit Build 19041 (10.0.19041.1889)

CPU:total 8 (initial active 8) (4 cores per cpu, 2 threads per core) family 6 model 165 stepping 2, cmov, cx8, fxsr, mmx, sse, sse2, sse3, ssse3, sse4.1, sse4.2, popcnt, avx, avx2, aes, clmul, erms, 3dnowpref, lzcnt, ht, tsc, tscinvbit, bmi1, bmi2, adx, fma

Memory: 4k page, system-wide physical 16205M (5289M free)
TotalPageFile size 30029M (AvailPageFile size 15553M)
current process WorkingSet (physical memory assigned to process): 915M, peak: 1076M
current process commit charge ("private bytes"): 768M, peak: 930M

vm_info: OpenJDK 64-Bit Server VM (11.0.2+9) for windows-amd64 JRE (11.0.2+9), built on Jan 18 2019 05:23:22 by "mach5one" with MS VC++ 15.5 (VS2017)

END.
