#
# A fatal error has been detected by the Java Runtime Environment:
#
#  EXCEPTION_ACCESS_VIOLATION (0xc0000005) at pc=0x00007ffac6be1973, pid=17464, tid=4820
#
# JRE version: OpenJDK Runtime Environment (11.0.2+9) (build 11.0.2+9)
# Java VM: OpenJDK 64-Bit Server VM (11.0.2+9, mixed mode, tiered, compressed oops, g1 gc, windows-amd64)
# Problematic frame:
# C  0x00007ffac6be1973
#
# No core dump will be written. Minidumps are not enabled by default on client versions of Windows
#
# If you would like to submit a bug report, please visit:
#   http://bugreport.java.com/bugreport/crash.jsp
# The crash happened outside the Java Virtual Machine in native code.
# See problematic frame for where to report the bug.
#

---------------  S U M M A R Y ------------

Command Line: -ea -javaagent:D:\IntelliJ IDEA Community Edition 2022.1.2\lib\idea_rt.jar=65235:D:\IntelliJ IDEA Community Edition 2022.1.2\bin -Dfile.encoding=UTF-8 net.runelite.client.RuneLite --developer-mode --debug

Host: Intel(R) Core(TM) i5-10200H CPU @ 2.40GHz, 8 cores, 15G,  Windows 10 , 64 bit Build 19041 (10.0.19041.1889)
Time: Thu Sep 29 22:06:45 2022 West-Europa (zomertijd) elapsed time: 35 seconds (0d 0h 0m 35s)

---------------  T H R E A D  ---------------

Current thread (0x0000029bc3445800):  JavaThread "Client" daemon [_thread_in_native, id=4820, stack(0x000000f986600000,0x000000f986700000)]

Stack: [0x000000f986600000,0x000000f986700000],  sp=0x000000f9866fe718,  free space=1017k
Native frames: (J=compiled Java code, j=interpreted, Vv=VM code, C=native code)
C  0x00007ffac6be1973

Java frames: (J=compiled Java code, j=interpreted, Vv=VM code)
J 10014  org.lwjgl.opengl.GL30C.glBlitFramebuffer(IIIIIIIIII)V (0 bytes) @ 0x0000029badce4cd5 [0x0000029badce4c40+0x0000000000000095]
J 9998 c1 net.runelite.client.plugins.gpu.GpuPlugin.draw(I)V (1388 bytes) @ 0x0000029ba79b53a4 [0x0000029ba79b1280+0x0000000000004124]
J 4242 c1 ai.w(Ljava/lang/Object;I)V (92 bytes) @ 0x0000029ba6a4a084 [0x0000029ba6a498a0+0x00000000000007e4]
j  ai.run()V+379
j  java.lang.Thread.run()V+11 java.base@11.0.2
v  ~StubRoutines::call_stub

siginfo: EXCEPTION_ACCESS_VIOLATION (0xc0000005), reading address 0x00007ffe06df5e20


Register to memory mapping:

RIP=0x00007ffac6be1973 points into unknown readable memory: 8b 84 19 54 1e
RAX=0x000000000fff0fff is an unknown value
RBX=0x00007ffac6220000 points into unknown readable memory: 4d 5a 90 00 03 00 00 00
RCX=0x000000033fcf3fcc is an unknown value
RDX=0x000000f9866fec30 is pointing into the stack for thread: 0x0000029bc3445800
RSP=0x000000f9866fe718 is pointing into the stack for thread: 0x0000029bc3445800
RBP=0x000000f9866fe820 is pointing into the stack for thread: 0x0000029bc3445800
RSI=0x0000029bc918f840 points into unknown readable memory: 00 e0 2b c9 9b 02 00 00
RDI=0x000000f9866fea20 is pointing into the stack for thread: 0x0000029bc3445800
R8 =0x000000f9866fe850 is pointing into the stack for thread: 0x0000029bc3445800
R9 =0x000000f9866fec30 is pointing into the stack for thread: 0x0000029bc3445800
R10=0x000000f9866fea20 is pointing into the stack for thread: 0x0000029bc3445800
R11=0x0 is NULL
R12=0x00007ffac70462f0 points into unknown readable memory: 00 00 00 00 01 00 00 00
R13=0x0 is NULL
R14=0x0 is NULL
R15=0x00000000000001c1 is an unknown value


Registers:
RAX=0x000000000fff0fff, RBX=0x00007ffac6220000, RCX=0x000000033fcf3fcc, RDX=0x000000f9866fec30
RSP=0x000000f9866fe718, RBP=0x000000f9866fe820, RSI=0x0000029bc918f840, RDI=0x000000f9866fea20
R8 =0x000000f9866fe850, R9 =0x000000f9866fec30, R10=0x000000f9866fea20, R11=0x0000000000000000
R12=0x00007ffac70462f0, R13=0x0000000000000000, R14=0x0000000000000000, R15=0x00000000000001c1
RIP=0x00007ffac6be1973, EFLAGS=0x0000000000010206

Top of Stack: (sp=0x000000f9866fe718)
0x000000f9866fe718:   00007ffac6bdf0ab 0000000000000001
0x000000f9866fe728:   0000000000000000 0000029bc6bc7e00
0x000000f9866fe738:   00007ffb2e312572 000000f900000065
0x000000f9866fe748:   000000f9866fe950 0000000000000000
0x000000f9866fe758:   0000029bd4b4b9b0 0000000000000000
0x000000f9866fe768:   0000029bd4b4a060 0000029bc6bc7e20
0x000000f9866fe778:   0000000000000fb0 0000000000000000
0x000000f9866fe788:   0000000000000000 000000f9866fe900
0x000000f9866fe798:   00007ffac6876bb0 0000000000000000
0x000000f9866fe7a8:   0000000000000000 0000000000000000
0x000000f9866fe7b8:   0000000000000000 000005d03594d0af
0x000000f9866fe7c8:   00007ffac6236145 0000000000000000
0x000000f9866fe7d8:   0000000000004001 0000000000000300
0x000000f9866fe7e8:   00007ffb3aebb86b 00000000006a0068
0x000000f9866fe7f8:   00000000000000ba 0000029bc6a5bb00
0x000000f9866fe808:   0000000000000000 0000000000000000 

Instructions: (pc=0x00007ffac6be1973)
0x00007ffac6be1953:   40 44 8b 84 19 3c 1e ee 00 41 89 40 48 8b 84 19
0x00007ffac6be1963:   40 1e ee 00 41 89 40 4c 49 63 42 78 48 6b c8 34
0x00007ffac6be1973:   8b 84 19 54 1e ee 00 41 89 40 50 8b 84 19 58 1e
0x00007ffac6be1983:   ee 00 41 89 40 54 8b 84 19 5c 1e ee 00 41 89 40 


Stack slot to memory mapping:
stack at sp + 0 slots: 0x00007ffac6bdf0ab points into unknown readable memory: c7 47 2c 04 00
stack at sp + 1 slots: 0x0000000000000001 is an unknown value
stack at sp + 2 slots: 0x0 is NULL
stack at sp + 3 slots: 0x0000029bc6bc7e00 points into unknown readable memory: f3 dd 1b 91 ff ff ff ff
stack at sp + 4 slots: 0x00007ffb2e312572 points into unknown readable memory: 8b c8 33 d2 8b 43
stack at sp + 5 slots: 0x000000f900000065 is an unknown value
stack at sp + 6 slots: 0x000000f9866fe950 is pointing into the stack for thread: 0x0000029bc3445800
stack at sp + 7 slots: 0x0 is NULL


---------------  P R O C E S S  ---------------

Threads class SMR info:
_java_thread_list=0x0000029bc36c5570, length=37, elements={
0x0000029bc2052000, 0x0000029bc205b000, 0x0000029bc17c7800, 0x0000029bc20c2800,
0x0000029bc20c5000, 0x0000029bc20ca000, 0x0000029bc20d4000, 0x0000029bc2050800,
0x0000029bc26d4000, 0x0000029bc26d5000, 0x0000029bc3332000, 0x0000029bc3361000,
0x0000029bc33e5800, 0x0000029bc37b8800, 0x0000029bc3855800, 0x0000029bc355e800,
0x0000029bc3c44000, 0x0000029bc3447000, 0x0000029bc3448000, 0x0000029bc3448800,
0x0000029bc3449800, 0x0000029bc344a000, 0x0000029bc344b000, 0x0000029bc3445800,
0x0000029bc344c000, 0x0000029bc3446000, 0x0000029bc2a1b800, 0x0000029bc2a19000,
0x0000029bc2a1c800, 0x0000029bc2a1f800, 0x0000029bc2a1f000, 0x0000029bc2a1a800,
0x0000029bc2a21000, 0x0000029bc2a27000, 0x0000029bc2a25800, 0x0000029bc2a26000,
0x0000029bc2a20800
}

Java Threads: ( => current thread )
  0x0000029bc2052000 JavaThread "Reference Handler" daemon [_thread_blocked, id=20116, stack(0x000000f984400000,0x000000f984500000)]
  0x0000029bc205b000 JavaThread "Finalizer" daemon [_thread_blocked, id=18928, stack(0x000000f984500000,0x000000f984600000)]
  0x0000029bc17c7800 JavaThread "Signal Dispatcher" daemon [_thread_blocked, id=15244, stack(0x000000f984600000,0x000000f984700000)]
  0x0000029bc20c2800 JavaThread "Attach Listener" daemon [_thread_blocked, id=18152, stack(0x000000f984700000,0x000000f984800000)]
  0x0000029bc20c5000 JavaThread "C2 CompilerThread0" daemon [_thread_blocked, id=10484, stack(0x000000f984800000,0x000000f984900000)]
  0x0000029bc20ca000 JavaThread "C1 CompilerThread0" daemon [_thread_blocked, id=9600, stack(0x000000f984900000,0x000000f984a00000)]
  0x0000029bc20d4000 JavaThread "Sweeper thread" daemon [_thread_blocked, id=13436, stack(0x000000f984a00000,0x000000f984b00000)]
  0x0000029bc2050800 JavaThread "Common-Cleaner" daemon [_thread_blocked, id=6824, stack(0x000000f984b00000,0x000000f984c00000)]
  0x0000029bc26d4000 JavaThread "Monitor Ctrl-Break" daemon [_thread_in_native, id=5368, stack(0x000000f984c00000,0x000000f984d00000)]
  0x0000029bc26d5000 JavaThread "Service Thread" daemon [_thread_blocked, id=7760, stack(0x000000f984d00000,0x000000f984e00000)]
  0x0000029bc3332000 JavaThread "Java2D Disposer" daemon [_thread_blocked, id=14516, stack(0x000000f985400000,0x000000f985500000)]
  0x0000029bc3361000 JavaThread "AWT-Shutdown" [_thread_blocked, id=13340, stack(0x000000f985500000,0x000000f985600000)]
  0x0000029bc33e5800 JavaThread "AWT-EventQueue-0" [_thread_blocked, id=1976, stack(0x000000f985700000,0x000000f985800000)]
  0x0000029bc37b8800 JavaThread "TimerQueue" daemon [_thread_blocked, id=2568, stack(0x000000f985900000,0x000000f985a00000)]
  0x0000029bc3855800 JavaThread "OkHttp Dispatcher" [_thread_blocked, id=8560, stack(0x000000f985b00000,0x000000f985c00000)]
  0x0000029bc355e800 JavaThread "OkHttp static.runelite.net Writer" [_thread_blocked, id=7352, stack(0x000000f985e00000,0x000000f985f00000)]
  0x0000029bc3c44000 JavaThread "OkHttp static.runelite.net" [_thread_in_native, id=17576, stack(0x000000f985f00000,0x000000f986000000)]
  0x0000029bc3447000 JavaThread "OkHttp ConnectionPool" daemon [_thread_blocked, id=8016, stack(0x000000f986000000,0x000000f986100000)]
  0x0000029bc3448000 JavaThread "Okio Watchdog" daemon [_thread_blocked, id=1980, stack(0x000000f986100000,0x000000f986200000)]
  0x0000029bc3448800 JavaThread "OkHttp Http2Connection" daemon [_thread_blocked, id=8616, stack(0x000000f986200000,0x000000f986300000)]
  0x0000029bc3449800 JavaThread "pool-3-thread-1" [_thread_blocked, id=21352, stack(0x000000f985a00000,0x000000f985b00000)]
  0x0000029bc344a000 JavaThread "pool-2-thread-1" [_thread_blocked, id=9340, stack(0x000000f986300000,0x000000f986400000)]
  0x0000029bc344b000 JavaThread "Thread-1" daemon [_thread_blocked, id=2968, stack(0x000000f985c00000,0x000000f985d00000)]
=>0x0000029bc3445800 JavaThread "Client" daemon [_thread_in_native, id=4820, stack(0x000000f986600000,0x000000f986700000)]
  0x0000029bc344c000 JavaThread "Thread-3" daemon [_thread_blocked, id=12684, stack(0x000000f986700000,0x000000f986800000)]
  0x0000029bc3446000 JavaThread "Thread-4" daemon [_thread_in_native, id=17908, stack(0x000000f986a00000,0x000000f986b00000)]
  0x0000029bc2a1b800 JavaThread "Thread-5" daemon [_thread_blocked, id=2308, stack(0x000000f986b00000,0x000000f986c00000)]
  0x0000029bc2a19000 JavaThread "Thread-6" daemon [_thread_blocked, id=15524, stack(0x000000f986c00000,0x000000f986d00000)]
  0x0000029bc2a1c800 JavaThread "Java Sound Event Dispatcher" daemon [_thread_blocked, id=18100, stack(0x000000f986800000,0x000000f986900000)]
  0x0000029bc2a1f800 JavaThread "pool-4-thread-1" [_thread_blocked, id=10084, stack(0x000000f987100000,0x000000f987200000)]
  0x0000029bc2a1f000 JavaThread "Thread-7" daemon [_thread_blocked, id=14648, stack(0x000000f987600000,0x000000f987700000)]
  0x0000029bc2a1a800 JavaThread "Substance heap status" daemon [_thread_blocked, id=2756, stack(0x000000f987c00000,0x000000f987d00000)]
  0x0000029bc2a21000 JavaThread "pool-6-thread-1" [_thread_in_native, id=20256, stack(0x000000f987e00000,0x000000f987f00000)]
  0x0000029bc2a27000 JavaThread "Trident callback thread" daemon [_thread_blocked, id=7964, stack(0x000000f988000000,0x000000f988100000)]
  0x0000029bc2a25800 JavaThread "Trident pulse source thread" daemon [_thread_blocked, id=16908, stack(0x000000f988100000,0x000000f988200000)]
  0x0000029bc2a26000 JavaThread "DestroyJavaVM" [_thread_blocked, id=6488, stack(0x000000f983d00000,0x000000f983e00000)]
  0x0000029bc2a20800 JavaThread "SIGINT handler" daemon [_thread_blocked, id=7728, stack(0x000000f987400000,0x000000f987500000)]

Other Threads:
  0x0000029bc179e000 VMThread "VM Thread" [stack: 0x000000f984300000,0x000000f984400000] [id=1856]
  0x0000029bc26da000 WatcherThread [stack: 0x000000f984e00000,0x000000f984f00000] [id=12112]
  0x0000029b9d7d2800 GCTaskThread "GC Thread#0" [stack: 0x000000f983e00000,0x000000f983f00000] [id=2688]
  0x0000029bc2cea800 GCTaskThread "GC Thread#1" [stack: 0x000000f984f00000,0x000000f985000000] [id=14620]
  0x0000029bc32d4000 GCTaskThread "GC Thread#2" [stack: 0x000000f985000000,0x000000f985100000] [id=13108]
  0x0000029bc32d4800 GCTaskThread "GC Thread#3" [stack: 0x000000f985100000,0x000000f985200000] [id=15800]
  0x0000029bc32d7800 GCTaskThread "GC Thread#4" [stack: 0x000000f985200000,0x000000f985300000] [id=20776]
  0x0000029bc32d8800 GCTaskThread "GC Thread#5" [stack: 0x000000f985300000,0x000000f985400000] [id=11092]
  0x0000029bc3510000 GCTaskThread "GC Thread#6" [stack: 0x000000f986400000,0x000000f986500000] [id=12872]
  0x0000029bc6721000 GCTaskThread "GC Thread#7" [stack: 0x000000f986500000,0x000000f986600000] [id=19900]
  0x0000029b9d831800 ConcurrentGCThread "G1 Main Marker" [stack: 0x000000f983f00000,0x000000f984000000] [id=20988]
  0x0000029b9d834000 ConcurrentGCThread "G1 Conc#0" [stack: 0x000000f984000000,0x000000f984100000] [id=7192]
  0x0000029bc32dc000 ConcurrentGCThread "G1 Conc#1" [stack: 0x000000f985800000,0x000000f985900000] [id=16248]
  0x0000029bc1683800 ConcurrentGCThread "G1 Refine#0" [stack: 0x000000f984100000,0x000000f984200000] [id=20684]
  0x0000029bc220b800 ConcurrentGCThread "G1 Refine#1" [stack: 0x000000f987800000,0x000000f987900000] [id=18360]
  0x0000029bc2b9f800 ConcurrentGCThread "G1 Refine#2" [stack: 0x000000f987900000,0x000000f987a00000] [id=21440]
  0x0000029bc9dc3000 ConcurrentGCThread "G1 Refine#3" [stack: 0x000000f987a00000,0x000000f987b00000] [id=17648]
  0x0000029bc3bae000 ConcurrentGCThread "G1 Refine#4" [stack: 0x000000f987b00000,0x000000f987c00000] [id=9352]
  0x0000029bc1684000 ConcurrentGCThread "G1 Young RemSet Sampling" [stack: 0x000000f984200000,0x000000f984300000] [id=20144]

Threads with active compile tasks:

VM state:not at safepoint (normal execution)

VM Mutex/Monitor currently owned by a thread: None

Heap address: 0x0000000702c00000, size: 4052 MB, Compressed Oops mode: Zero based, Oop shift amount: 3
Narrow klass base: 0x0000000800000000, Narrow klass shift: 0
Compressed class space size: 1073741824 Address: 0x0000000800000000

Heap:
 garbage-first heap   total 260096K, used 171582K [0x0000000702c00000, 0x0000000800000000)
  region size 1024K, 55 young (56320K), 8 survivors (8192K)
 Metaspace       used 79103K, capacity 82058K, committed 82328K, reserved 1122304K
  class space    used 8966K, capacity 10180K, committed 10240K, reserved 1048576K
Heap Regions: E=young(eden), S=young(survivor), O=old, HS=humongous(starts), HC=humongous(continues), CS=collection set, F=free, A=archive, TAMS=top-at-mark-start (previous, next)
|   0|0x0000000702c00000, 0x0000000702d00000, 0x0000000702d00000|100%| O|  |TAMS 0x0000000702d00000, 0x0000000702c00000| Untracked 
|   1|0x0000000702d00000, 0x0000000702e00000, 0x0000000702e00000|100%| O|  |TAMS 0x0000000702e00000, 0x0000000702d00000| Untracked 
|   2|0x0000000702e00000, 0x0000000702f00000, 0x0000000702f00000|100%| O|  |TAMS 0x0000000702f00000, 0x0000000702e00000| Untracked 
|   3|0x0000000702f00000, 0x0000000703000000, 0x0000000703000000|100%| O|  |TAMS 0x0000000703000000, 0x0000000702f00000| Untracked 
|   4|0x0000000703000000, 0x0000000703100000, 0x0000000703100000|100%| O|  |TAMS 0x0000000703100000, 0x0000000703000000| Untracked 
|   5|0x0000000703100000, 0x0000000703200000, 0x0000000703200000|100%| O|  |TAMS 0x0000000703200000, 0x0000000703100000| Untracked 
|   6|0x0000000703200000, 0x0000000703200000, 0x0000000703300000|  0%| F|  |TAMS 0x0000000703200000, 0x0000000703200000| Untracked 
|   7|0x0000000703300000, 0x0000000703400000, 0x0000000703400000|100%| O|  |TAMS 0x0000000703400000, 0x0000000703300000| Untracked 
|   8|0x0000000703400000, 0x0000000703500000, 0x0000000703500000|100%|HS|  |TAMS 0x0000000703500000, 0x0000000703400000| Complete 
|   9|0x0000000703500000, 0x0000000703600000, 0x0000000703600000|100%|HC|  |TAMS 0x0000000703600000, 0x0000000703500000| Complete 
|  10|0x0000000703600000, 0x0000000703700000, 0x0000000703700000|100%| O|  |TAMS 0x0000000703700000, 0x0000000703600000| Untracked 
|  11|0x0000000703700000, 0x0000000703800000, 0x0000000703800000|100%|HS|  |TAMS 0x0000000703800000, 0x0000000703700000| Complete 
|  12|0x0000000703800000, 0x0000000703900000, 0x0000000703900000|100%|HC|  |TAMS 0x0000000703900000, 0x0000000703800000| Complete 
|  13|0x0000000703900000, 0x0000000703a00000, 0x0000000703a00000|100%| O|  |TAMS 0x0000000703a00000, 0x0000000703900000| Untracked 
|  14|0x0000000703a00000, 0x0000000703b00000, 0x0000000703b00000|100%| O|  |TAMS 0x0000000703b00000, 0x0000000703a00000| Untracked 
|  15|0x0000000703b00000, 0x0000000703c00000, 0x0000000703c00000|100%| O|  |TAMS 0x0000000703c00000, 0x0000000703b00000| Untracked 
|  16|0x0000000703c00000, 0x0000000703d00000, 0x0000000703d00000|100%| O|  |TAMS 0x0000000703d00000, 0x0000000703c00000| Complete 
|  17|0x0000000703d00000, 0x0000000703e00000, 0x0000000703e00000|100%| O|  |TAMS 0x0000000703e00000, 0x0000000703d00000| Untracked 
|  18|0x0000000703e00000, 0x0000000703f00000, 0x0000000703f00000|100%| O|  |TAMS 0x0000000703f00000, 0x0000000703e00000| Untracked 
|  19|0x0000000703f00000, 0x0000000704000000, 0x0000000704000000|100%| O|  |TAMS 0x0000000704000000, 0x0000000703f00000| Complete 
|  20|0x0000000704000000, 0x0000000704100000, 0x0000000704100000|100%| O|  |TAMS 0x0000000704100000, 0x0000000704000000| Complete 
|  21|0x0000000704100000, 0x0000000704200000, 0x0000000704200000|100%| O|  |TAMS 0x0000000704200000, 0x0000000704100000| Complete 
|  22|0x0000000704200000, 0x0000000704300000, 0x0000000704300000|100%| O|  |TAMS 0x0000000704300000, 0x0000000704200000| Complete 
|  23|0x0000000704300000, 0x0000000704400000, 0x0000000704400000|100%| O|  |TAMS 0x0000000704400000, 0x0000000704300000| Complete 
|  24|0x0000000704400000, 0x0000000704500000, 0x0000000704500000|100%|HS|  |TAMS 0x0000000704500000, 0x0000000704400000| Complete 
|  25|0x0000000704500000, 0x0000000704600000, 0x0000000704600000|100%|HS|  |TAMS 0x0000000704600000, 0x0000000704500000| Complete 
|  26|0x0000000704600000, 0x0000000704700000, 0x0000000704700000|100%|HC|  |TAMS 0x0000000704700000, 0x0000000704600000| Complete 
|  27|0x0000000704700000, 0x0000000704800000, 0x0000000704800000|100%| O|  |TAMS 0x0000000704800000, 0x0000000704700000| Untracked 
|  28|0x0000000704800000, 0x0000000704900000, 0x0000000704900000|100%| O|  |TAMS 0x0000000704900000, 0x0000000704800000| Untracked 
|  29|0x0000000704900000, 0x0000000704a00000, 0x0000000704a00000|100%| O|  |TAMS 0x0000000704a00000, 0x0000000704900000| Untracked 
|  30|0x0000000704a00000, 0x0000000704b00000, 0x0000000704b00000|100%| O|  |TAMS 0x0000000704b00000, 0x0000000704a00000| Untracked 
|  31|0x0000000704b00000, 0x0000000704c00000, 0x0000000704c00000|100%| O|  |TAMS 0x0000000704c00000, 0x0000000704b00000| Untracked 
|  32|0x0000000704c00000, 0x0000000704d00000, 0x0000000704d00000|100%| O|  |TAMS 0x0000000704d00000, 0x0000000704c00000| Untracked 
|  33|0x0000000704d00000, 0x0000000704e00000, 0x0000000704e00000|100%| O|  |TAMS 0x0000000704e00000, 0x0000000704d00000| Untracked 
|  34|0x0000000704e00000, 0x0000000704f00000, 0x0000000704f00000|100%| O|  |TAMS 0x0000000704f00000, 0x0000000704e00000| Untracked 
|  35|0x0000000704f00000, 0x0000000705000000, 0x0000000705000000|100%| O|  |TAMS 0x0000000705000000, 0x0000000704f00000| Complete 
|  36|0x0000000705000000, 0x0000000705100000, 0x0000000705100000|100%| O|  |TAMS 0x0000000705100000, 0x0000000705000000| Untracked 
|  37|0x0000000705100000, 0x0000000705200000, 0x0000000705200000|100%| O|  |TAMS 0x0000000705200000, 0x0000000705100000| Untracked 
|  38|0x0000000705200000, 0x0000000705300000, 0x0000000705300000|100%| O|  |TAMS 0x0000000705300000, 0x0000000705200000| Untracked 
|  39|0x0000000705300000, 0x0000000705400000, 0x0000000705400000|100%| O|  |TAMS 0x0000000705400000, 0x0000000705300000| Complete 
|  40|0x0000000705400000, 0x0000000705500000, 0x0000000705500000|100%| O|  |TAMS 0x0000000705500000, 0x0000000705400000| Complete 
|  41|0x0000000705500000, 0x0000000705600000, 0x0000000705600000|100%| O|  |TAMS 0x0000000705600000, 0x0000000705500000| Complete 
|  42|0x0000000705600000, 0x0000000705700000, 0x0000000705700000|100%| O|  |TAMS 0x0000000705700000, 0x0000000705600000| Complete 
|  43|0x0000000705700000, 0x0000000705800000, 0x0000000705800000|100%| O|  |TAMS 0x0000000705800000, 0x0000000705700000| Complete 
|  44|0x0000000705800000, 0x0000000705900000, 0x0000000705900000|100%| O|  |TAMS 0x0000000705900000, 0x0000000705800000| Complete 
|  45|0x0000000705900000, 0x0000000705a00000, 0x0000000705a00000|100%| O|  |TAMS 0x0000000705a00000, 0x0000000705900000| Complete 
|  46|0x0000000705a00000, 0x0000000705b00000, 0x0000000705b00000|100%| O|  |TAMS 0x0000000705b00000, 0x0000000705a00000| Complete 
|  47|0x0000000705b00000, 0x0000000705c00000, 0x0000000705c00000|100%| O|  |TAMS 0x0000000705c00000, 0x0000000705b00000| Complete 
|  48|0x0000000705c00000, 0x0000000705d00000, 0x0000000705d00000|100%| O|  |TAMS 0x0000000705d00000, 0x0000000705c00000| Complete 
|  49|0x0000000705d00000, 0x0000000705e00000, 0x0000000705e00000|100%| O|  |TAMS 0x0000000705e00000, 0x0000000705d00000| Complete 
|  50|0x0000000705e00000, 0x0000000705f00000, 0x0000000705f00000|100%| O|  |TAMS 0x0000000705f00000, 0x0000000705e00000| Complete 
|  51|0x0000000705f00000, 0x0000000706000000, 0x0000000706000000|100%| O|  |TAMS 0x0000000706000000, 0x0000000705f00000| Complete 
|  52|0x0000000706000000, 0x0000000706100000, 0x0000000706100000|100%| O|  |TAMS 0x0000000706100000, 0x0000000706000000| Complete 
|  53|0x0000000706100000, 0x0000000706200000, 0x0000000706200000|100%| O|  |TAMS 0x0000000706200000, 0x0000000706100000| Complete 
|  54|0x0000000706200000, 0x0000000706300000, 0x0000000706300000|100%| O|  |TAMS 0x0000000706300000, 0x0000000706200000| Complete 
|  55|0x0000000706300000, 0x0000000706400000, 0x0000000706400000|100%| O|  |TAMS 0x0000000706400000, 0x0000000706300000| Complete 
|  56|0x0000000706400000, 0x0000000706500000, 0x0000000706500000|100%| O|  |TAMS 0x0000000706500000, 0x0000000706400000| Complete 
|  57|0x0000000706500000, 0x0000000706600000, 0x0000000706600000|100%| O|  |TAMS 0x0000000706600000, 0x0000000706500000| Complete 
|  58|0x0000000706600000, 0x0000000706700000, 0x0000000706700000|100%| O|  |TAMS 0x0000000706700000, 0x0000000706600000| Untracked 
|  59|0x0000000706700000, 0x0000000706800000, 0x0000000706800000|100%| O|  |TAMS 0x0000000706800000, 0x0000000706700000| Untracked 
|  60|0x0000000706800000, 0x0000000706900000, 0x0000000706900000|100%| O|  |TAMS 0x0000000706900000, 0x0000000706800000| Complete 
|  61|0x0000000706900000, 0x0000000706a00000, 0x0000000706a00000|100%|HS|  |TAMS 0x0000000706a00000, 0x0000000706900000| Complete 
|  62|0x0000000706a00000, 0x0000000706b00000, 0x0000000706b00000|100%|HS|  |TAMS 0x0000000706b00000, 0x0000000706a00000| Complete 
|  63|0x0000000706b00000, 0x0000000706c00000, 0x0000000706c00000|100%| O|  |TAMS 0x0000000706c00000, 0x0000000706b00000| Untracked 
|  64|0x0000000706c00000, 0x0000000706d00000, 0x0000000706d00000|100%| O|  |TAMS 0x0000000706d00000, 0x0000000706c00000| Complete 
|  65|0x0000000706d00000, 0x0000000706e00000, 0x0000000706e00000|100%| O|  |TAMS 0x0000000706e00000, 0x0000000706d00000| Complete 
|  66|0x0000000706e00000, 0x0000000706f00000, 0x0000000706f00000|100%| O|  |TAMS 0x0000000706f00000, 0x0000000706e00000| Untracked 
|  67|0x0000000706f00000, 0x0000000707000000, 0x0000000707000000|100%| O|  |TAMS 0x0000000707000000, 0x0000000706f00000| Untracked 
|  68|0x0000000707000000, 0x0000000707100000, 0x0000000707100000|100%| O|  |TAMS 0x0000000707100000, 0x0000000707000000| Untracked 
|  69|0x0000000707100000, 0x0000000707200000, 0x0000000707200000|100%| O|  |TAMS 0x0000000707200000, 0x0000000707100000| Untracked 
|  70|0x0000000707200000, 0x0000000707300000, 0x0000000707300000|100%| O|  |TAMS 0x0000000707300000, 0x0000000707200000| Untracked 
|  71|0x0000000707300000, 0x0000000707400000, 0x0000000707400000|100%| O|  |TAMS 0x0000000707400000, 0x0000000707300000| Complete 
|  72|0x0000000707400000, 0x0000000707500000, 0x0000000707500000|100%| O|  |TAMS 0x0000000707500000, 0x0000000707400000| Untracked 
|  73|0x0000000707500000, 0x0000000707600000, 0x0000000707600000|100%| O|  |TAMS 0x0000000707600000, 0x0000000707500000| Complete 
|  74|0x0000000707600000, 0x0000000707700000, 0x0000000707700000|100%| O|  |TAMS 0x0000000707700000, 0x0000000707600000| Complete 
|  75|0x0000000707700000, 0x0000000707800000, 0x0000000707800000|100%| O|  |TAMS 0x0000000707800000, 0x0000000707700000| Complete 
|  76|0x0000000707800000, 0x0000000707900000, 0x0000000707900000|100%| O|  |TAMS 0x0000000707900000, 0x0000000707800000| Complete 
|  77|0x0000000707900000, 0x0000000707a00000, 0x0000000707a00000|100%| O|  |TAMS 0x0000000707a00000, 0x0000000707900000| Complete 
|  78|0x0000000707a00000, 0x0000000707b00000, 0x0000000707b00000|100%| O|  |TAMS 0x0000000707b00000, 0x0000000707a00000| Complete 
|  79|0x0000000707b00000, 0x0000000707c00000, 0x0000000707c00000|100%| O|  |TAMS 0x0000000707c00000, 0x0000000707b00000| Complete 
|  80|0x0000000707c00000, 0x0000000707d00000, 0x0000000707d00000|100%| O|  |TAMS 0x0000000707d00000, 0x0000000707c00000| Complete 
|  81|0x0000000707d00000, 0x0000000707e00000, 0x0000000707e00000|100%|HS|  |TAMS 0x0000000707e00000, 0x0000000707d00000| Complete 
|  82|0x0000000707e00000, 0x0000000707f00000, 0x0000000707f00000|100%|HC|  |TAMS 0x0000000707f00000, 0x0000000707e00000| Complete 
|  83|0x0000000707f00000, 0x0000000708000000, 0x0000000708000000|100%|HC|  |TAMS 0x0000000708000000, 0x0000000707f00000| Complete 
|  84|0x0000000708000000, 0x0000000708100000, 0x0000000708100000|100%|HC|  |TAMS 0x0000000708100000, 0x0000000708000000| Complete 
|  85|0x0000000708100000, 0x0000000708200000, 0x0000000708200000|100%|HC|  |TAMS 0x0000000708200000, 0x0000000708100000| Complete 
|  86|0x0000000708200000, 0x0000000708300000, 0x0000000708300000|100%|HC|  |TAMS 0x0000000708300000, 0x0000000708200000| Complete 
|  87|0x0000000708300000, 0x0000000708400000, 0x0000000708400000|100%|HC|  |TAMS 0x0000000708400000, 0x0000000708300000| Complete 
|  88|0x0000000708400000, 0x0000000708500000, 0x0000000708500000|100%|HC|  |TAMS 0x0000000708500000, 0x0000000708400000| Complete 
|  89|0x0000000708500000, 0x0000000708600000, 0x0000000708600000|100%| O|  |TAMS 0x0000000708600000, 0x0000000708500000| Untracked 
|  90|0x0000000708600000, 0x0000000708700000, 0x0000000708700000|100%| O|  |TAMS 0x0000000708700000, 0x0000000708600000| Untracked 
|  91|0x0000000708700000, 0x0000000708800000, 0x0000000708800000|100%| O|  |TAMS 0x0000000708800000, 0x0000000708700000| Untracked 
|  92|0x0000000708800000, 0x0000000708900000, 0x0000000708900000|100%| O|  |TAMS 0x0000000708900000, 0x0000000708800000| Untracked 
|  93|0x0000000708900000, 0x0000000708a00000, 0x0000000708a00000|100%| O|  |TAMS 0x0000000708a00000, 0x0000000708900000| Untracked 
|  94|0x0000000708a00000, 0x0000000708b00000, 0x0000000708b00000|100%| O|  |TAMS 0x0000000708b00000, 0x0000000708a00000| Untracked 
|  95|0x0000000708b00000, 0x0000000708c00000, 0x0000000708c00000|100%| O|  |TAMS 0x0000000708c00000, 0x0000000708b00000| Untracked 
|  96|0x0000000708c00000, 0x0000000708d00000, 0x0000000708d00000|100%| O|  |TAMS 0x0000000708d00000, 0x0000000708c00000| Untracked 
|  97|0x0000000708d00000, 0x0000000708e00000, 0x0000000708e00000|100%| O|  |TAMS 0x0000000708e00000, 0x0000000708d00000| Complete 
|  98|0x0000000708e00000, 0x0000000708f00000, 0x0000000708f00000|100%| O|  |TAMS 0x0000000708f00000, 0x0000000708e00000| Complete 
|  99|0x0000000708f00000, 0x0000000709000000, 0x0000000709000000|100%| O|  |TAMS 0x0000000709000000, 0x0000000708f00000| Complete 
| 100|0x0000000709000000, 0x00000007090e1800, 0x0000000709100000| 88%| O|  |TAMS 0x00000007090e1800, 0x0000000709000000| Untracked 
| 101|0x0000000709100000, 0x0000000709200000, 0x0000000709200000|100%|HS|  |TAMS 0x0000000709100000, 0x0000000709100000| Complete 
| 102|0x0000000709200000, 0x0000000709300000, 0x0000000709300000|100%|HC|  |TAMS 0x0000000709200000, 0x0000000709200000| Complete 
| 103|0x0000000709300000, 0x0000000709400000, 0x0000000709400000|100%|HC|  |TAMS 0x0000000709300000, 0x0000000709300000| Complete 
| 104|0x0000000709400000, 0x0000000709500000, 0x0000000709500000|100%|HC|  |TAMS 0x0000000709400000, 0x0000000709400000| Complete 
| 105|0x0000000709500000, 0x0000000709600000, 0x0000000709600000|100%|HC|  |TAMS 0x0000000709500000, 0x0000000709500000| Complete 
| 106|0x0000000709600000, 0x0000000709700000, 0x0000000709700000|100%|HC|  |TAMS 0x0000000709600000, 0x0000000709600000| Complete 
| 107|0x0000000709700000, 0x0000000709800000, 0x0000000709800000|100%|HC|  |TAMS 0x0000000709700000, 0x0000000709700000| Complete 
| 108|0x0000000709800000, 0x0000000709900000, 0x0000000709900000|100%|HC|  |TAMS 0x0000000709800000, 0x0000000709800000| Complete 
| 109|0x0000000709900000, 0x0000000709a00000, 0x0000000709a00000|100%|HS|  |TAMS 0x0000000709900000, 0x0000000709900000| Complete 
| 110|0x0000000709a00000, 0x0000000709b00000, 0x0000000709b00000|100%|HC|  |TAMS 0x0000000709a00000, 0x0000000709a00000| Complete 
| 111|0x0000000709b00000, 0x0000000709c00000, 0x0000000709c00000|100%|HC|  |TAMS 0x0000000709b00000, 0x0000000709b00000| Complete 
| 112|0x0000000709c00000, 0x0000000709d00000, 0x0000000709d00000|100%|HC|  |TAMS 0x0000000709c00000, 0x0000000709c00000| Complete 
| 113|0x0000000709d00000, 0x0000000709e00000, 0x0000000709e00000|100%|HC|  |TAMS 0x0000000709d00000, 0x0000000709d00000| Complete 
| 114|0x0000000709e00000, 0x0000000709f00000, 0x0000000709f00000|100%|HC|  |TAMS 0x0000000709e00000, 0x0000000709e00000| Complete 
| 115|0x0000000709f00000, 0x000000070a000000, 0x000000070a000000|100%|HC|  |TAMS 0x0000000709f00000, 0x0000000709f00000| Complete 
| 116|0x000000070a000000, 0x000000070a000000, 0x000000070a100000|  0%| F|  |TAMS 0x000000070a000000, 0x000000070a000000| Untracked 
| 117|0x000000070a100000, 0x000000070a100000, 0x000000070a200000|  0%| F|  |TAMS 0x000000070a100000, 0x000000070a100000| Untracked 
| 118|0x000000070a200000, 0x000000070a200000, 0x000000070a300000|  0%| F|  |TAMS 0x000000070a200000, 0x000000070a200000| Untracked 
| 119|0x000000070a300000, 0x000000070a300000, 0x000000070a400000|  0%| F|  |TAMS 0x000000070a300000, 0x000000070a300000| Untracked 
| 120|0x000000070a400000, 0x000000070a400000, 0x000000070a500000|  0%| F|  |TAMS 0x000000070a400000, 0x000000070a400000| Untracked 
| 121|0x000000070a500000, 0x000000070a500000, 0x000000070a600000|  0%| F|  |TAMS 0x000000070a500000, 0x000000070a500000| Untracked 
| 122|0x000000070a600000, 0x000000070a600000, 0x000000070a700000|  0%| F|  |TAMS 0x000000070a600000, 0x000000070a600000| Untracked 
| 123|0x000000070a700000, 0x000000070a700000, 0x000000070a800000|  0%| F|  |TAMS 0x000000070a700000, 0x000000070a700000| Untracked 
| 124|0x000000070a800000, 0x000000070a800000, 0x000000070a900000|  0%| F|  |TAMS 0x000000070a800000, 0x000000070a800000| Untracked 
| 125|0x000000070a900000, 0x000000070a900000, 0x000000070aa00000|  0%| F|  |TAMS 0x000000070a900000, 0x000000070a900000| Untracked 
| 126|0x000000070aa00000, 0x000000070aa00000, 0x000000070ab00000|  0%| F|  |TAMS 0x000000070aa00000, 0x000000070aa00000| Untracked 
| 127|0x000000070ab00000, 0x000000070ab00000, 0x000000070ac00000|  0%| F|  |TAMS 0x000000070ab00000, 0x000000070ab00000| Untracked 
| 128|0x000000070ac00000, 0x000000070ac00000, 0x000000070ad00000|  0%| F|  |TAMS 0x000000070ac00000, 0x000000070ac00000| Untracked 
| 129|0x000000070ad00000, 0x000000070ad00000, 0x000000070ae00000|  0%| F|  |TAMS 0x000000070ad00000, 0x000000070ad00000| Untracked 
| 130|0x000000070ae00000, 0x000000070ae00000, 0x000000070af00000|  0%| F|  |TAMS 0x000000070ae00000, 0x000000070ae00000| Untracked 
| 131|0x000000070af00000, 0x000000070af00000, 0x000000070b000000|  0%| F|  |TAMS 0x000000070af00000, 0x000000070af00000| Untracked 
| 132|0x000000070b000000, 0x000000070b000000, 0x000000070b100000|  0%| F|  |TAMS 0x000000070b000000, 0x000000070b000000| Untracked 
| 133|0x000000070b100000, 0x000000070b100000, 0x000000070b200000|  0%| F|  |TAMS 0x000000070b100000, 0x000000070b100000| Untracked 
| 134|0x000000070b200000, 0x000000070b200000, 0x000000070b300000|  0%| F|  |TAMS 0x000000070b200000, 0x000000070b200000| Untracked 
| 135|0x000000070b300000, 0x000000070b300000, 0x000000070b400000|  0%| F|  |TAMS 0x000000070b300000, 0x000000070b300000| Untracked 
| 136|0x000000070b400000, 0x000000070b400000, 0x000000070b500000|  0%| F|  |TAMS 0x000000070b400000, 0x000000070b400000| Untracked 
| 137|0x000000070b500000, 0x000000070b500000, 0x000000070b600000|  0%| F|  |TAMS 0x000000070b500000, 0x000000070b500000| Untracked 
| 138|0x000000070b600000, 0x000000070b600000, 0x000000070b700000|  0%| F|  |TAMS 0x000000070b600000, 0x000000070b600000| Untracked 
| 139|0x000000070b700000, 0x000000070b700000, 0x000000070b800000|  0%| F|  |TAMS 0x000000070b700000, 0x000000070b700000| Untracked 
| 140|0x000000070b800000, 0x000000070b800000, 0x000000070b900000|  0%| F|  |TAMS 0x000000070b800000, 0x000000070b800000| Untracked 
| 141|0x000000070b900000, 0x000000070b900000, 0x000000070ba00000|  0%| F|  |TAMS 0x000000070b900000, 0x000000070b900000| Untracked 
| 142|0x000000070ba00000, 0x000000070ba00000, 0x000000070bb00000|  0%| F|  |TAMS 0x000000070ba00000, 0x000000070ba00000| Untracked 
| 143|0x000000070bb00000, 0x000000070bb00000, 0x000000070bc00000|  0%| F|  |TAMS 0x000000070bb00000, 0x000000070bb00000| Untracked 
| 144|0x000000070bc00000, 0x000000070bc00000, 0x000000070bd00000|  0%| F|  |TAMS 0x000000070bc00000, 0x000000070bc00000| Untracked 
| 145|0x000000070bd00000, 0x000000070bd00000, 0x000000070be00000|  0%| F|  |TAMS 0x000000070bd00000, 0x000000070bd00000| Untracked 
| 146|0x000000070be00000, 0x000000070be00000, 0x000000070bf00000|  0%| F|  |TAMS 0x000000070be00000, 0x000000070be00000| Untracked 
| 147|0x000000070bf00000, 0x000000070bf00000, 0x000000070c000000|  0%| F|  |TAMS 0x000000070bf00000, 0x000000070bf00000| Untracked 
| 148|0x000000070c000000, 0x000000070c000000, 0x000000070c100000|  0%| F|  |TAMS 0x000000070c000000, 0x000000070c000000| Untracked 
| 149|0x000000070c100000, 0x000000070c100000, 0x000000070c200000|  0%| F|  |TAMS 0x000000070c100000, 0x000000070c100000| Untracked 
| 150|0x000000070c200000, 0x000000070c200000, 0x000000070c300000|  0%| F|  |TAMS 0x000000070c200000, 0x000000070c200000| Untracked 
| 151|0x000000070c300000, 0x000000070c300000, 0x000000070c400000|  0%| F|  |TAMS 0x000000070c300000, 0x000000070c300000| Untracked 
| 152|0x000000070c400000, 0x000000070c400000, 0x000000070c500000|  0%| F|  |TAMS 0x000000070c400000, 0x000000070c400000| Untracked 
| 153|0x000000070c500000, 0x000000070c500000, 0x000000070c600000|  0%| F|  |TAMS 0x000000070c500000, 0x000000070c500000| Untracked 
| 154|0x000000070c600000, 0x000000070c600000, 0x000000070c700000|  0%| F|  |TAMS 0x000000070c600000, 0x000000070c600000| Untracked 
| 155|0x000000070c700000, 0x000000070c700000, 0x000000070c800000|  0%| F|  |TAMS 0x000000070c700000, 0x000000070c700000| Untracked 
| 156|0x000000070c800000, 0x000000070c800000, 0x000000070c900000|  0%| F|  |TAMS 0x000000070c800000, 0x000000070c800000| Untracked 
| 157|0x000000070c900000, 0x000000070c900000, 0x000000070ca00000|  0%| F|  |TAMS 0x000000070c900000, 0x000000070c900000| Untracked 
| 158|0x000000070ca00000, 0x000000070ca00000, 0x000000070cb00000|  0%| F|  |TAMS 0x000000070ca00000, 0x000000070ca00000| Untracked 
| 159|0x000000070cb00000, 0x000000070cb00000, 0x000000070cc00000|  0%| F|  |TAMS 0x000000070cb00000, 0x000000070cb00000| Untracked 
| 160|0x000000070cc00000, 0x000000070cc00000, 0x000000070cd00000|  0%| F|  |TAMS 0x000000070cc00000, 0x000000070cc00000| Untracked 
| 161|0x000000070cd00000, 0x000000070cd00000, 0x000000070ce00000|  0%| F|  |TAMS 0x000000070cd00000, 0x000000070cd00000| Untracked 
| 162|0x000000070ce00000, 0x000000070ce00000, 0x000000070cf00000|  0%| F|  |TAMS 0x000000070ce00000, 0x000000070ce00000| Untracked 
| 163|0x000000070cf00000, 0x000000070cf00000, 0x000000070d000000|  0%| F|  |TAMS 0x000000070cf00000, 0x000000070cf00000| Untracked 
| 164|0x000000070d000000, 0x000000070d000000, 0x000000070d100000|  0%| F|  |TAMS 0x000000070d000000, 0x000000070d000000| Untracked 
| 165|0x000000070d100000, 0x000000070d100000, 0x000000070d200000|  0%| F|  |TAMS 0x000000070d100000, 0x000000070d100000| Untracked 
| 166|0x000000070d200000, 0x000000070d200000, 0x000000070d300000|  0%| F|  |TAMS 0x000000070d200000, 0x000000070d200000| Untracked 
| 167|0x000000070d300000, 0x000000070d300000, 0x000000070d400000|  0%| F|  |TAMS 0x000000070d300000, 0x000000070d300000| Untracked 
| 168|0x000000070d400000, 0x000000070d400000, 0x000000070d500000|  0%| F|  |TAMS 0x000000070d400000, 0x000000070d400000| Untracked 
| 169|0x000000070d500000, 0x000000070d500000, 0x000000070d600000|  0%| F|  |TAMS 0x000000070d500000, 0x000000070d500000| Untracked 
| 170|0x000000070d600000, 0x000000070d600000, 0x000000070d700000|  0%| F|  |TAMS 0x000000070d600000, 0x000000070d600000| Untracked 
| 171|0x000000070d700000, 0x000000070d700000, 0x000000070d800000|  0%| F|  |TAMS 0x000000070d700000, 0x000000070d700000| Untracked 
| 172|0x000000070d800000, 0x000000070d800000, 0x000000070d900000|  0%| F|  |TAMS 0x000000070d800000, 0x000000070d800000| Untracked 
| 173|0x000000070d900000, 0x000000070d900000, 0x000000070da00000|  0%| F|  |TAMS 0x000000070d900000, 0x000000070d900000| Untracked 
| 174|0x000000070da00000, 0x000000070da00000, 0x000000070db00000|  0%| F|  |TAMS 0x000000070da00000, 0x000000070da00000| Untracked 
| 175|0x000000070db00000, 0x000000070db00000, 0x000000070dc00000|  0%| F|  |TAMS 0x000000070db00000, 0x000000070db00000| Untracked 
| 176|0x000000070dc00000, 0x000000070dc00000, 0x000000070dd00000|  0%| F|  |TAMS 0x000000070dc00000, 0x000000070dc00000| Untracked 
| 177|0x000000070dd00000, 0x000000070dd00000, 0x000000070de00000|  0%| F|  |TAMS 0x000000070dd00000, 0x000000070dd00000| Untracked 
| 178|0x000000070de00000, 0x000000070de00000, 0x000000070df00000|  0%| F|  |TAMS 0x000000070de00000, 0x000000070de00000| Untracked 
| 179|0x000000070df00000, 0x000000070df00000, 0x000000070e000000|  0%| F|  |TAMS 0x000000070df00000, 0x000000070df00000| Untracked 
| 180|0x000000070e000000, 0x000000070e000000, 0x000000070e100000|  0%| F|  |TAMS 0x000000070e000000, 0x000000070e000000| Untracked 
| 181|0x000000070e100000, 0x000000070e100000, 0x000000070e200000|  0%| F|  |TAMS 0x000000070e100000, 0x000000070e100000| Untracked 
| 182|0x000000070e200000, 0x000000070e200000, 0x000000070e300000|  0%| F|  |TAMS 0x000000070e200000, 0x000000070e200000| Untracked 
| 183|0x000000070e300000, 0x000000070e3ae060, 0x000000070e400000| 67%| S|CS|TAMS 0x000000070e300000, 0x000000070e300000| Complete 
| 184|0x000000070e400000, 0x000000070e500000, 0x000000070e500000|100%| S|CS|TAMS 0x000000070e400000, 0x000000070e400000| Complete 
| 185|0x000000070e500000, 0x000000070e600000, 0x000000070e600000|100%| S|CS|TAMS 0x000000070e500000, 0x000000070e500000| Complete 
| 186|0x000000070e600000, 0x000000070e700000, 0x000000070e700000|100%| S|CS|TAMS 0x000000070e600000, 0x000000070e600000| Complete 
| 187|0x000000070e700000, 0x000000070e800000, 0x000000070e800000|100%| S|CS|TAMS 0x000000070e700000, 0x000000070e700000| Complete 
| 188|0x000000070e800000, 0x000000070e900000, 0x000000070e900000|100%| S|CS|TAMS 0x000000070e800000, 0x000000070e800000| Complete 
| 189|0x000000070e900000, 0x000000070ea00000, 0x000000070ea00000|100%| S|CS|TAMS 0x000000070e900000, 0x000000070e900000| Complete 
| 190|0x000000070ea00000, 0x000000070eb00000, 0x000000070eb00000|100%| S|CS|TAMS 0x000000070ea00000, 0x000000070ea00000| Complete 
| 191|0x000000070eb00000, 0x000000070eb00000, 0x000000070ec00000|  0%| F|  |TAMS 0x000000070eb00000, 0x000000070eb00000| Untracked 
| 192|0x000000070ec00000, 0x000000070ec00000, 0x000000070ed00000|  0%| F|  |TAMS 0x000000070ec00000, 0x000000070ec00000| Untracked 
| 193|0x000000070ed00000, 0x000000070ed00000, 0x000000070ee00000|  0%| F|  |TAMS 0x000000070ed00000, 0x000000070ed00000| Untracked 
| 194|0x000000070ee00000, 0x000000070ee00000, 0x000000070ef00000|  0%| F|  |TAMS 0x000000070ee00000, 0x000000070ee00000| Untracked 
| 195|0x000000070ef00000, 0x000000070ef00000, 0x000000070f000000|  0%| F|  |TAMS 0x000000070ef00000, 0x000000070ef00000| Untracked 
| 196|0x000000070f000000, 0x000000070f000000, 0x000000070f100000|  0%| F|  |TAMS 0x000000070f000000, 0x000000070f000000| Untracked 
| 197|0x000000070f100000, 0x000000070f100000, 0x000000070f200000|  0%| F|  |TAMS 0x000000070f100000, 0x000000070f100000| Untracked 
| 198|0x000000070f200000, 0x000000070f200000, 0x000000070f300000|  0%| F|  |TAMS 0x000000070f200000, 0x000000070f200000| Untracked 
| 199|0x000000070f300000, 0x000000070f300000, 0x000000070f400000|  0%| F|  |TAMS 0x000000070f300000, 0x000000070f300000| Untracked 
| 200|0x000000070f400000, 0x000000070f400000, 0x000000070f500000|  0%| F|  |TAMS 0x000000070f400000, 0x000000070f400000| Untracked 
| 201|0x000000070f500000, 0x000000070f500000, 0x000000070f600000|  0%| F|  |TAMS 0x000000070f500000, 0x000000070f500000| Untracked 
| 202|0x000000070f600000, 0x000000070f600000, 0x000000070f700000|  0%| F|  |TAMS 0x000000070f600000, 0x000000070f600000| Untracked 
| 203|0x000000070f700000, 0x000000070f700000, 0x000000070f800000|  0%| F|  |TAMS 0x000000070f700000, 0x000000070f700000| Untracked 
| 204|0x000000070f800000, 0x000000070f800000, 0x000000070f900000|  0%| F|  |TAMS 0x000000070f800000, 0x000000070f800000| Untracked 
| 205|0x000000070f900000, 0x000000070f900000, 0x000000070fa00000|  0%| F|  |TAMS 0x000000070f900000, 0x000000070f900000| Untracked 
| 206|0x000000070fa00000, 0x000000070fa00000, 0x000000070fb00000|  0%| F|  |TAMS 0x000000070fa00000, 0x000000070fa00000| Untracked 
| 207|0x000000070fb00000, 0x000000070fb69818, 0x000000070fc00000| 41%| E|  |TAMS 0x000000070fb00000, 0x000000070fb00000| Complete 
| 208|0x000000070fc00000, 0x000000070fd00000, 0x000000070fd00000|100%| E|CS|TAMS 0x000000070fc00000, 0x000000070fc00000| Complete 
| 209|0x000000070fd00000, 0x000000070fe00000, 0x000000070fe00000|100%| E|CS|TAMS 0x000000070fd00000, 0x000000070fd00000| Complete 
| 210|0x000000070fe00000, 0x000000070ff00000, 0x000000070ff00000|100%| E|CS|TAMS 0x000000070fe00000, 0x000000070fe00000| Complete 
| 211|0x000000070ff00000, 0x0000000710000000, 0x0000000710000000|100%| E|CS|TAMS 0x000000070ff00000, 0x000000070ff00000| Complete 
| 212|0x0000000710000000, 0x0000000710100000, 0x0000000710100000|100%| E|CS|TAMS 0x0000000710000000, 0x0000000710000000| Complete 
| 213|0x0000000710100000, 0x0000000710200000, 0x0000000710200000|100%| E|CS|TAMS 0x0000000710100000, 0x0000000710100000| Complete 
| 214|0x0000000710200000, 0x0000000710300000, 0x0000000710300000|100%| E|CS|TAMS 0x0000000710200000, 0x0000000710200000| Complete 
| 215|0x0000000710300000, 0x0000000710400000, 0x0000000710400000|100%| E|CS|TAMS 0x0000000710300000, 0x0000000710300000| Complete 
| 216|0x0000000710400000, 0x0000000710500000, 0x0000000710500000|100%| E|CS|TAMS 0x0000000710400000, 0x0000000710400000| Complete 
| 217|0x0000000710500000, 0x0000000710600000, 0x0000000710600000|100%| E|CS|TAMS 0x0000000710500000, 0x0000000710500000| Complete 
| 218|0x0000000710600000, 0x0000000710700000, 0x0000000710700000|100%| E|CS|TAMS 0x0000000710600000, 0x0000000710600000| Complete 
| 219|0x0000000710700000, 0x0000000710800000, 0x0000000710800000|100%| E|CS|TAMS 0x0000000710700000, 0x0000000710700000| Complete 
| 220|0x0000000710800000, 0x0000000710900000, 0x0000000710900000|100%| E|CS|TAMS 0x0000000710800000, 0x0000000710800000| Complete 
| 221|0x0000000710900000, 0x0000000710a00000, 0x0000000710a00000|100%| E|CS|TAMS 0x0000000710900000, 0x0000000710900000| Complete 
| 222|0x0000000710a00000, 0x0000000710b00000, 0x0000000710b00000|100%| E|CS|TAMS 0x0000000710a00000, 0x0000000710a00000| Complete 
| 223|0x0000000710b00000, 0x0000000710c00000, 0x0000000710c00000|100%| E|CS|TAMS 0x0000000710b00000, 0x0000000710b00000| Complete 
| 224|0x0000000710c00000, 0x0000000710d00000, 0x0000000710d00000|100%| E|CS|TAMS 0x0000000710c00000, 0x0000000710c00000| Complete 
| 225|0x0000000710d00000, 0x0000000710e00000, 0x0000000710e00000|100%| E|CS|TAMS 0x0000000710d00000, 0x0000000710d00000| Complete 
| 226|0x0000000710e00000, 0x0000000710f00000, 0x0000000710f00000|100%| E|CS|TAMS 0x0000000710e00000, 0x0000000710e00000| Complete 
| 227|0x0000000710f00000, 0x0000000711000000, 0x0000000711000000|100%| E|CS|TAMS 0x0000000710f00000, 0x0000000710f00000| Complete 
| 228|0x0000000711000000, 0x0000000711100000, 0x0000000711100000|100%| E|CS|TAMS 0x0000000711000000, 0x0000000711000000| Complete 
| 229|0x0000000711100000, 0x0000000711200000, 0x0000000711200000|100%| E|CS|TAMS 0x0000000711100000, 0x0000000711100000| Complete 
| 230|0x0000000711200000, 0x0000000711300000, 0x0000000711300000|100%| E|CS|TAMS 0x0000000711200000, 0x0000000711200000| Complete 
| 231|0x0000000711300000, 0x0000000711400000, 0x0000000711400000|100%| E|CS|TAMS 0x0000000711300000, 0x0000000711300000| Complete 
| 232|0x0000000711400000, 0x0000000711500000, 0x0000000711500000|100%| E|CS|TAMS 0x0000000711400000, 0x0000000711400000| Complete 
| 233|0x0000000711500000, 0x0000000711600000, 0x0000000711600000|100%| E|CS|TAMS 0x0000000711500000, 0x0000000711500000| Complete 
| 234|0x0000000711600000, 0x0000000711700000, 0x0000000711700000|100%| E|CS|TAMS 0x0000000711600000, 0x0000000711600000| Complete 
| 235|0x0000000711700000, 0x0000000711800000, 0x0000000711800000|100%| E|CS|TAMS 0x0000000711700000, 0x0000000711700000| Complete 
| 236|0x0000000711800000, 0x0000000711900000, 0x0000000711900000|100%| E|CS|TAMS 0x0000000711800000, 0x0000000711800000| Complete 
| 237|0x0000000711900000, 0x0000000711a00000, 0x0000000711a00000|100%| E|CS|TAMS 0x0000000711900000, 0x0000000711900000| Complete 
| 238|0x0000000711a00000, 0x0000000711b00000, 0x0000000711b00000|100%| E|CS|TAMS 0x0000000711a00000, 0x0000000711a00000| Complete 
| 239|0x0000000711b00000, 0x0000000711c00000, 0x0000000711c00000|100%| E|CS|TAMS 0x0000000711b00000, 0x0000000711b00000| Complete 
| 240|0x0000000711c00000, 0x0000000711d00000, 0x0000000711d00000|100%| E|CS|TAMS 0x0000000711c00000, 0x0000000711c00000| Complete 
| 241|0x0000000711d00000, 0x0000000711e00000, 0x0000000711e00000|100%| E|CS|TAMS 0x0000000711d00000, 0x0000000711d00000| Complete 
| 242|0x0000000711e00000, 0x0000000711f00000, 0x0000000711f00000|100%| E|CS|TAMS 0x0000000711e00000, 0x0000000711e00000| Complete 
| 243|0x0000000711f00000, 0x0000000712000000, 0x0000000712000000|100%| E|CS|TAMS 0x0000000711f00000, 0x0000000711f00000| Complete 
| 244|0x0000000712000000, 0x0000000712100000, 0x0000000712100000|100%| E|CS|TAMS 0x0000000712000000, 0x0000000712000000| Complete 
| 245|0x0000000712100000, 0x0000000712200000, 0x0000000712200000|100%| E|CS|TAMS 0x0000000712100000, 0x0000000712100000| Complete 
| 246|0x0000000712200000, 0x0000000712300000, 0x0000000712300000|100%| E|CS|TAMS 0x0000000712200000, 0x0000000712200000| Complete 
| 247|0x0000000712300000, 0x0000000712400000, 0x0000000712400000|100%| E|CS|TAMS 0x0000000712300000, 0x0000000712300000| Complete 
| 248|0x0000000712400000, 0x0000000712500000, 0x0000000712500000|100%| E|CS|TAMS 0x0000000712400000, 0x0000000712400000| Complete 
| 249|0x0000000712500000, 0x0000000712600000, 0x0000000712600000|100%| E|CS|TAMS 0x0000000712500000, 0x0000000712500000| Complete 
| 250|0x0000000712600000, 0x0000000712700000, 0x0000000712700000|100%| E|CS|TAMS 0x0000000712600000, 0x0000000712600000| Complete 
| 251|0x0000000712700000, 0x0000000712800000, 0x0000000712800000|100%| E|  |TAMS 0x0000000712700000, 0x0000000712700000| Complete 
| 252|0x0000000712800000, 0x0000000712900000, 0x0000000712900000|100%| E|CS|TAMS 0x0000000712800000, 0x0000000712800000| Complete 
| 253|0x0000000712900000, 0x0000000712a00000, 0x0000000712a00000|100%| E|CS|TAMS 0x0000000712900000, 0x0000000712900000| Complete 

Card table byte_map: [0x0000029bb5db0000,0x0000029bb65a0000] _byte_map_base: 0x0000029bb259a000

Marking Bits (Prev, Next): (CMBitMap*) 0x0000029b9d820e48, (CMBitMap*) 0x0000029b9d820e80
 Prev Bits: [0x0000029bb6d90000, 0x0000029bbace0000)
 Next Bits: [0x0000029bbace0000, 0x0000029bbec30000)

Polling page: 0x0000029b9d8a0000

Metaspace:

Usage:
  Non-class:     70.19 MB capacity,    68.49 MB ( 98%) used,     1.34 MB (  2%) free+waste,   364.31 KB ( <1%) overhead. 
      Class:      9.94 MB capacity,     8.76 MB ( 88%) used,     1.02 MB ( 10%) free+waste,   173.38 KB (  2%) overhead. 
       Both:     80.13 MB capacity,    77.25 MB ( 96%) used,     2.36 MB (  3%) free+waste,   537.69 KB ( <1%) overhead. 

Virtual space:
  Non-class space:       72.00 MB reserved,      70.40 MB ( 98%) committed 
      Class space:        1.00 GB reserved,      10.00 MB ( <1%) committed 
             Both:        1.07 GB reserved,      80.40 MB (  7%) committed 

Chunk freelists:
   Non-Class:  2.25 KB
       Class:  3.50 KB
        Both:  5.75 KB

CodeHeap 'non-profiled nmethods': size=120000Kb used=7046Kb max_used=7046Kb free=112953Kb
 bounds [0x0000029bad630000, 0x0000029badd20000, 0x0000029bb4b60000]
CodeHeap 'profiled nmethods': size=120000Kb used=25520Kb max_used=25520Kb free=94479Kb
 bounds [0x0000029ba6100000, 0x0000029ba7a00000, 0x0000029bad630000]
CodeHeap 'non-nmethods': size=5760Kb used=1892Kb max_used=1944Kb free=3867Kb
 bounds [0x0000029ba5b60000, 0x0000029ba5dd0000, 0x0000029ba6100000]
 total_blobs=14816 nmethods=9459 adapters=1490
 compilation: enabled
              stopped_count=0, restarted_count=0
 full_count=0

Compilation events (10 events):
Event: 35.219 Thread 0x0000029bc20c5000 10087       4       java.lang.reflect.Constructor::copy (72 bytes)
Event: 35.222 Thread 0x0000029bc20c5000 nmethod 10087 0x0000029badd0fe10 code [0x0000029badd0ffc0, 0x0000029badd10298]
Event: 35.222 Thread 0x0000029bc20c5000 10088       4       java.lang.reflect.Constructor::<init> (50 bytes)
Event: 35.224 Thread 0x0000029bc20c5000 nmethod 10088 0x0000029badd10390 code [0x0000029badd10520, 0x0000029badd10a78]
Event: 35.442 Thread 0x0000029bc20ca000 10089       3       java.util.logging.LogManager$LoggerContext::getGlobalLogger (6 bytes)
Event: 35.442 Thread 0x0000029bc20c5000 10090       4       java.util.Collections$3::hasMoreElements (10 bytes)
Event: 35.442 Thread 0x0000029bc20ca000 nmethod 10089 0x0000029ba79f4490 code [0x0000029ba79f4640, 0x0000029ba79f47b8]
Event: 35.443 Thread 0x0000029bc20c5000 nmethod 10090 0x0000029badd10b10 code [0x0000029badd10ca0, 0x0000029badd10d58]
Event: 35.443 Thread 0x0000029bc20c5000 10091       4       java.util.Collections$3::nextElement (10 bytes)
Event: 35.451 Thread 0x0000029bc20c5000 nmethod 10091 0x0000029badd10e10 code [0x0000029badd10fc0, 0x0000029badd11658]

GC Heap History (10 events):
Event: 6.639 GC heap before
{Heap before GC invocations=6 (full 0):
 garbage-first heap   total 260096K, used 98438K [0x0000000702c00000, 0x0000000800000000)
  region size 1024K, 88 young (90112K), 6 survivors (6144K)
 Metaspace       used 46382K, capacity 47253K, committed 47384K, reserved 1091584K
  class space    used 4811K, capacity 5165K, committed 5248K, reserved 1048576K
}
Event: 6.648 GC heap after
{Heap after GC invocations=7 (full 0):
 garbage-first heap   total 260096K, used 17441K [0x0000000702c00000, 0x0000000800000000)
  region size 1024K, 9 young (9216K), 9 survivors (9216K)
 Metaspace       used 46382K, capacity 47253K, committed 47384K, reserved 1091584K
  class space    used 4811K, capacity 5165K, committed 5248K, reserved 1048576K
}
Event: 8.083 GC heap before
{Heap before GC invocations=8 (full 0):
 garbage-first heap   total 260096K, used 139297K [0x0000000702c00000, 0x0000000800000000)
  region size 1024K, 123 young (125952K), 9 survivors (9216K)
 Metaspace       used 47671K, capacity 48522K, committed 48664K, reserved 1093632K
  class space    used 4917K, capacity 5244K, committed 5248K, reserved 1048576K
}
Event: 8.104 GC heap after
{Heap after GC invocations=9 (full 0):
 garbage-first heap   total 260096K, used 36141K [0x0000000702c00000, 0x0000000800000000)
  region size 1024K, 16 young (16384K), 16 survivors (16384K)
 Metaspace       used 47671K, capacity 48522K, committed 48664K, reserved 1093632K
  class space    used 4917K, capacity 5244K, committed 5248K, reserved 1048576K
}
Event: 18.165 GC heap before
{Heap before GC invocations=9 (full 0):
 garbage-first heap   total 260096K, used 165165K [0x0000000702c00000, 0x0000000800000000)
  region size 1024K, 136 young (139264K), 16 survivors (16384K)
 Metaspace       used 62300K, capacity 63386K, committed 63640K, reserved 1105920K
  class space    used 6727K, capacity 7167K, committed 7168K, reserved 1048576K
}
Event: 18.185 GC heap after
{Heap after GC invocations=10 (full 0):
 garbage-first heap   total 260096K, used 75681K [0x0000000702c00000, 0x0000000800000000)
  region size 1024K, 17 young (17408K), 17 survivors (17408K)
 Metaspace       used 62300K, capacity 63386K, committed 63640K, reserved 1105920K
  class space    used 6727K, capacity 7167K, committed 7168K, reserved 1048576K
}
Event: 20.842 GC heap before
{Heap before GC invocations=10 (full 0):
 garbage-first heap   total 260096K, used 182177K [0x0000000702c00000, 0x0000000800000000)
  region size 1024K, 116 young (118784K), 17 survivors (17408K)
 Metaspace       used 73740K, capacity 76232K, committed 76312K, reserved 1116160K
  class space    used 8511K, capacity 9535K, committed 9600K, reserved 1048576K
}
Event: 20.859 GC heap after
{Heap after GC invocations=11 (full 0):
 garbage-first heap   total 260096K, used 95232K [0x0000000702c00000, 0x0000000800000000)
  region size 1024K, 15 young (15360K), 15 survivors (15360K)
 Metaspace       used 73740K, capacity 76232K, committed 76312K, reserved 1116160K
  class space    used 8511K, capacity 9535K, committed 9600K, reserved 1048576K
}
Event: 22.923 GC heap before
{Heap before GC invocations=11 (full 0):
 garbage-first heap   total 260096K, used 166912K [0x0000000702c00000, 0x0000000800000000)
  region size 1024K, 78 young (79872K), 15 survivors (15360K)
 Metaspace       used 75947K, capacity 78758K, committed 78872K, reserved 1118208K
  class space    used 8838K, capacity 10024K, committed 10112K, reserved 1048576K
}
Event: 22.937 GC heap after
{Heap after GC invocations=12 (full 0):
 garbage-first heap   total 260096K, used 111166K [0x0000000702c00000, 0x0000000800000000)
  region size 1024K, 8 young (8192K), 8 survivors (8192K)
 Metaspace       used 75947K, capacity 78758K, committed 78872K, reserved 1118208K
  class space    used 8838K, capacity 10024K, committed 10112K, reserved 1048576K
}

Deoptimization events (10 events):
Event: 33.014 Thread 0x0000029bc2a27000 Uncommon trap: reason=unstable_if action=reinterpret pc=0x0000029bad8f35fc method=java.util.concurrent.locks.ReentrantLock$Sync.nonfairTryAcquire(I)Z @ 19 c2
Event: 33.495 Thread 0x0000029bc33e5800 Uncommon trap: reason=unstable_if action=reinterpret pc=0x0000029badce2b3c method=java.awt.Container.getMouseEventTargetImpl(IIZLjava/awt/Container$EventTargetFilter;ZZ)Ljava/awt/Component; @ 218 c2
Event: 35.442 Thread 0x0000029bc2a22000 Uncommon trap: reason=class_check action=maybe_recompile pc=0x0000029badbddc94 method=java.util.Collections$3.hasMoreElements()Z @ 4 c2
Event: 35.442 Thread 0x0000029bc2a22000 Uncommon trap: reason=class_check action=maybe_recompile pc=0x0000029badbec414 method=java.util.Collections$3.nextElement()Ljava/lang/Object; @ 4 c2
Event: 35.442 Thread 0x0000029bc2a22000 Uncommon trap: reason=class_check action=maybe_recompile pc=0x0000029badbddc94 method=java.util.Collections$3.hasMoreElements()Z @ 4 c2
Event: 35.442 Thread 0x0000029bc2a22000 Uncommon trap: reason=class_check action=maybe_recompile pc=0x0000029badbec414 method=java.util.Collections$3.nextElement()Ljava/lang/Object; @ 4 c2
Event: 35.442 Thread 0x0000029bc2a22000 Uncommon trap: reason=class_check action=maybe_recompile pc=0x0000029badbddc94 method=java.util.Collections$3.hasMoreElements()Z @ 4 c2
Event: 35.442 Thread 0x0000029bc2a22000 Uncommon trap: reason=class_check action=maybe_recompile pc=0x0000029badbec414 method=java.util.Collections$3.nextElement()Ljava/lang/Object; @ 4 c2
Event: 35.442 Thread 0x0000029bc2a22000 Uncommon trap: reason=class_check action=maybe_recompile pc=0x0000029badbddc94 method=java.util.Collections$3.hasMoreElements()Z @ 4 c2
Event: 35.442 Thread 0x0000029bc2a22000 Uncommon trap: reason=class_check action=maybe_recompile pc=0x0000029badbec414 method=java.util.Collections$3.nextElement()Ljava/lang/Object; @ 4 c2

Classes redefined (0 events):
No events

Internal exceptions (10 events):
Event: 22.988 Thread 0x0000029bc3445800 Exception <a 'sun/nio/fs/WindowsException'{0x0000000712837360}> (0x0000000712837360) thrown at [t:/workspace/open/src/hotspot/share/prims/jni.cpp, line 615]
Event: 22.988 Thread 0x0000029bc3445800 Exception <a 'sun/nio/fs/WindowsException'{0x0000000712837658}> (0x0000000712837658) thrown at [t:/workspace/open/src/hotspot/share/prims/jni.cpp, line 615]
Event: 23.019 Thread 0x0000029bc3445800 Exception <a 'java/lang/NoSuchMethodError'{0x00000007128ff6a8}: java.lang.invoke.DirectMethodHandle$Holder.invokeStaticInit(Ljava/lang/Object;Ljava/lang/Object;IJ)I> (0x00000007128ff6a8) thrown at [t:/workspace/open/src/hotspot/share/interpreter/linkResol
Event: 23.022 Thread 0x0000029bc3445800 Exception <a 'java/lang/NoSuchMethodError'{0x0000000712713728}: java.lang.invoke.DirectMethodHandle$Holder.invokeStaticInit(Ljava/lang/Object;Ljava/lang/Object;JJ)I> (0x0000000712713728) thrown at [t:/workspace/open/src/hotspot/share/interpreter/linkResol
Event: 23.024 Thread 0x0000029bc3445800 Exception <a 'java/lang/NoSuchMethodError'{0x000000071271c938}: java.lang.invoke.DirectMethodHandle$Holder.invokeStaticInit(Ljava/lang/Object;Ljava/lang/Object;Ljava/lang/Object;J)I> (0x000000071271c938) thrown at [t:/workspace/open/src/hotspot/share/inte
Event: 23.157 Thread 0x0000029bc3445800 Exception <a 'java/lang/NoSuchMethodError'{0x0000000712473eb8}: java.lang.invoke.Invokers$Holder.linkToTargetMethod(Ljava/lang/Object;IILjava/lang/Object;)Ljava/lang/Object;> (0x0000000712473eb8) thrown at [t:/workspace/open/src/hotspot/share/interpreter/
Event: 24.425 Thread 0x0000029bc3445800 Exception <a 'java/lang/NullPointerException'{0x00000007122ce968}> (0x00000007122ce968) thrown at [t:/workspace/open/src/hotspot/share/interpreter/linkResolver.cpp, line 1354]
Event: 26.058 Thread 0x0000029bc3445800 Exception <a 'java/lang/NullPointerException'{0x0000000711ab28d8}> (0x0000000711ab28d8) thrown at [t:/workspace/open/src/hotspot/share/interpreter/linkResolver.cpp, line 1354]
Event: 26.191 Thread 0x0000029bc2a27000 Exception <a 'java/lang/NoSuchMethodError'{0x000000071160faf0}: java.lang.invoke.DirectMethodHandle$Holder.invokeStatic(Ljava/lang/Object;Ljava/lang/Object;Ljava/lang/Object;FF)Ljava/lang/Object;> (0x000000071160faf0) thrown at [t:/workspace/open/src/hots
Event: 26.192 Thread 0x0000029bc2a27000 Exception <a 'java/lang/NoSuchMethodError'{0x0000000711612df0}: java.lang.invoke.DirectMethodHandle$Holder.invokeSpecial(Ljava/lang/Object;Ljava/lang/Object;Ljava/lang/Object;Ljava/lang/Object;FF)Ljava/lang/Object;> (0x0000000711612df0) thrown at [t:/work

Events (10 events):
Event: 35.443 Executing VM operation: RevokeBias
Event: 35.443 Executing VM operation: RevokeBias done
Event: 35.444 Executing VM operation: RevokeBias
Event: 35.444 Executing VM operation: RevokeBias done
Event: 35.444 Executing VM operation: RevokeBias
Event: 35.444 Executing VM operation: RevokeBias done
Event: 35.445 Thread 0x0000029bc2a24800 Thread exited: 0x0000029bc2a24800
Event: 35.478 Executing VM operation: RevokeBias
Event: 35.478 Executing VM operation: RevokeBias done
Event: 35.478 Thread 0x0000029bc3362000 Thread exited: 0x0000029bc3362000


Dynamic libraries:
0x00007ff7c8710000 - 0x00007ff7c8755000 	D:\Java\jdk-11.0.2\bin\java.exe
0x00007ffb3ae90000 - 0x00007ffb3b088000 	C:\Windows\SYSTEM32\ntdll.dll
0x00007ffb3a6c0000 - 0x00007ffb3a77d000 	C:\Windows\System32\KERNEL32.DLL
0x00007ffb38ad0000 - 0x00007ffb38d9e000 	C:\Windows\System32\KERNELBASE.dll
0x00007ffb39ac0000 - 0x00007ffb39c60000 	C:\Windows\System32\USER32.dll
0x00007ffb38940000 - 0x00007ffb38962000 	C:\Windows\System32\win32u.dll
0x00007ffb3a470000 - 0x00007ffb3a49a000 	C:\Windows\System32\GDI32.dll
0x00007ffb38780000 - 0x00007ffb3888b000 	C:\Windows\System32\gdi32full.dll
0x00007ffb38620000 - 0x00007ffb386bd000 	C:\Windows\System32\msvcp_win.dll
0x00007ffb38da0000 - 0x00007ffb38ea0000 	C:\Windows\System32\ucrtbase.dll
0x00007ffb1f130000 - 0x00007ffb1f3ca000 	C:\Windows\WinSxS\amd64_microsoft.windows.common-controls_6595b64144ccf1df_6.0.19041.1110_none_60b5254171f9507e\COMCTL32.dll
0x00007ffb39780000 - 0x00007ffb3981e000 	C:\Windows\System32\msvcrt.dll
0x00007ffb3ab50000 - 0x00007ffb3ab80000 	C:\Windows\System32\IMM32.DLL
0x00007ffb29880000 - 0x00007ffb29896000 	D:\Java\jdk-11.0.2\bin\vcruntime140.dll
0x00007ffaf8670000 - 0x00007ffaf871a000 	D:\Java\jdk-11.0.2\bin\msvcp140.dll
0x00007ffabd3e0000 - 0x00007ffabdf03000 	D:\Java\jdk-11.0.2\bin\server\jvm.dll
0x00007ffb3ab80000 - 0x00007ffb3ac2e000 	C:\Windows\System32\ADVAPI32.dll
0x00007ffb3ad40000 - 0x00007ffb3addc000 	C:\Windows\System32\sechost.dll
0x00007ffb3a4a0000 - 0x00007ffb3a5c5000 	C:\Windows\System32\RPCRT4.dll
0x00007ffb3a7e0000 - 0x00007ffb3a7e8000 	C:\Windows\System32\PSAPI.DLL
0x00007ffb35db0000 - 0x00007ffb35db9000 	C:\Windows\SYSTEM32\WSOCK32.dll
0x00007ffb3ade0000 - 0x00007ffb3ae4b000 	C:\Windows\System32\WS2_32.dll
0x00007ffb332b0000 - 0x00007ffb332ba000 	C:\Windows\SYSTEM32\VERSION.dll
0x00007ffb27820000 - 0x00007ffb27847000 	C:\Windows\SYSTEM32\WINMM.dll
0x00007ffb364a0000 - 0x00007ffb364b2000 	C:\Windows\SYSTEM32\kernel.appcore.dll
0x00007ffb297a0000 - 0x00007ffb297b1000 	D:\Java\jdk-11.0.2\bin\verify.dll
0x00007ffb26eb0000 - 0x00007ffb27094000 	C:\Windows\SYSTEM32\DBGHELP.DLL
0x00007ffb21c60000 - 0x00007ffb21c8c000 	C:\Windows\SYSTEM32\dbgcore.DLL
0x00007ffb386f0000 - 0x00007ffb38772000 	C:\Windows\System32\bcryptPrimitives.dll
0x00007ffb23a40000 - 0x00007ffb23a68000 	D:\Java\jdk-11.0.2\bin\java.dll
0x00007ffb2a4c0000 - 0x00007ffb2a4ef000 	D:\Java\jdk-11.0.2\bin\instrument.dll
0x00007ffb28cc0000 - 0x00007ffb28cd6000 	D:\Java\jdk-11.0.2\bin\zip.dll
0x00007ffb2a4b0000 - 0x00007ffb2a4ba000 	D:\Java\jdk-11.0.2\bin\jimage.dll
0x00007ffb38ef0000 - 0x00007ffb39633000 	C:\Windows\System32\SHELL32.dll
0x00007ffb366a0000 - 0x00007ffb36e35000 	C:\Windows\SYSTEM32\windows.storage.dll
0x00007ffb3a7f0000 - 0x00007ffb3ab44000 	C:\Windows\System32\combase.dll
0x00007ffb38010000 - 0x00007ffb38040000 	C:\Windows\SYSTEM32\Wldp.dll
0x00007ffb39880000 - 0x00007ffb3992d000 	C:\Windows\System32\SHCORE.dll
0x00007ffb3a780000 - 0x00007ffb3a7d5000 	C:\Windows\System32\shlwapi.dll
0x00007ffb384f0000 - 0x00007ffb3850f000 	C:\Windows\SYSTEM32\profapi.dll
0x00007ffb28090000 - 0x00007ffb280a9000 	D:\Java\jdk-11.0.2\bin\net.dll
0x00007ffb29c80000 - 0x00007ffb29d8a000 	C:\Windows\SYSTEM32\WINHTTP.dll
0x00007ffb23730000 - 0x00007ffb2391c000 	C:\Windows\SYSTEM32\urlmon.dll
0x00007ffb223e0000 - 0x00007ffb22691000 	C:\Windows\SYSTEM32\iertutil.dll
0x00007ffb228b0000 - 0x00007ffb228d8000 	C:\Windows\SYSTEM32\srvcli.dll
0x00007ffb37a50000 - 0x00007ffb37a5c000 	C:\Windows\SYSTEM32\netutils.dll
0x00007ffb37d70000 - 0x00007ffb37dda000 	C:\Windows\system32\mswsock.dll
0x00007ffb27f90000 - 0x00007ffb27fa3000 	D:\Java\jdk-11.0.2\bin\nio.dll
0x00007ffb2fe60000 - 0x00007ffb2fe7a000 	D:\IntelliJ IDEA Community Edition 2022.1.2\bin\breakgen64.dll
0x00007ffb27fe0000 - 0x00007ffb27fed000 	D:\Java\jdk-11.0.2\bin\sunmscapi.dll
0x00007ffb38970000 - 0x00007ffb38ac6000 	C:\Windows\System32\CRYPT32.dll
0x00007ffb38080000 - 0x00007ffb380a7000 	C:\Windows\SYSTEM32\ncrypt.dll
0x00007ffb38040000 - 0x00007ffb3807b000 	C:\Windows\SYSTEM32\NTASN1.dll
0x00007ffb27ff0000 - 0x00007ffb28017000 	D:\Java\jdk-11.0.2\bin\sunec.dll
0x00007ffb37f60000 - 0x00007ffb37f78000 	C:\Windows\SYSTEM32\CRYPTSP.dll
0x00007ffb37680000 - 0x00007ffb376b4000 	C:\Windows\system32\rsaenh.dll
0x00007ffb386c0000 - 0x00007ffb386e7000 	C:\Windows\System32\bcrypt.dll
0x00007ffb384b0000 - 0x00007ffb384de000 	C:\Windows\SYSTEM32\USERENV.dll
0x00007ffb37f80000 - 0x00007ffb37f8c000 	C:\Windows\SYSTEM32\CRYPTBASE.dll
0x00007ffb37a10000 - 0x00007ffb37a4b000 	C:\Windows\SYSTEM32\IPHLPAPI.DLL
0x00007ffb39660000 - 0x00007ffb39668000 	C:\Windows\System32\NSI.dll
0x00007ffb325e0000 - 0x00007ffb325f7000 	C:\Windows\SYSTEM32\dhcpcsvc6.DLL
0x00007ffb32670000 - 0x00007ffb3268d000 	C:\Windows\SYSTEM32\dhcpcsvc.DLL
0x00007ffb37a60000 - 0x00007ffb37b2a000 	C:\Windows\SYSTEM32\DNSAPI.dll
0x00007ffb1ef90000 - 0x00007ffb1f12e000 	D:\Java\jdk-11.0.2\bin\awt.dll
0x00007ffb3a3a0000 - 0x00007ffb3a46d000 	C:\Windows\System32\OLEAUT32.dll
0x00007ffb343d0000 - 0x00007ffb34990000 	C:\Windows\SYSTEM32\d2d1.dll
0x00007ffb35de0000 - 0x00007ffb35e70000 	C:\Windows\SYSTEM32\apphelp.dll
0x00007ffb35f20000 - 0x00007ffb35fbe000 	C:\Windows\system32\uxtheme.dll
0x00007ffaf6fc0000 - 0x00007ffaf70f8000 	C:\ProgramData\A-Volute\A-Volute.Nahimic\Modules\Scheduled\x64\AudioDevProps2.dll
0x00007ffb39990000 - 0x00007ffb39aba000 	C:\Windows\System32\ole32.dll
0x00007ffb02e30000 - 0x00007ffb02ede000 	C:\ProgramData\A-Volute\A-Volute.Nahimic\Modules\Scheduled\x64\NahimicOSD.dll
0x00007ffb06460000 - 0x00007ffb064c7000 	C:\ProgramData\A-Volute\A-Volute.Nahimic\Modules\Scheduled\x64\ProductInfo.dll
0x00007ffb3a0d0000 - 0x00007ffb3a1e5000 	C:\Windows\System32\MSCTF.dll
0x00007ffb361b0000 - 0x00007ffb361df000 	C:\Windows\system32\DWMAPI.DLL
0x00007ffb11fd0000 - 0x00007ffb120f7000 	C:\Windows\system32\opengl32.dll
0x00007ffb22c90000 - 0x00007ffb22cbc000 	C:\Windows\SYSTEM32\GLU32.dll
0x00007ffb28d80000 - 0x00007ffb28e00000 	D:\Java\jdk-11.0.2\bin\freetype.dll
0x00007ffb28d10000 - 0x00007ffb28d7f000 	D:\Java\jdk-11.0.2\bin\fontmanager.dll
0x00007ffb1d4c0000 - 0x00007ffb1d5b9000 	C:\Windows\SYSTEM32\textinputframework.dll
0x00007ffb35770000 - 0x00007ffb35ace000 	C:\Windows\System32\CoreUIComponents.dll
0x00007ffb35ad0000 - 0x00007ffb35bc2000 	C:\Windows\System32\CoreMessaging.dll
0x00007ffb372b0000 - 0x00007ffb372e3000 	C:\Windows\SYSTEM32\ntmarta.dll
0x00007ffb34f50000 - 0x00007ffb350a4000 	C:\Windows\SYSTEM32\wintypes.dll
0x00007ffb28f40000 - 0x00007ffb28f4a000 	C:\Windows\System32\rasadhlp.dll
0x00007ffb29970000 - 0x00007ffb299f0000 	C:\Windows\System32\fwpuclnt.dll
0x00007ffb310d0000 - 0x00007ffb310d9000 	D:\Java\jdk-11.0.2\bin\management.dll
0x00007ffb2fef0000 - 0x00007ffb2fefc000 	D:\Java\jdk-11.0.2\bin\management_ext.dll
0x00007ffb27cd0000 - 0x00007ffb27d14000 	C:\Users\johnn\AppData\Local\Temp\jna-101303491\jna12274001672105994719.dll
0x00007ffb27910000 - 0x00007ffb279ac000 	C:\Users\johnn\AppData\Local\Temp\jna-101303491\jna2745940540769109811.dll
0x00007ffb2a620000 - 0x00007ffb2a632000 	D:\Java\jdk-11.0.2\bin\jsound.dll
0x00007ffb262d0000 - 0x00007ffb2636c000 	C:\Windows\SYSTEM32\DSOUND.dll
0x00007ffb37b80000 - 0x00007ffb37bcb000 	C:\Windows\SYSTEM32\powrprof.dll
0x00007ffb262a0000 - 0x00007ffb262c6000 	C:\Windows\SYSTEM32\winmmbase.dll
0x00007ffb379f0000 - 0x00007ffb37a02000 	C:\Windows\SYSTEM32\UMPDC.dll
0x00007ffb396d0000 - 0x00007ffb39779000 	C:\Windows\System32\clbcatq.dll
0x00007ffb32cb0000 - 0x00007ffb32d35000 	C:\Windows\System32\MMDevApi.dll
0x00007ffb38360000 - 0x00007ffb3838c000 	C:\Windows\System32\DEVOBJ.dll
0x00007ffb38ea0000 - 0x00007ffb38eee000 	C:\Windows\System32\cfgmgr32.dll
0x00007ffb32d70000 - 0x00007ffb32ef2000 	C:\Windows\SYSTEM32\AudioSes.dll
0x00007ffad2c60000 - 0x00007ffad2ca3000 	C:\ProgramData\A-Volute\A-Volute.Nahimic\Modules\Scheduled\x64\ASM.Plugin.AudioDevProps2.dll
0x00007ffb33e80000 - 0x00007ffb33f76000 	C:\Windows\SYSTEM32\PropSys.dll
0x00007ffb271b0000 - 0x00007ffb271f6000 	C:\Windows\SYSTEM32\wdmaud.drv
0x00007ffb23c10000 - 0x00007ffb23c19000 	C:\Windows\SYSTEM32\ksuser.dll
0x00007ffb32af0000 - 0x00007ffb32afa000 	C:\Windows\SYSTEM32\AVRT.dll
0x00007ffb352b0000 - 0x00007ffb352bd000 	C:\Windows\SYSTEM32\msacm32.drv
0x00007ffb29fa0000 - 0x00007ffb29fbe000 	C:\Windows\SYSTEM32\MSACM32.dll
0x00007ffb34030000 - 0x00007ffb3403b000 	C:\Windows\SYSTEM32\midimap.dll
0x00007ffb360a0000 - 0x00007ffb360b4000 	C:\Windows\SYSTEM32\resourcepolicyclient.dll
0x00007ffb221a0000 - 0x00007ffb222e1000 	C:\Windows\System32\Windows.UI.dll
0x00007ffb324a0000 - 0x00007ffb32541000 	C:\Windows\System32\WindowManagementAPI.dll
0x00007ffb1d5c0000 - 0x00007ffb1d712000 	C:\Windows\System32\InputHost.dll
0x00007ffb322a0000 - 0x00007ffb324a0000 	C:\Windows\SYSTEM32\twinapi.appcore.dll
0x00007ffb27ca0000 - 0x00007ffb27ccd000 	D:\Java\jdk-11.0.2\bin\javajpeg.dll
0x00007ffb04640000 - 0x00007ffb046ec000 	C:\Windows\SYSTEM32\TextShaping.dll
0x00007ffb27220000 - 0x00007ffb2729f000 	D:\Java\jdk-11.0.2\bin\mlib_image.dll
0x00007ffb32790000 - 0x00007ffb3279b000 	C:\Windows\SYSTEM32\WINNSI.DLL
0x00007ffb31760000 - 0x00007ffb31914000 	C:\Windows\SYSTEM32\WindowsCodecs.dll
0x00007ffb12870000 - 0x00007ffb128ae000 	C:\Windows\system32\dataexchange.dll
0x00007ffb350b0000 - 0x00007ffb35294000 	C:\Windows\system32\dcomp.dll
0x00007ffb34160000 - 0x00007ffb343c3000 	C:\Windows\system32\d3d11.dll
0x00007ffb36ea0000 - 0x00007ffb36f93000 	C:\Windows\system32\dxgi.dll
0x00007ffb2a5c0000 - 0x00007ffb2a5c7000 	D:\Java\jdk-11.0.2\bin\jawt.dll
0x00007ffb27c70000 - 0x00007ffb27c97000 	C:\Users\johnn\AppData\Local\Temp\25630372870565353rlawt.dll
0x00007ffb33a40000 - 0x00007ffb33aee000 	C:\Windows\SYSTEM32\mscms.dll
0x00007ffb339b0000 - 0x00007ffb339c1000 	C:\Windows\SYSTEM32\ColorAdapterClient.dll
0x00007ffaadb00000 - 0x00007ffaadb43000 	C:\Windows\SYSTEM32\icm32.dll
0x00007ffb32f00000 - 0x00007ffb32ff7000 	C:\Windows\System32\AppXDeploymentClient.dll

dbghelp: loaded successfully - version: 4.0.5 - missing functions: none
symbol engine: initialized successfully - sym options: 0x614 - pdb path: .;D:\Java\jdk-11.0.2\bin;C:\Windows\SYSTEM32;C:\Windows\WinSxS\amd64_microsoft.windows.common-controls_6595b64144ccf1df_6.0.19041.1110_none_60b5254171f9507e;D:\Java\jdk-11.0.2\bin\server;D:\IntelliJ IDEA Community Edition 2022.1.2\bin;C:\ProgramData\A-Volute\A-Volute.Nahimic\Modules\Scheduled\x64;C:\Users\johnn\AppData\Local\Temp\jna-101303491;C:\Users\johnn\AppData\Local\Temp;C:\Windows\System32\DriverStore\FileRepository\iigd_dch.inf_amd64_a086f01cc7be643a;C:\Users\johnn\AppData\Local\Temp\lwjgl-rl-amd64\3.3.1-build-7

VM Arguments:
jvm_args: -ea -javaagent:D:\IntelliJ IDEA Community Edition 2022.1.2\lib\idea_rt.jar=65235:D:\IntelliJ IDEA Community Edition 2022.1.2\bin -Dfile.encoding=UTF-8 
java_command: net.runelite.client.RuneLite --developer-mode --debug
java_class_path (initial): D:\Java\runelite-base\runelite-client\target\classes;C:\Users\johnn\.m2\repository\org\slf4j\slf4j-api\1.7.25\slf4j-api-1.7.25.jar;C:\Users\johnn\.m2\repository\ch\qos\logback\logback-classic\1.2.9\logback-classic-1.2.9.jar;C:\Users\johnn\.m2\repository\ch\qos\logback\logback-core\1.2.9\logback-core-1.2.9.jar;C:\Users\johnn\.m2\repository\net\sf\jopt-simple\jopt-simple\5.0.1\jopt-simple-5.0.1.jar;C:\Users\johnn\.m2\repository\com\google\guava\guava\23.2-jre\guava-23.2-jre.jar;C:\Users\johnn\.m2\repository\com\google\inject\guice\4.1.0\guice-4.1.0-no_aop.jar;C:\Users\johnn\.m2\repository\javax\inject\javax.inject\1\javax.inject-1.jar;C:\Users\johnn\.m2\repository\aopalliance\aopalliance\1.0\aopalliance-1.0.jar;C:\Users\johnn\.m2\repository\com\google\code\gson\gson\2.8.5\gson-2.8.5.jar;C:\Users\johnn\.m2\repository\net\runelite\pushingpixels\substance\8.0.02\substance-8.0.02.jar;C:\Users\johnn\.m2\repository\net\runelite\pushingpixels\trident\1.5.00\trident-1.5.00.jar;C:\Users\johnn\.m2\repository\org\apache\commons\commons-text\1.2\commons-text-1.2.jar;C:\Users\johnn\.m2\repository\org\apache\commons\commons-lang3\3.7\commons-lang3-3.7.jar;C:\Users\johnn\.m2\repository\net\runelite\archive-patcher\archive-patcher-applier\1.2\archive-patcher-applier-1.2.jar;C:\Users\johnn\.m2\repository\net\java\dev\jna\jna\5.9.0\jna-5.9.0.jar;C:\Users\johnn\.m2\repository\net\java\dev\jna\jna-platform\5.9.0\jna-platform-5.9.0.jar;C:\Users\johnn\.m2\repository\com\google\code\findbugs\jsr305\3.0.2\jsr305-3.0.2.jar;C:\Users\johnn\.m2\repository\com\google\protobuf\protobuf-javalite\3.21.1\protobuf-javalite-3.21.1.jar;C:\Users\johnn\.m2\repository\net\runelite\rlawt\1.3\rlawt-1.3.jar;C:\Users\johnn\.m2\repository\net\runelite\jocl\jocl\1.0\jocl-1.0.jar;C:\Users\johnn\.m2\repository\net\runelite\jocl\jocl\1.0\jocl-1.0-macos-x64.jar;C:\Users\johnn\.m2\repository\net\runelite\jocl\jocl\1.0\jocl-1.0-macos-arm64.jar;C:\Users\johnn\.m2\repository\org\lwjgl\lwjgl\
Launcher Type: SUN_STANDARD

[Global flags]
     intx CICompilerCount                          = 4                                         {product} {ergonomic}
     uint ConcGCThreads                            = 2                                         {product} {ergonomic}
     uint G1ConcRefinementThreads                  = 8                                         {product} {ergonomic}
   size_t G1HeapRegionSize                         = 1048576                                   {product} {ergonomic}
    uintx GCDrainStackTargetSize                   = 64                                        {product} {ergonomic}
   size_t InitialHeapSize                          = 266338304                                 {product} {ergonomic}
   size_t MarkStackSize                            = 4194304                                   {product} {ergonomic}
   size_t MaxHeapSize                              = 4248829952                                {product} {ergonomic}
   size_t MaxNewSize                               = 2549088256                                {product} {ergonomic}
   size_t MinHeapDeltaBytes                        = 1048576                                   {product} {ergonomic}
    uintx NonNMethodCodeHeapSize                   = 5835340                                {pd product} {ergonomic}
    uintx NonProfiledCodeHeapSize                  = 122911450                              {pd product} {ergonomic}
    uintx ProfiledCodeHeapSize                     = 122911450                              {pd product} {ergonomic}
    uintx ReservedCodeCacheSize                    = 251658240                              {pd product} {ergonomic}
     bool SegmentedCodeCache                       = true                                      {product} {ergonomic}
     bool UseCompressedClassPointers               = true                                 {lp64_product} {ergonomic}
     bool UseCompressedOops                        = true                                 {lp64_product} {ergonomic}
     bool UseG1GC                                  = true                                      {product} {ergonomic}
     bool UseLargePagesIndividualAllocation        = false                                  {pd product} {ergonomic}

Logging:
Log output configuration:
 #0: stdout all=warning uptime,level,tags
 #1: stderr all=off uptime,level,tags

Environment Variables:
PATH=C:\Program Files (x86)\Common Files\Oracle\Java\javapath;C:\Windows\system32;C:\Windows;C:\Windows\System32\Wbem;C:\Windows\System32\WindowsPowerShell\v1.0\;C:\Windows\System32\OpenSSH\;C:\Program Files\NVIDIA Corporation\NVIDIA NvDLISR;C:\Program Files (x86)\NVIDIA Corporation\PhysX\Common;C:\Program Files\dotnet\;D:\Bitvise;C:\Program Files\Git\cmd;C:\Users\johnn\AppData\Local\Microsoft\WindowsApps;C:\Users\johnn\.dotnet\tools;C:\Users\johnn\AppData\Local\GitHubDesktop\bin
USERNAME=johnn
OS=Windows_NT
PROCESSOR_IDENTIFIER=Intel64 Family 6 Model 165 Stepping 2, GenuineIntel



---------------  S Y S T E M  ---------------

OS: Windows 10 , 64 bit Build 19041 (10.0.19041.1889)

CPU:total 8 (initial active 8) (4 cores per cpu, 2 threads per core) family 6 model 165 stepping 2, cmov, cx8, fxsr, mmx, sse, sse2, sse3, ssse3, sse4.1, sse4.2, popcnt, avx, avx2, aes, clmul, erms, 3dnowpref, lzcnt, ht, tsc, tscinvbit, bmi1, bmi2, adx, fma

Memory: 4k page, system-wide physical 16205M (5435M free)
TotalPageFile size 65348M (AvailPageFile size 46030M)
current process WorkingSet (physical memory assigned to process): 721M, peak: 755M
current process commit charge ("private bytes"): 584M, peak: 620M

vm_info: OpenJDK 64-Bit Server VM (11.0.2+9) for windows-amd64 JRE (11.0.2+9), built on Jan 18 2019 05:23:22 by "mach5one" with MS VC++ 15.5 (VS2017)

END.
